{
  "uid" : "31cac65f42474670",
  "name" : "test_logout",
  "fullName" : "test_registerAccount.Test_registerAccount#test_logout",
  "historyId" : "ce3c218261ade1c9dee09b2e835951a6",
  "time" : {
    "start" : 1579290443702,
    "stop" : 1579290495335,
    "duration" : 51633
  },
  "status" : "broken",
  "statusMessage" : "selenium.common.exceptions.TimeoutException: Message:",
  "statusTrace" : "self = <scripts.test_registerAccount.Test_registerAccount object at 0x000002046AE631D0>\n\n    def test_logout(self):\n>       self.page.more().click_more()\n\ntest_registerAccount.py:59: \n_ _ _ _ _ _ _ _ _ _ _ _ _ _ _ _ _ _ _ _ _ _ _ _ _ _ _ _ _ _ _ _ _ _ _ _ _ _ _ _\n..\\Pages\\more_page.py:18: in click_more\n    self.click(self.moreBtn)\n..\\base\\base_action.py:38: in click\n    self.find_element(feature).click()\n..\\base\\base_action.py:21: in find_element\n    element = WebDriverWait(self.driver, timeout, poll).until(lambda x: x.find_element(feature_by, feature_value))\n_ _ _ _ _ _ _ _ _ _ _ _ _ _ _ _ _ _ _ _ _ _ _ _ _ _ _ _ _ _ _ _ _ _ _ _ _ _ _ _\n\nself = <selenium.webdriver.support.wait.WebDriverWait (session=\"ad07e541-a43f-4e51-820b-54fda4f7783e\")>\nmethod = <function BaseAction.find_element.<locals>.<lambda> at 0x000002046ADF3EA0>\nmessage = ''\n\n    def until(self, method, message=''):\n        \"\"\"Calls the method provided with the driver as an argument until the \\\n        return value is not False.\"\"\"\n        screen = None\n        stacktrace = None\n    \n        end_time = time.time() + self._timeout\n        while True:\n            try:\n                value = method(self._driver)\n                if value:\n                    return value\n            except self._ignored_exceptions as exc:\n                screen = getattr(exc, 'screen', None)\n                stacktrace = getattr(exc, 'stacktrace', None)\n            time.sleep(self._poll)\n            if time.time() > end_time:\n                break\n>       raise TimeoutException(message, screen, stacktrace)\nE       selenium.common.exceptions.TimeoutException: Message:\n\nd:\\python\\lib\\site-packages\\selenium\\webdriver\\support\\wait.py:80: TimeoutException",
  "flaky" : false,
  "beforeStages" : [ ],
  "afterStages" : [ ],
  "labels" : [ {
    "name" : "suite",
    "value" : "test_registerAccount"
  }, {
    "name" : "subSuite",
    "value" : "Test_registerAccount"
  }, {
    "name" : "host",
    "value" : "PV-X00232293"
  }, {
    "name" : "thread",
    "value" : "12788-MainThread"
  }, {
    "name" : "framework",
    "value" : "pytest"
  }, {
    "name" : "language",
    "value" : "cpython3"
  }, {
    "name" : "package",
    "value" : "test_registerAccount"
  }, {
    "name" : "resultFormat",
    "value" : "allure2"
  } ],
  "parameters" : [ ],
  "links" : [ ],
  "hidden" : true,
  "retry" : true,
  "extra" : {
    "categories" : [ ],
    "tags" : [ ]
  },
  "source" : "31cac65f42474670.json",
  "parameterValues" : [ ]
}