{
  "uid" : "3756b2a9394a40db",
  "name" : "test_checkFollowList",
  "fullName" : "test_043_checkFollowList.Test_CheckFollowList#test_checkFollowList",
  "historyId" : "f262352153b3f2b8fe35179a6ec74f14",
  "time" : {
    "start" : 1587004312147,
    "stop" : 1587004386070,
    "duration" : 73923
  },
  "status" : "broken",
  "statusMessage" : "selenium.common.exceptions.TimeoutException: Message:",
  "statusTrace" : "self = <scripts.test_043_checkFollowList.Test_CheckFollowList object at 0x000001C65098E400>\n\n    @allure.story('')\n    def test_checkFollowList(self):\n        with allure.step('进入更多页面'):\n            self.page.more().click_more()\n            time.sleep(3)\n        with allure.step('获取关注列表的人数'):\n            number1 = self.page.more().get_followCount()\n            temp1 = int(number1)\n            #print(number1)\n        with allure.step('点击进入首页'):\n            time.sleep(2)\n            self.page.shouye().click_shouye()\n        with allure.step('点击一篇日记,进入详情页'):\n            time.sleep(2)\n            self.page.shouye().tapScreen(0.23,0.84)\n        with allure.step('日记进详情页,点击关注'):\n            time.sleep(3)\n>           self.page.daily().click_follow()\n\ntest_043_checkFollowList.py:34: \n_ _ _ _ _ _ _ _ _ _ _ _ _ _ _ _ _ _ _ _ _ _ _ _ _ _ _ _ _ _ _ _ _ _ _ _ _ _ _ _\n..\\Pages\\browse_information\\daily_page.py:10: in click_follow\n    self.click(self.followBtn)\n..\\base\\base_action.py:39: in click\n    self.find_element(feature).click()\n..\\base\\base_action.py:22: in find_element\n    element = WebDriverWait(self.driver, timeout, poll).until(lambda x: x.find_element(feature_by, feature_value))\n_ _ _ _ _ _ _ _ _ _ _ _ _ _ _ _ _ _ _ _ _ _ _ _ _ _ _ _ _ _ _ _ _ _ _ _ _ _ _ _\n\nself = <selenium.webdriver.support.wait.WebDriverWait (session=\"38cc2e81-1c7a-4b01-8b9f-3ba5ed628a47\")>\nmethod = <function BaseAction.find_element.<locals>.<lambda> at 0x000001C65096D598>\nmessage = ''\n\n    def until(self, method, message=''):\n        \"\"\"Calls the method provided with the driver as an argument until the \\\n        return value is not False.\"\"\"\n        screen = None\n        stacktrace = None\n    \n        end_time = time.time() + self._timeout\n        while True:\n            try:\n                value = method(self._driver)\n                if value:\n                    return value\n            except self._ignored_exceptions as exc:\n                screen = getattr(exc, 'screen', None)\n                stacktrace = getattr(exc, 'stacktrace', None)\n            time.sleep(self._poll)\n            if time.time() > end_time:\n                break\n>       raise TimeoutException(message, screen, stacktrace)\nE       selenium.common.exceptions.TimeoutException: Message:\n\nd:\\python\\lib\\site-packages\\selenium\\webdriver\\support\\wait.py:80: TimeoutException",
  "flaky" : true,
  "beforeStages" : [ ],
  "testStage" : {
    "status" : "broken",
    "statusMessage" : "selenium.common.exceptions.TimeoutException: Message:",
    "statusTrace" : "self = <scripts.test_043_checkFollowList.Test_CheckFollowList object at 0x000001C65098E400>\n\n    @allure.story('')\n    def test_checkFollowList(self):\n        with allure.step('进入更多页面'):\n            self.page.more().click_more()\n            time.sleep(3)\n        with allure.step('获取关注列表的人数'):\n            number1 = self.page.more().get_followCount()\n            temp1 = int(number1)\n            #print(number1)\n        with allure.step('点击进入首页'):\n            time.sleep(2)\n            self.page.shouye().click_shouye()\n        with allure.step('点击一篇日记,进入详情页'):\n            time.sleep(2)\n            self.page.shouye().tapScreen(0.23,0.84)\n        with allure.step('日记进详情页,点击关注'):\n            time.sleep(3)\n>           self.page.daily().click_follow()\n\ntest_043_checkFollowList.py:34: \n_ _ _ _ _ _ _ _ _ _ _ _ _ _ _ _ _ _ _ _ _ _ _ _ _ _ _ _ _ _ _ _ _ _ _ _ _ _ _ _\n..\\Pages\\browse_information\\daily_page.py:10: in click_follow\n    self.click(self.followBtn)\n..\\base\\base_action.py:39: in click\n    self.find_element(feature).click()\n..\\base\\base_action.py:22: in find_element\n    element = WebDriverWait(self.driver, timeout, poll).until(lambda x: x.find_element(feature_by, feature_value))\n_ _ _ _ _ _ _ _ _ _ _ _ _ _ _ _ _ _ _ _ _ _ _ _ _ _ _ _ _ _ _ _ _ _ _ _ _ _ _ _\n\nself = <selenium.webdriver.support.wait.WebDriverWait (session=\"38cc2e81-1c7a-4b01-8b9f-3ba5ed628a47\")>\nmethod = <function BaseAction.find_element.<locals>.<lambda> at 0x000001C65096D598>\nmessage = ''\n\n    def until(self, method, message=''):\n        \"\"\"Calls the method provided with the driver as an argument until the \\\n        return value is not False.\"\"\"\n        screen = None\n        stacktrace = None\n    \n        end_time = time.time() + self._timeout\n        while True:\n            try:\n                value = method(self._driver)\n                if value:\n                    return value\n            except self._ignored_exceptions as exc:\n                screen = getattr(exc, 'screen', None)\n                stacktrace = getattr(exc, 'stacktrace', None)\n            time.sleep(self._poll)\n            if time.time() > end_time:\n                break\n>       raise TimeoutException(message, screen, stacktrace)\nE       selenium.common.exceptions.TimeoutException: Message:\n\nd:\\python\\lib\\site-packages\\selenium\\webdriver\\support\\wait.py:80: TimeoutException",
    "steps" : [ {
      "name" : "进入更多页面",
      "time" : {
        "start" : 1587004312148,
        "stop" : 1587004323842,
        "duration" : 11694
      },
      "status" : "passed",
      "steps" : [ ],
      "attachments" : [ ],
      "parameters" : [ ],
      "shouldDisplayMessage" : false,
      "attachmentsCount" : 0,
      "stepsCount" : 0,
      "hasContent" : false
    }, {
      "name" : "获取关注列表的人数",
      "time" : {
        "start" : 1587004323842,
        "stop" : 1587004324440,
        "duration" : 598
      },
      "status" : "passed",
      "steps" : [ ],
      "attachments" : [ ],
      "parameters" : [ ],
      "shouldDisplayMessage" : false,
      "attachmentsCount" : 0,
      "stepsCount" : 0,
      "hasContent" : false
    }, {
      "name" : "点击进入首页",
      "time" : {
        "start" : 1587004324441,
        "stop" : 1587004329665,
        "duration" : 5224
      },
      "status" : "passed",
      "steps" : [ ],
      "attachments" : [ ],
      "parameters" : [ ],
      "shouldDisplayMessage" : false,
      "attachmentsCount" : 0,
      "stepsCount" : 0,
      "hasContent" : false
    }, {
      "name" : "点击一篇日记,进入详情页",
      "time" : {
        "start" : 1587004329666,
        "stop" : 1587004331707,
        "duration" : 2041
      },
      "status" : "passed",
      "steps" : [ ],
      "attachments" : [ ],
      "parameters" : [ ],
      "shouldDisplayMessage" : false,
      "attachmentsCount" : 0,
      "stepsCount" : 0,
      "hasContent" : false
    }, {
      "name" : "日记进详情页,点击关注",
      "time" : {
        "start" : 1587004331707,
        "stop" : 1587004386070,
        "duration" : 54363
      },
      "status" : "broken",
      "statusMessage" : "selenium.common.exceptions.TimeoutException: Message: \n\n",
      "statusTrace" : "  File \"D:\\jenkins\\workspace\\Timing\\scripts\\test_043_checkFollowList.py\", line 34, in test_checkFollowList\n    self.page.daily().click_follow()\n  File \"D:\\jenkins\\workspace\\Timing\\Pages\\browse_information\\daily_page.py\", line 10, in click_follow\n    self.click(self.followBtn)\n  File \"D:\\jenkins\\workspace\\Timing\\base\\base_action.py\", line 39, in click\n    self.find_element(feature).click()\n  File \"D:\\jenkins\\workspace\\Timing\\base\\base_action.py\", line 22, in find_element\n    element = WebDriverWait(self.driver, timeout, poll).until(lambda x: x.find_element(feature_by, feature_value))\n  File \"d:\\python\\lib\\site-packages\\selenium\\webdriver\\support\\wait.py\", line 80, in until\n    raise TimeoutException(message, screen, stacktrace)\n",
      "steps" : [ ],
      "attachments" : [ ],
      "parameters" : [ ],
      "shouldDisplayMessage" : true,
      "attachmentsCount" : 0,
      "stepsCount" : 0,
      "hasContent" : true
    } ],
    "attachments" : [ ],
    "parameters" : [ ],
    "shouldDisplayMessage" : true,
    "attachmentsCount" : 0,
    "stepsCount" : 5,
    "hasContent" : true
  },
  "afterStages" : [ ],
  "labels" : [ {
    "name" : "story"
  }, {
    "name" : "feature",
    "value" : "关注列表检查"
  }, {
    "name" : "suite",
    "value" : "test_043_checkFollowList"
  }, {
    "name" : "subSuite",
    "value" : "Test_CheckFollowList"
  }, {
    "name" : "host",
    "value" : "PV-X00232293"
  }, {
    "name" : "thread",
    "value" : "10940-MainThread"
  }, {
    "name" : "framework",
    "value" : "pytest"
  }, {
    "name" : "language",
    "value" : "cpython3"
  }, {
    "name" : "package",
    "value" : "test_043_checkFollowList"
  }, {
    "name" : "resultFormat",
    "value" : "allure2"
  } ],
  "parameters" : [ ],
  "links" : [ ],
  "hidden" : false,
  "retry" : false,
  "extra" : {
    "severity" : "normal",
    "retries" : [ {
      "uid" : "ef21d81b05e16b7e",
      "status" : "failed",
      "statusDetails" : "AssertionError: assert False == True\n  -False\n  +True",
      "time" : {
        "start" : 1586857285305,
        "stop" : 1586857368167,
        "duration" : 82862
      }
    }, {
      "uid" : "f385cae3e366cbe1",
      "status" : "broken",
      "statusDetails" : "selenium.common.exceptions.TimeoutException: Message:",
      "time" : {
        "start" : 1586853977605,
        "stop" : 1586854043793,
        "duration" : 66188
      }
    } ],
    "categories" : [ {
      "name" : "Test defects",
      "matchedStatuses" : [ ],
      "flaky" : false
    } ],
    "history" : {
      "statistic" : {
        "failed" : 1,
        "broken" : 1,
        "skipped" : 0,
        "passed" : 0,
        "unknown" : 0,
        "total" : 2
      },
      "items" : [ {
        "uid" : "123dd0e6d12f19b0",
        "reportUrl" : "http://192.168.88.58:8080/job/Timing/17/allure/#testresult/123dd0e6d12f19b0",
        "status" : "failed",
        "statusDetails" : "AssertionError: assert False == True\n  -False\n  +True",
        "time" : {
          "start" : 1586508747380,
          "stop" : 1586508784502,
          "duration" : 37122
        }
      } ]
    },
    "tags" : [ ]
  },
  "source" : "3756b2a9394a40db.json",
  "parameterValues" : [ ]
}