{
  "uid" : "4e808eb0cdb0a2b2",
  "name" : "test_studyTimePause",
  "fullName" : "test_041_studyTime.Test_studyTime#test_studyTimePause",
  "historyId" : "77aa206cb20008d5e5c6548c80945d2c",
  "time" : {
    "start" : 1609249542400,
    "stop" : 1609249607503,
    "duration" : 65103
  },
  "status" : "broken",
  "statusMessage" : "selenium.common.exceptions.TimeoutException: Message:",
  "statusTrace" : "self = <scripts.test_041_studyTime.Test_studyTime object at 0x000001E9D1C57CA0>\n\n    def test_studyTimePause(self):\n        with allure.step('计时一分钟暂停继续学习时点击结束'):\n            with allure.step('更多页滑动到最底部'):\n                self.page.more().click_more()\n                time.sleep(3)\n                self.page.more().swipeByMore()\n                time.sleep(3)\n            with allure.step('点击开始学习'):\n                self.page.more().click_normalTiming()\n            with allure.step('暂停学习'):\n                time.sleep(2)\n>               self.page.timing().click_timingPause()\n\ntest_041_studyTime.py:93: \n_ _ _ _ _ _ _ _ _ _ _ _ _ _ _ _ _ _ _ _ _ _ _ _ _ _ _ _ _ _ _ _ _ _ _ _ _ _ _ _\n..\\Pages\\timed_learning\\timing_page.py:93: in click_timingPause\n    self.click(self.timingPause)\n..\\base\\base_action.py:27: in click\n    self.find_element(feature).click()\n..\\base\\base_action.py:22: in find_element\n    element = WebDriverWait(self.driver, timeout, poll).until(lambda x: x.find_element(feature_by, feature_value))\n_ _ _ _ _ _ _ _ _ _ _ _ _ _ _ _ _ _ _ _ _ _ _ _ _ _ _ _ _ _ _ _ _ _ _ _ _ _ _ _\n\nself = <selenium.webdriver.support.wait.WebDriverWait (session=\"4ec17ebb-8b85-4d65-9570-0b080b7dc1b1\")>\nmethod = <function BaseAction.find_element.<locals>.<lambda> at 0x000001E9D0AB5B80>\nmessage = ''\n\n    def until(self, method, message=''):\n        \"\"\"Calls the method provided with the driver as an argument until the \\\n        return value is not False.\"\"\"\n        screen = None\n        stacktrace = None\n    \n        end_time = time.time() + self._timeout\n        while True:\n            try:\n                value = method(self._driver)\n                if value:\n                    return value\n            except self._ignored_exceptions as exc:\n                screen = getattr(exc, 'screen', None)\n                stacktrace = getattr(exc, 'stacktrace', None)\n            time.sleep(self._poll)\n            if time.time() > end_time:\n                break\n>       raise TimeoutException(message, screen, stacktrace)\nE       selenium.common.exceptions.TimeoutException: Message:\n\nc:\\python38\\lib\\site-packages\\selenium\\webdriver\\support\\wait.py:80: TimeoutException",
  "flaky" : false,
  "newFailed" : false,
  "beforeStages" : [ ],
  "testStage" : {
    "status" : "broken",
    "statusMessage" : "selenium.common.exceptions.TimeoutException: Message:",
    "statusTrace" : "self = <scripts.test_041_studyTime.Test_studyTime object at 0x000001E9D1C57CA0>\n\n    def test_studyTimePause(self):\n        with allure.step('计时一分钟暂停继续学习时点击结束'):\n            with allure.step('更多页滑动到最底部'):\n                self.page.more().click_more()\n                time.sleep(3)\n                self.page.more().swipeByMore()\n                time.sleep(3)\n            with allure.step('点击开始学习'):\n                self.page.more().click_normalTiming()\n            with allure.step('暂停学习'):\n                time.sleep(2)\n>               self.page.timing().click_timingPause()\n\ntest_041_studyTime.py:93: \n_ _ _ _ _ _ _ _ _ _ _ _ _ _ _ _ _ _ _ _ _ _ _ _ _ _ _ _ _ _ _ _ _ _ _ _ _ _ _ _\n..\\Pages\\timed_learning\\timing_page.py:93: in click_timingPause\n    self.click(self.timingPause)\n..\\base\\base_action.py:27: in click\n    self.find_element(feature).click()\n..\\base\\base_action.py:22: in find_element\n    element = WebDriverWait(self.driver, timeout, poll).until(lambda x: x.find_element(feature_by, feature_value))\n_ _ _ _ _ _ _ _ _ _ _ _ _ _ _ _ _ _ _ _ _ _ _ _ _ _ _ _ _ _ _ _ _ _ _ _ _ _ _ _\n\nself = <selenium.webdriver.support.wait.WebDriverWait (session=\"4ec17ebb-8b85-4d65-9570-0b080b7dc1b1\")>\nmethod = <function BaseAction.find_element.<locals>.<lambda> at 0x000001E9D0AB5B80>\nmessage = ''\n\n    def until(self, method, message=''):\n        \"\"\"Calls the method provided with the driver as an argument until the \\\n        return value is not False.\"\"\"\n        screen = None\n        stacktrace = None\n    \n        end_time = time.time() + self._timeout\n        while True:\n            try:\n                value = method(self._driver)\n                if value:\n                    return value\n            except self._ignored_exceptions as exc:\n                screen = getattr(exc, 'screen', None)\n                stacktrace = getattr(exc, 'stacktrace', None)\n            time.sleep(self._poll)\n            if time.time() > end_time:\n                break\n>       raise TimeoutException(message, screen, stacktrace)\nE       selenium.common.exceptions.TimeoutException: Message:\n\nc:\\python38\\lib\\site-packages\\selenium\\webdriver\\support\\wait.py:80: TimeoutException",
    "steps" : [ {
      "name" : "计时一分钟暂停继续学习时点击结束",
      "time" : {
        "start" : 1609249542401,
        "stop" : 1609249607503,
        "duration" : 65102
      },
      "status" : "broken",
      "statusMessage" : "selenium.common.exceptions.TimeoutException: Message: \n\n",
      "statusTrace" : "  File \"D:\\Jenkins\\workspace\\Timing\\scripts\\test_041_studyTime.py\", line 93, in test_studyTimePause\n    self.page.timing().click_timingPause()\n  File \"D:\\Jenkins\\workspace\\Timing\\Pages\\timed_learning\\timing_page.py\", line 93, in click_timingPause\n    self.click(self.timingPause)\n  File \"D:\\Jenkins\\workspace\\Timing\\base\\base_action.py\", line 27, in click\n    self.find_element(feature).click()\n  File \"D:\\Jenkins\\workspace\\Timing\\base\\base_action.py\", line 22, in find_element\n    element = WebDriverWait(self.driver, timeout, poll).until(lambda x: x.find_element(feature_by, feature_value))\n  File \"c:\\python38\\lib\\site-packages\\selenium\\webdriver\\support\\wait.py\", line 80, in until\n    raise TimeoutException(message, screen, stacktrace)\n",
      "steps" : [ {
        "name" : "更多页滑动到最底部",
        "time" : {
          "start" : 1609249542401,
          "stop" : 1609249552995,
          "duration" : 10594
        },
        "status" : "passed",
        "steps" : [ ],
        "attachments" : [ ],
        "parameters" : [ ],
        "stepsCount" : 0,
        "hasContent" : false,
        "shouldDisplayMessage" : false,
        "attachmentsCount" : 0
      }, {
        "name" : "点击开始学习",
        "time" : {
          "start" : 1609249552995,
          "stop" : 1609249554093,
          "duration" : 1098
        },
        "status" : "passed",
        "steps" : [ ],
        "attachments" : [ ],
        "parameters" : [ ],
        "stepsCount" : 0,
        "hasContent" : false,
        "shouldDisplayMessage" : false,
        "attachmentsCount" : 0
      }, {
        "name" : "暂停学习",
        "time" : {
          "start" : 1609249554093,
          "stop" : 1609249607503,
          "duration" : 53410
        },
        "status" : "broken",
        "statusMessage" : "selenium.common.exceptions.TimeoutException: Message: \n\n",
        "statusTrace" : "  File \"D:\\Jenkins\\workspace\\Timing\\scripts\\test_041_studyTime.py\", line 93, in test_studyTimePause\n    self.page.timing().click_timingPause()\n  File \"D:\\Jenkins\\workspace\\Timing\\Pages\\timed_learning\\timing_page.py\", line 93, in click_timingPause\n    self.click(self.timingPause)\n  File \"D:\\Jenkins\\workspace\\Timing\\base\\base_action.py\", line 27, in click\n    self.find_element(feature).click()\n  File \"D:\\Jenkins\\workspace\\Timing\\base\\base_action.py\", line 22, in find_element\n    element = WebDriverWait(self.driver, timeout, poll).until(lambda x: x.find_element(feature_by, feature_value))\n  File \"c:\\python38\\lib\\site-packages\\selenium\\webdriver\\support\\wait.py\", line 80, in until\n    raise TimeoutException(message, screen, stacktrace)\n",
        "steps" : [ ],
        "attachments" : [ ],
        "parameters" : [ ],
        "stepsCount" : 0,
        "hasContent" : true,
        "shouldDisplayMessage" : true,
        "attachmentsCount" : 0
      } ],
      "attachments" : [ ],
      "parameters" : [ ],
      "stepsCount" : 3,
      "hasContent" : true,
      "shouldDisplayMessage" : false,
      "attachmentsCount" : 0
    } ],
    "attachments" : [ ],
    "parameters" : [ ],
    "stepsCount" : 4,
    "hasContent" : true,
    "shouldDisplayMessage" : true,
    "attachmentsCount" : 0
  },
  "afterStages" : [ ],
  "labels" : [ {
    "name" : "suite",
    "value" : "test_041_studyTime"
  }, {
    "name" : "subSuite",
    "value" : "Test_studyTime"
  }, {
    "name" : "host",
    "value" : "WINDOWS-49AO44L"
  }, {
    "name" : "thread",
    "value" : "15408-MainThread"
  }, {
    "name" : "framework",
    "value" : "pytest"
  }, {
    "name" : "language",
    "value" : "cpython3"
  }, {
    "name" : "package",
    "value" : "test_041_studyTime"
  }, {
    "name" : "resultFormat",
    "value" : "allure2"
  } ],
  "parameters" : [ ],
  "links" : [ ],
  "hidden" : true,
  "retry" : true,
  "extra" : {
    "categories" : [ ],
    "tags" : [ ]
  },
  "source" : "4e808eb0cdb0a2b2.json",
  "parameterValues" : [ ]
}