{
  "uid" : "5f88d161c3618b2e",
  "name" : "test_logout",
  "fullName" : "test_001_registerAccount.Test_registerAccount#test_logout",
  "historyId" : "afd790239c990a2f0e6479c27d247442",
  "time" : {
    "start" : 1587002697180,
    "stop" : 1587002767750,
    "duration" : 70570
  },
  "status" : "broken",
  "statusMessage" : "selenium.common.exceptions.TimeoutException: Message:",
  "statusTrace" : "self = <scripts.test_001_registerAccount.Test_registerAccount object at 0x000001C64F7D8E80>\n\n    def test_logout(self):\n        with allure.step('点击更多按钮'):\n            self.page.more().click_more()\n        with allure.step('点击设置按钮'):\n>           self.page.more().click_setting()\n\ntest_001_registerAccount.py:105: \n_ _ _ _ _ _ _ _ _ _ _ _ _ _ _ _ _ _ _ _ _ _ _ _ _ _ _ _ _ _ _ _ _ _ _ _ _ _ _ _\n..\\Pages\\personal_information\\more_page.py:40: in click_setting\n    self.click(self.settingBtn)\n..\\base\\base_action.py:39: in click\n    self.find_element(feature).click()\n..\\base\\base_action.py:22: in find_element\n    element = WebDriverWait(self.driver, timeout, poll).until(lambda x: x.find_element(feature_by, feature_value))\n_ _ _ _ _ _ _ _ _ _ _ _ _ _ _ _ _ _ _ _ _ _ _ _ _ _ _ _ _ _ _ _ _ _ _ _ _ _ _ _\n\nself = <selenium.webdriver.support.wait.WebDriverWait (session=\"c21ef520-df79-471f-8d00-5d5924b25882\")>\nmethod = <function BaseAction.find_element.<locals>.<lambda> at 0x000001C6508E6E18>\nmessage = ''\n\n    def until(self, method, message=''):\n        \"\"\"Calls the method provided with the driver as an argument until the \\\n        return value is not False.\"\"\"\n        screen = None\n        stacktrace = None\n    \n        end_time = time.time() + self._timeout\n        while True:\n            try:\n                value = method(self._driver)\n                if value:\n                    return value\n            except self._ignored_exceptions as exc:\n                screen = getattr(exc, 'screen', None)\n                stacktrace = getattr(exc, 'stacktrace', None)\n            time.sleep(self._poll)\n            if time.time() > end_time:\n                break\n>       raise TimeoutException(message, screen, stacktrace)\nE       selenium.common.exceptions.TimeoutException: Message:\n\nd:\\python\\lib\\site-packages\\selenium\\webdriver\\support\\wait.py:80: TimeoutException",
  "flaky" : true,
  "beforeStages" : [ ],
  "testStage" : {
    "status" : "broken",
    "statusMessage" : "selenium.common.exceptions.TimeoutException: Message:",
    "statusTrace" : "self = <scripts.test_001_registerAccount.Test_registerAccount object at 0x000001C64F7D8E80>\n\n    def test_logout(self):\n        with allure.step('点击更多按钮'):\n            self.page.more().click_more()\n        with allure.step('点击设置按钮'):\n>           self.page.more().click_setting()\n\ntest_001_registerAccount.py:105: \n_ _ _ _ _ _ _ _ _ _ _ _ _ _ _ _ _ _ _ _ _ _ _ _ _ _ _ _ _ _ _ _ _ _ _ _ _ _ _ _\n..\\Pages\\personal_information\\more_page.py:40: in click_setting\n    self.click(self.settingBtn)\n..\\base\\base_action.py:39: in click\n    self.find_element(feature).click()\n..\\base\\base_action.py:22: in find_element\n    element = WebDriverWait(self.driver, timeout, poll).until(lambda x: x.find_element(feature_by, feature_value))\n_ _ _ _ _ _ _ _ _ _ _ _ _ _ _ _ _ _ _ _ _ _ _ _ _ _ _ _ _ _ _ _ _ _ _ _ _ _ _ _\n\nself = <selenium.webdriver.support.wait.WebDriverWait (session=\"c21ef520-df79-471f-8d00-5d5924b25882\")>\nmethod = <function BaseAction.find_element.<locals>.<lambda> at 0x000001C6508E6E18>\nmessage = ''\n\n    def until(self, method, message=''):\n        \"\"\"Calls the method provided with the driver as an argument until the \\\n        return value is not False.\"\"\"\n        screen = None\n        stacktrace = None\n    \n        end_time = time.time() + self._timeout\n        while True:\n            try:\n                value = method(self._driver)\n                if value:\n                    return value\n            except self._ignored_exceptions as exc:\n                screen = getattr(exc, 'screen', None)\n                stacktrace = getattr(exc, 'stacktrace', None)\n            time.sleep(self._poll)\n            if time.time() > end_time:\n                break\n>       raise TimeoutException(message, screen, stacktrace)\nE       selenium.common.exceptions.TimeoutException: Message:\n\nd:\\python\\lib\\site-packages\\selenium\\webdriver\\support\\wait.py:80: TimeoutException",
    "steps" : [ {
      "name" : "点击更多按钮",
      "time" : {
        "start" : 1587002697180,
        "stop" : 1587002705397,
        "duration" : 8217
      },
      "status" : "passed",
      "steps" : [ ],
      "attachments" : [ ],
      "parameters" : [ ],
      "shouldDisplayMessage" : false,
      "attachmentsCount" : 0,
      "stepsCount" : 0,
      "hasContent" : false
    }, {
      "name" : "点击设置按钮",
      "time" : {
        "start" : 1587002705397,
        "stop" : 1587002767749,
        "duration" : 62352
      },
      "status" : "broken",
      "statusMessage" : "selenium.common.exceptions.TimeoutException: Message: \n\n",
      "statusTrace" : "  File \"D:\\jenkins\\workspace\\Timing\\scripts\\test_001_registerAccount.py\", line 105, in test_logout\n    self.page.more().click_setting()\n  File \"D:\\jenkins\\workspace\\Timing\\Pages\\personal_information\\more_page.py\", line 40, in click_setting\n    self.click(self.settingBtn)\n  File \"D:\\jenkins\\workspace\\Timing\\base\\base_action.py\", line 39, in click\n    self.find_element(feature).click()\n  File \"D:\\jenkins\\workspace\\Timing\\base\\base_action.py\", line 22, in find_element\n    element = WebDriverWait(self.driver, timeout, poll).until(lambda x: x.find_element(feature_by, feature_value))\n  File \"d:\\python\\lib\\site-packages\\selenium\\webdriver\\support\\wait.py\", line 80, in until\n    raise TimeoutException(message, screen, stacktrace)\n",
      "steps" : [ ],
      "attachments" : [ ],
      "parameters" : [ ],
      "shouldDisplayMessage" : true,
      "attachmentsCount" : 0,
      "stepsCount" : 0,
      "hasContent" : true
    } ],
    "attachments" : [ ],
    "parameters" : [ ],
    "shouldDisplayMessage" : true,
    "attachmentsCount" : 0,
    "stepsCount" : 2,
    "hasContent" : true
  },
  "afterStages" : [ ],
  "labels" : [ {
    "name" : "suite",
    "value" : "test_001_registerAccount"
  }, {
    "name" : "subSuite",
    "value" : "Test_registerAccount"
  }, {
    "name" : "host",
    "value" : "PV-X00232293"
  }, {
    "name" : "thread",
    "value" : "10940-MainThread"
  }, {
    "name" : "framework",
    "value" : "pytest"
  }, {
    "name" : "language",
    "value" : "cpython3"
  }, {
    "name" : "package",
    "value" : "test_001_registerAccount"
  }, {
    "name" : "resultFormat",
    "value" : "allure2"
  } ],
  "parameters" : [ ],
  "links" : [ ],
  "hidden" : false,
  "retry" : false,
  "extra" : {
    "severity" : "normal",
    "retries" : [ {
      "uid" : "b53e11a88dcf62c7",
      "status" : "broken",
      "statusDetails" : "selenium.common.exceptions.TimeoutException: Message:",
      "time" : {
        "start" : 1586855792539,
        "stop" : 1586855843672,
        "duration" : 51133
      }
    }, {
      "uid" : "914912e218cec82b",
      "status" : "passed",
      "time" : {
        "start" : 1586852765840,
        "stop" : 1586852777626,
        "duration" : 11786
      }
    }, {
      "uid" : "387ffd2ee1e07932",
      "status" : "broken",
      "statusDetails" : "selenium.common.exceptions.TimeoutException: Message:",
      "time" : {
        "start" : 1586158116963,
        "stop" : 1586158174259,
        "duration" : 57296
      }
    }, {
      "uid" : "60f535d5bc4498d9",
      "status" : "broken",
      "statusDetails" : "TypeError: click_more() missing 1 required positional argument: 'target'",
      "time" : {
        "start" : 1586146404140,
        "stop" : 1586146404141,
        "duration" : 1
      }
    }, {
      "uid" : "c5ddf99f8dc572fe",
      "status" : "passed",
      "time" : {
        "start" : 1585821842015,
        "stop" : 1585821853491,
        "duration" : 11476
      }
    }, {
      "uid" : "13dfd6514fb53ef4",
      "status" : "passed",
      "time" : {
        "start" : 1585818146951,
        "stop" : 1585818158355,
        "duration" : 11404
      }
    }, {
      "uid" : "b1e557bc8960cee",
      "status" : "passed",
      "time" : {
        "start" : 1585740981785,
        "stop" : 1585740996143,
        "duration" : 14358
      }
    }, {
      "uid" : "66f7bfcf17b80e08",
      "status" : "broken",
      "statusDetails" : "selenium.common.exceptions.SessionNotCreatedException: Message: A new session could not be created. (Original error: com.huiian.timing/.view.activity.StartupActivity never started. Current: com.huiian.timing/com.huiian.login.activity.RegisterActivity)",
      "time" : {
        "start" : 1585723282909,
        "stop" : 1585723282909,
        "duration" : 0
      }
    }, {
      "uid" : "a2b9235ff36db89a",
      "status" : "passed",
      "time" : {
        "start" : 1585722301595,
        "stop" : 1585722312840,
        "duration" : 11245
      }
    } ],
    "categories" : [ {
      "name" : "Test defects",
      "matchedStatuses" : [ ],
      "flaky" : false
    } ],
    "history" : {
      "statistic" : {
        "failed" : 0,
        "broken" : 4,
        "skipped" : 0,
        "passed" : 2,
        "unknown" : 0,
        "total" : 6
      },
      "items" : [ {
        "uid" : "12ca36382fe980c6",
        "reportUrl" : "http://192.168.88.58:8080/job/Timing/17/allure/#testresult/12ca36382fe980c6",
        "status" : "passed",
        "time" : {
          "start" : 1586507193203,
          "stop" : 1586507219178,
          "duration" : 25975
        }
      }, {
        "uid" : "3f15b0745a0c3ed0",
        "reportUrl" : "http://192.168.88.58:8080/job/Timing/16/allure/#testresult/3f15b0745a0c3ed0",
        "status" : "passed",
        "time" : {
          "start" : 1586251064409,
          "stop" : 1586251077487,
          "duration" : 13078
        }
      }, {
        "uid" : "389d962500f925b5",
        "reportUrl" : "http://192.168.88.58:8080/job/Timing/9/allure/#testresult/389d962500f925b5",
        "status" : "broken",
        "statusDetails" : "selenium.common.exceptions.SessionNotCreatedException: Message: A new session could not be created. (Original error: com.huiian.timing/.view.activity.StartupActivity never started. Current: com.huiian.timing/com.huiian.login.activity.RegisterActivity)",
        "time" : {
          "start" : 1585723282909,
          "stop" : 1585723282909,
          "duration" : 0
        }
      }, {
        "uid" : "961225ce903996cf",
        "reportUrl" : "http://192.168.88.58:8080/job/Timing/8/allure/#testresult/961225ce903996cf",
        "status" : "broken",
        "statusDetails" : "selenium.common.exceptions.SessionNotCreatedException: Message: A new session could not be created. (Original error: com.huiian.timing/.view.activity.StartupActivity never started. Current: com.huiian.timing/com.huiian.login.activity.RegisterActivity)",
        "time" : {
          "start" : 1585723282909,
          "stop" : 1585723282909,
          "duration" : 0
        }
      }, {
        "uid" : "1db9054d58b2ea40",
        "reportUrl" : "http://192.168.88.58:8080/job/Timing/7/allure/#testresult/1db9054d58b2ea40",
        "status" : "broken",
        "statusDetails" : "selenium.common.exceptions.SessionNotCreatedException: Message: A new session could not be created. (Original error: com.huiian.timing/.view.activity.StartupActivity never started. Current: com.huiian.timing/com.huiian.login.activity.RegisterActivity)",
        "time" : {
          "start" : 1585723282909,
          "stop" : 1585723282909,
          "duration" : 0
        }
      } ]
    },
    "tags" : [ ]
  },
  "source" : "5f88d161c3618b2e.json",
  "parameterValues" : [ ]
}