{
  "uid" : "a09b8b4c72e10f62",
  "name" : "test_checkFollowList",
  "fullName" : "test_043_checkFollowList.Test_CheckFollowList#test_checkFollowList",
  "historyId" : "f262352153b3f2b8fe35179a6ec74f14",
  "time" : {
    "start" : 1587121518683,
    "stop" : 1587121518683,
    "duration" : 0
  },
  "status" : "broken",
  "statusMessage" : "selenium.common.exceptions.SessionNotCreatedException: Message: A new session could not be created. (Original error: Command failed: C:\\WINDOWS\\system32\\cmd.exe /s /c \"C:\\Android\\android-sdk\\platform-tools\\adb.exe -s 13e2ac86 install \"C:\\Appium\\node_modules\\appium\\build\\settings_apk\\settings_apk-debug.apk\"\"\nadb: failed to install C:\\Appium\\node_modules\\appium\\build\\settings_apk\\settings_apk-debug.apk: Failure [INSTALL_FAILED_ALREADY_EXISTS: Attempt to re-install io.appium.settings without first uninstalling.]\r\n)",
  "statusTrace" : "self = <scripts.test_043_checkFollowList.Test_CheckFollowList object at 0x0000022EB184B780>\n\n    def setup(self):\n>       self.driver = Base().init_driver()\n\ntest_043_checkFollowList.py:9: \n_ _ _ _ _ _ _ _ _ _ _ _ _ _ _ _ _ _ _ _ _ _ _ _ _ _ _ _ _ _ _ _ _ _ _ _ _ _ _ _\n..\\base\\base_driver.py:22: in init_driver\n    driver = webdriver.Remote('http://127.0.0.1:4723/wd/hub', desired_caps)\nd:\\anaconda3\\lib\\site-packages\\appium\\webdriver\\webdriver.py:151: in __init__\n    proxy\nd:\\anaconda3\\lib\\site-packages\\selenium\\webdriver\\remote\\webdriver.py:157: in __init__\n    self.start_session(capabilities, browser_profile)\nd:\\anaconda3\\lib\\site-packages\\appium\\webdriver\\webdriver.py:227: in start_session\n    response = self.execute(RemoteCommand.NEW_SESSION, parameters)\nd:\\anaconda3\\lib\\site-packages\\selenium\\webdriver\\remote\\webdriver.py:321: in execute\n    self.error_handler.check_response(response)\n_ _ _ _ _ _ _ _ _ _ _ _ _ _ _ _ _ _ _ _ _ _ _ _ _ _ _ _ _ _ _ _ _ _ _ _ _ _ _ _\n\nself = <selenium.webdriver.remote.errorhandler.ErrorHandler object at 0x0000022EB184B208>\nresponse = {'status': 500, 'value': '{\"status\":33,\"value\":{\"message\":\"A new session could not be created. (Original error: Comman...AILED_ALREADY_EXISTS: Attempt to re-install io.appium.settings without first uninstalling.]\\\\r\\\\n\"},\"sessionId\":null}'}\n\n    def check_response(self, response):\n        \"\"\"\n        Checks that a JSON response from the WebDriver does not have an error.\n    \n        :Args:\n         - response - The JSON response from the WebDriver server as a dictionary\n           object.\n    \n        :Raises: If the response contains an error message.\n        \"\"\"\n        status = response.get('status', None)\n        if status is None or status == ErrorCode.SUCCESS:\n            return\n        value = None\n        message = response.get(\"message\", \"\")\n        screen = response.get(\"screen\", \"\")\n        stacktrace = None\n        if isinstance(status, int):\n            value_json = response.get('value', None)\n            if value_json and isinstance(value_json, basestring):\n                import json\n                try:\n                    value = json.loads(value_json)\n                    if len(value.keys()) == 1:\n                        value = value['value']\n                    status = value.get('error', None)\n                    if status is None:\n                        status = value[\"status\"]\n                        message = value[\"value\"]\n                        if not isinstance(message, basestring):\n                            value = message\n                            message = message.get('message')\n                    else:\n                        message = value.get('message', None)\n                except ValueError:\n                    pass\n    \n        exception_class = ErrorInResponseException\n        if status in ErrorCode.NO_SUCH_ELEMENT:\n            exception_class = NoSuchElementException\n        elif status in ErrorCode.NO_SUCH_FRAME:\n            exception_class = NoSuchFrameException\n        elif status in ErrorCode.NO_SUCH_WINDOW:\n            exception_class = NoSuchWindowException\n        elif status in ErrorCode.STALE_ELEMENT_REFERENCE:\n            exception_class = StaleElementReferenceException\n        elif status in ErrorCode.ELEMENT_NOT_VISIBLE:\n            exception_class = ElementNotVisibleException\n        elif status in ErrorCode.INVALID_ELEMENT_STATE:\n            exception_class = InvalidElementStateException\n        elif status in ErrorCode.INVALID_SELECTOR \\\n                or status in ErrorCode.INVALID_XPATH_SELECTOR \\\n                or status in ErrorCode.INVALID_XPATH_SELECTOR_RETURN_TYPER:\n            exception_class = InvalidSelectorException\n        elif status in ErrorCode.ELEMENT_IS_NOT_SELECTABLE:\n            exception_class = ElementNotSelectableException\n        elif status in ErrorCode.ELEMENT_NOT_INTERACTABLE:\n            exception_class = ElementNotInteractableException\n        elif status in ErrorCode.INVALID_COOKIE_DOMAIN:\n            exception_class = InvalidCookieDomainException\n        elif status in ErrorCode.UNABLE_TO_SET_COOKIE:\n            exception_class = UnableToSetCookieException\n        elif status in ErrorCode.TIMEOUT:\n            exception_class = TimeoutException\n        elif status in ErrorCode.SCRIPT_TIMEOUT:\n            exception_class = TimeoutException\n        elif status in ErrorCode.UNKNOWN_ERROR:\n            exception_class = WebDriverException\n        elif status in ErrorCode.UNEXPECTED_ALERT_OPEN:\n            exception_class = UnexpectedAlertPresentException\n        elif status in ErrorCode.NO_ALERT_OPEN:\n            exception_class = NoAlertPresentException\n        elif status in ErrorCode.IME_NOT_AVAILABLE:\n            exception_class = ImeNotAvailableException\n        elif status in ErrorCode.IME_ENGINE_ACTIVATION_FAILED:\n            exception_class = ImeActivationFailedException\n        elif status in ErrorCode.MOVE_TARGET_OUT_OF_BOUNDS:\n            exception_class = MoveTargetOutOfBoundsException\n        elif status in ErrorCode.JAVASCRIPT_ERROR:\n            exception_class = JavascriptException\n        elif status in ErrorCode.SESSION_NOT_CREATED:\n            exception_class = SessionNotCreatedException\n        elif status in ErrorCode.INVALID_ARGUMENT:\n            exception_class = InvalidArgumentException\n        elif status in ErrorCode.NO_SUCH_COOKIE:\n            exception_class = NoSuchCookieException\n        elif status in ErrorCode.UNABLE_TO_CAPTURE_SCREEN:\n            exception_class = ScreenshotException\n        elif status in ErrorCode.ELEMENT_CLICK_INTERCEPTED:\n            exception_class = ElementClickInterceptedException\n        elif status in ErrorCode.INSECURE_CERTIFICATE:\n            exception_class = InsecureCertificateException\n        elif status in ErrorCode.INVALID_COORDINATES:\n            exception_class = InvalidCoordinatesException\n        elif status in ErrorCode.INVALID_SESSION_ID:\n            exception_class = InvalidSessionIdException\n        elif status in ErrorCode.UNKNOWN_METHOD:\n            exception_class = UnknownMethodException\n        else:\n            exception_class = WebDriverException\n        if value == '' or value is None:\n            value = response['value']\n        if isinstance(value, basestring):\n            if exception_class == ErrorInResponseException:\n                raise exception_class(response, value)\n            raise exception_class(value)\n        if message == \"\" and 'message' in value:\n            message = value['message']\n    \n        screen = None\n        if 'screen' in value:\n            screen = value['screen']\n    \n        stacktrace = None\n        if 'stackTrace' in value and value['stackTrace']:\n            stacktrace = []\n            try:\n                for frame in value['stackTrace']:\n                    line = self._value_or_default(frame, 'lineNumber', '')\n                    file = self._value_or_default(frame, 'fileName', '<anonymous>')\n                    if line:\n                        file = \"%s:%s\" % (file, line)\n                    meth = self._value_or_default(frame, 'methodName', '<anonymous>')\n                    if 'className' in frame:\n                        meth = \"%s.%s\" % (frame['className'], meth)\n                    msg = \"    at %s (%s)\"\n                    msg = msg % (meth, file)\n                    stacktrace.append(msg)\n            except TypeError:\n                pass\n        if exception_class == ErrorInResponseException:\n            raise exception_class(response, message)\n        elif exception_class == UnexpectedAlertPresentException:\n            alert_text = None\n            if 'data' in value:\n                alert_text = value['data'].get('text')\n            elif 'alert' in value:\n                alert_text = value['alert'].get('text')\n            raise exception_class(message, screen, stacktrace, alert_text)\n>       raise exception_class(message, screen, stacktrace)\nE       selenium.common.exceptions.SessionNotCreatedException: Message: A new session could not be created. (Original error: Command failed: C:\\WINDOWS\\system32\\cmd.exe /s /c \"C:\\Android\\android-sdk\\platform-tools\\adb.exe -s 13e2ac86 install \"C:\\Appium\\node_modules\\appium\\build\\settings_apk\\settings_apk-debug.apk\"\"\nE       adb: failed to install C:\\Appium\\node_modules\\appium\\build\\settings_apk\\settings_apk-debug.apk: Failure [INSTALL_FAILED_ALREADY_EXISTS: Attempt to re-install io.appium.settings without first uninstalling.]\r\nE       )\n\nd:\\anaconda3\\lib\\site-packages\\selenium\\webdriver\\remote\\errorhandler.py:242: SessionNotCreatedException",
  "flaky" : false,
  "newFailed" : false,
  "beforeStages" : [ ],
  "afterStages" : [ ],
  "labels" : [ {
    "name" : "feature",
    "value" : "关注列表检查"
  }, {
    "name" : "story"
  }, {
    "name" : "suite",
    "value" : "test_043_checkFollowList"
  }, {
    "name" : "subSuite",
    "value" : "Test_CheckFollowList"
  }, {
    "name" : "host",
    "value" : "PC-201905121411"
  }, {
    "name" : "thread",
    "value" : "3596-MainThread"
  }, {
    "name" : "framework",
    "value" : "pytest"
  }, {
    "name" : "language",
    "value" : "cpython3"
  }, {
    "name" : "package",
    "value" : "test_043_checkFollowList"
  }, {
    "name" : "resultFormat",
    "value" : "allure2"
  } ],
  "parameters" : [ ],
  "links" : [ ],
  "hidden" : false,
  "retry" : false,
  "extra" : {
    "severity" : "normal",
    "retries" : [ {
      "uid" : "1df39b5ba7e88086",
      "status" : "broken",
      "statusDetails" : "selenium.common.exceptions.SessionNotCreatedException: Message: A new session could not be created. (Original error: Command failed: C:\\WINDOWS\\system32\\cmd.exe /s /c \"C:\\Android\\android-sdk\\platform-tools\\adb.exe -s 13e2ac86 install \"C:\\Appium\\node_modules\\appium\\build\\settings_apk\\settings_apk-debug.apk\"\"\nadb: failed to install C:\\Appium\\node_modules\\appium\\build\\settings_apk\\settings_apk-debug.apk: Failure [INSTALL_FAILED_ALREADY_EXISTS: Attempt to re-install io.appium.settings without first uninstalling.]\r\n)",
      "time" : {
        "start" : 1587120900728,
        "stop" : 1587120900728,
        "duration" : 0
      }
    }, {
      "uid" : "97a0a8135d0386de",
      "status" : "failed",
      "statusDetails" : "AssertionError: assert False == True\n  -False\n  +True",
      "time" : {
        "start" : 1587045069432,
        "stop" : 1587045119772,
        "duration" : 50340
      }
    }, {
      "uid" : "2866742e4768cff0",
      "status" : "broken",
      "statusDetails" : "selenium.common.exceptions.TimeoutException: Message:",
      "time" : {
        "start" : 1587040875187,
        "stop" : 1587040926486,
        "duration" : 51299
      }
    }, {
      "uid" : "211715391f9c89d9",
      "status" : "broken",
      "statusDetails" : "selenium.common.exceptions.TimeoutException: Message:",
      "time" : {
        "start" : 1587038315307,
        "stop" : 1587038366491,
        "duration" : 51184
      }
    }, {
      "uid" : "3b076cd8bac04223",
      "status" : "failed",
      "statusDetails" : "AssertionError: assert False == True\n  -False\n  +True",
      "time" : {
        "start" : 1587031712163,
        "stop" : 1587031800340,
        "duration" : 88177
      }
    }, {
      "uid" : "2bad0da51e824873",
      "status" : "broken",
      "statusDetails" : "selenium.common.exceptions.TimeoutException: Message:",
      "time" : {
        "start" : 1587023460393,
        "stop" : 1587023549068,
        "duration" : 88675
      }
    }, {
      "uid" : "491228b382a24d65",
      "status" : "failed",
      "statusDetails" : "AssertionError: assert False == True\n  -False\n  +True",
      "time" : {
        "start" : 1587019977001,
        "stop" : 1587020037266,
        "duration" : 60265
      }
    }, {
      "uid" : "5513f495a850c018",
      "status" : "failed",
      "statusDetails" : "AssertionError: assert False == True\n  -False\n  +True",
      "time" : {
        "start" : 1587015292091,
        "stop" : 1587015334861,
        "duration" : 42770
      }
    }, {
      "uid" : "d2a2a910a2337174",
      "status" : "failed",
      "statusDetails" : "AssertionError: assert False == True\n  -False\n  +True",
      "time" : {
        "start" : 1587011979888,
        "stop" : 1587012050257,
        "duration" : 70369
      }
    }, {
      "uid" : "bed7b214180a19bd",
      "status" : "failed",
      "statusDetails" : "AssertionError: assert False == True\n  -False\n  +True",
      "time" : {
        "start" : 1587009328687,
        "stop" : 1587009424176,
        "duration" : 95489
      }
    }, {
      "uid" : "fb5589fd7c75769f",
      "status" : "failed",
      "statusDetails" : "AssertionError: assert False == True\n  -False\n  +True",
      "time" : {
        "start" : 1586508747380,
        "stop" : 1586508784502,
        "duration" : 37122
      }
    } ],
    "categories" : [ {
      "name" : "Test defects",
      "matchedStatuses" : [ ],
      "flaky" : false
    } ],
    "history" : {
      "statistic" : {
        "failed" : 10,
        "broken" : 3,
        "skipped" : 0,
        "passed" : 0,
        "unknown" : 0,
        "total" : 13
      },
      "items" : [ {
        "uid" : "27702e301055aae1",
        "reportUrl" : "http://192.168.88.58:8080/job/Timing/30/allure/#testresult/27702e301055aae1",
        "status" : "failed",
        "statusDetails" : "AssertionError: assert False == True\n  -False\n  +True",
        "time" : {
          "start" : 1587031712163,
          "stop" : 1587031800340,
          "duration" : 88177
        }
      }, {
        "uid" : "3091cf028f795dbe",
        "reportUrl" : "http://192.168.88.58:8080/job/Timing/29/allure/#testresult/3091cf028f795dbe",
        "status" : "broken",
        "statusDetails" : "selenium.common.exceptions.TimeoutException: Message:",
        "time" : {
          "start" : 1587023460393,
          "stop" : 1587023549068,
          "duration" : 88675
        }
      }, {
        "uid" : "cd873dd8cde84e37",
        "reportUrl" : "http://192.168.88.58:8080/job/Timing/28/allure/#testresult/cd873dd8cde84e37",
        "status" : "failed",
        "statusDetails" : "AssertionError: assert False == True\n  -False\n  +True",
        "time" : {
          "start" : 1587019977001,
          "stop" : 1587020037266,
          "duration" : 60265
        }
      }, {
        "uid" : "7f1604a369f1a178",
        "reportUrl" : "http://192.168.88.58:8080/job/Timing/27/allure/#testresult/7f1604a369f1a178",
        "status" : "failed",
        "statusDetails" : "AssertionError: assert False == True\n  -False\n  +True",
        "time" : {
          "start" : 1587019977001,
          "stop" : 1587020037266,
          "duration" : 60265
        }
      }, {
        "uid" : "19f1c997cd7f3446",
        "reportUrl" : "http://192.168.88.58:8080/job/Timing/26/allure/#testresult/19f1c997cd7f3446",
        "status" : "failed",
        "statusDetails" : "AssertionError: assert False == True\n  -False\n  +True",
        "time" : {
          "start" : 1587015292091,
          "stop" : 1587015334861,
          "duration" : 42770
        }
      } ]
    },
    "tags" : [ ]
  },
  "source" : "a09b8b4c72e10f62.json",
  "parameterValues" : [ ]
}