{
  "uid" : "a0d860154e20f43a",
  "name" : "test_logout",
  "fullName" : "test_001_registerAccount.Test_registerAccount#test_logout",
  "historyId" : "afd790239c990a2f0e6479c27d247442",
  "time" : {
    "start" : 1586855792539,
    "stop" : 1586855843672,
    "duration" : 51133
  },
  "status" : "broken",
  "statusMessage" : "selenium.common.exceptions.TimeoutException: Message:",
  "statusTrace" : "self = <scripts.test_001_registerAccount.Test_registerAccount object at 0x00000292CB19DA58>\n\n    def test_logout(self):\n        with allure.step('点击更多按钮'):\n>           self.page.more().click_more()\n\ntest_001_registerAccount.py:103: \n_ _ _ _ _ _ _ _ _ _ _ _ _ _ _ _ _ _ _ _ _ _ _ _ _ _ _ _ _ _ _ _ _ _ _ _ _ _ _ _\n..\\Pages\\personal_information\\more_page.py:38: in click_more\n    self.click(self.moreBtn)\n..\\base\\base_action.py:39: in click\n    self.find_element(feature).click()\n..\\base\\base_action.py:22: in find_element\n    element = WebDriverWait(self.driver, timeout, poll).until(lambda x: x.find_element(feature_by, feature_value))\n_ _ _ _ _ _ _ _ _ _ _ _ _ _ _ _ _ _ _ _ _ _ _ _ _ _ _ _ _ _ _ _ _ _ _ _ _ _ _ _\n\nself = <selenium.webdriver.support.wait.WebDriverWait (session=\"ab9d5fc9-a059-4a09-a062-2a7e58cb40a0\")>\nmethod = <function BaseAction.find_element.<locals>.<lambda> at 0x00000292CB1A4B70>\nmessage = ''\n\n    def until(self, method, message=''):\n        \"\"\"Calls the method provided with the driver as an argument until the \\\n        return value is not False.\"\"\"\n        screen = None\n        stacktrace = None\n    \n        end_time = time.time() + self._timeout\n        while True:\n            try:\n                value = method(self._driver)\n                if value:\n                    return value\n            except self._ignored_exceptions as exc:\n                screen = getattr(exc, 'screen', None)\n                stacktrace = getattr(exc, 'stacktrace', None)\n            time.sleep(self._poll)\n            if time.time() > end_time:\n                break\n>       raise TimeoutException(message, screen, stacktrace)\nE       selenium.common.exceptions.TimeoutException: Message:\n\nd:\\python\\lib\\site-packages\\selenium\\webdriver\\support\\wait.py:80: TimeoutException",
  "flaky" : true,
  "beforeStages" : [ ],
  "testStage" : {
    "status" : "broken",
    "statusMessage" : "selenium.common.exceptions.TimeoutException: Message:",
    "statusTrace" : "self = <scripts.test_001_registerAccount.Test_registerAccount object at 0x00000292CB19DA58>\n\n    def test_logout(self):\n        with allure.step('点击更多按钮'):\n>           self.page.more().click_more()\n\ntest_001_registerAccount.py:103: \n_ _ _ _ _ _ _ _ _ _ _ _ _ _ _ _ _ _ _ _ _ _ _ _ _ _ _ _ _ _ _ _ _ _ _ _ _ _ _ _\n..\\Pages\\personal_information\\more_page.py:38: in click_more\n    self.click(self.moreBtn)\n..\\base\\base_action.py:39: in click\n    self.find_element(feature).click()\n..\\base\\base_action.py:22: in find_element\n    element = WebDriverWait(self.driver, timeout, poll).until(lambda x: x.find_element(feature_by, feature_value))\n_ _ _ _ _ _ _ _ _ _ _ _ _ _ _ _ _ _ _ _ _ _ _ _ _ _ _ _ _ _ _ _ _ _ _ _ _ _ _ _\n\nself = <selenium.webdriver.support.wait.WebDriverWait (session=\"ab9d5fc9-a059-4a09-a062-2a7e58cb40a0\")>\nmethod = <function BaseAction.find_element.<locals>.<lambda> at 0x00000292CB1A4B70>\nmessage = ''\n\n    def until(self, method, message=''):\n        \"\"\"Calls the method provided with the driver as an argument until the \\\n        return value is not False.\"\"\"\n        screen = None\n        stacktrace = None\n    \n        end_time = time.time() + self._timeout\n        while True:\n            try:\n                value = method(self._driver)\n                if value:\n                    return value\n            except self._ignored_exceptions as exc:\n                screen = getattr(exc, 'screen', None)\n                stacktrace = getattr(exc, 'stacktrace', None)\n            time.sleep(self._poll)\n            if time.time() > end_time:\n                break\n>       raise TimeoutException(message, screen, stacktrace)\nE       selenium.common.exceptions.TimeoutException: Message:\n\nd:\\python\\lib\\site-packages\\selenium\\webdriver\\support\\wait.py:80: TimeoutException",
    "steps" : [ {
      "name" : "点击更多按钮",
      "time" : {
        "start" : 1586855792539,
        "stop" : 1586855843672,
        "duration" : 51133
      },
      "status" : "broken",
      "statusMessage" : "selenium.common.exceptions.TimeoutException: Message: \n\n",
      "statusTrace" : "  File \"D:\\jenkins\\workspace\\Timing\\scripts\\test_001_registerAccount.py\", line 103, in test_logout\n    self.page.more().click_more()\n  File \"D:\\jenkins\\workspace\\Timing\\Pages\\personal_information\\more_page.py\", line 38, in click_more\n    self.click(self.moreBtn)\n  File \"D:\\jenkins\\workspace\\Timing\\base\\base_action.py\", line 39, in click\n    self.find_element(feature).click()\n  File \"D:\\jenkins\\workspace\\Timing\\base\\base_action.py\", line 22, in find_element\n    element = WebDriverWait(self.driver, timeout, poll).until(lambda x: x.find_element(feature_by, feature_value))\n  File \"d:\\python\\lib\\site-packages\\selenium\\webdriver\\support\\wait.py\", line 80, in until\n    raise TimeoutException(message, screen, stacktrace)\n",
      "steps" : [ ],
      "attachments" : [ ],
      "parameters" : [ ],
      "attachmentsCount" : 0,
      "shouldDisplayMessage" : true,
      "stepsCount" : 0,
      "hasContent" : true
    } ],
    "attachments" : [ ],
    "parameters" : [ ],
    "attachmentsCount" : 0,
    "shouldDisplayMessage" : true,
    "stepsCount" : 1,
    "hasContent" : true
  },
  "afterStages" : [ ],
  "labels" : [ {
    "name" : "suite",
    "value" : "test_001_registerAccount"
  }, {
    "name" : "subSuite",
    "value" : "Test_registerAccount"
  }, {
    "name" : "host",
    "value" : "PV-X00232293"
  }, {
    "name" : "thread",
    "value" : "109132-MainThread"
  }, {
    "name" : "framework",
    "value" : "pytest"
  }, {
    "name" : "language",
    "value" : "cpython3"
  }, {
    "name" : "package",
    "value" : "test_001_registerAccount"
  }, {
    "name" : "resultFormat",
    "value" : "allure2"
  } ],
  "parameters" : [ ],
  "links" : [ ],
  "hidden" : false,
  "retry" : false,
  "extra" : {
    "severity" : "normal",
    "retries" : [ {
      "uid" : "3760743a6d645c5b",
      "status" : "passed",
      "time" : {
        "start" : 1586852765840,
        "stop" : 1586852777626,
        "duration" : 11786
      }
    }, {
      "uid" : "34dd7fb685227949",
      "status" : "broken",
      "statusDetails" : "selenium.common.exceptions.TimeoutException: Message:",
      "time" : {
        "start" : 1586158116963,
        "stop" : 1586158174259,
        "duration" : 57296
      }
    }, {
      "uid" : "7694683781d64e62",
      "status" : "broken",
      "statusDetails" : "TypeError: click_more() missing 1 required positional argument: 'target'",
      "time" : {
        "start" : 1586146404140,
        "stop" : 1586146404141,
        "duration" : 1
      }
    }, {
      "uid" : "ea522cde45526c9",
      "status" : "passed",
      "time" : {
        "start" : 1585821842015,
        "stop" : 1585821853491,
        "duration" : 11476
      }
    }, {
      "uid" : "2d8f0d8a637182ef",
      "status" : "passed",
      "time" : {
        "start" : 1585818146951,
        "stop" : 1585818158355,
        "duration" : 11404
      }
    }, {
      "uid" : "43ea93d23041f5e7",
      "status" : "passed",
      "time" : {
        "start" : 1585740981785,
        "stop" : 1585740996143,
        "duration" : 14358
      }
    }, {
      "uid" : "2c71e5b9ef66a881",
      "status" : "broken",
      "statusDetails" : "selenium.common.exceptions.SessionNotCreatedException: Message: A new session could not be created. (Original error: com.huiian.timing/.view.activity.StartupActivity never started. Current: com.huiian.timing/com.huiian.login.activity.RegisterActivity)",
      "time" : {
        "start" : 1585723282909,
        "stop" : 1585723282909,
        "duration" : 0
      }
    }, {
      "uid" : "d3035e545e108189",
      "status" : "passed",
      "time" : {
        "start" : 1585722301595,
        "stop" : 1585722312840,
        "duration" : 11245
      }
    } ],
    "categories" : [ {
      "name" : "Test defects",
      "matchedStatuses" : [ ],
      "flaky" : false
    } ],
    "history" : {
      "statistic" : {
        "failed" : 0,
        "broken" : 5,
        "skipped" : 0,
        "passed" : 3,
        "unknown" : 0,
        "total" : 8
      },
      "items" : [ {
        "uid" : "4dd07d2f712be8e2",
        "reportUrl" : "http://192.168.88.58:8080/job/Timing/13/allure/#testresult/4dd07d2f712be8e2",
        "status" : "broken",
        "statusDetails" : "TypeError: click_more() missing 1 required positional argument: 'target'",
        "time" : {
          "start" : 1586146404140,
          "stop" : 1586146404141,
          "duration" : 1
        }
      }, {
        "uid" : "136054ab113c22f0",
        "reportUrl" : "http://192.168.88.58:8080/job/Timing/12/allure/#testresult/136054ab113c22f0",
        "status" : "passed",
        "time" : {
          "start" : 1585821842015,
          "stop" : 1585821853491,
          "duration" : 11476
        }
      }, {
        "uid" : "823097a683395f69",
        "reportUrl" : "http://192.168.88.58:8080/job/Timing/11/allure/#testresult/823097a683395f69",
        "status" : "passed",
        "time" : {
          "start" : 1585818146951,
          "stop" : 1585818158355,
          "duration" : 11404
        }
      }, {
        "uid" : "35e4050995b956d3",
        "reportUrl" : "http://192.168.88.58:8080/job/Timing/10/allure/#testresult/35e4050995b956d3",
        "status" : "passed",
        "time" : {
          "start" : 1585740981785,
          "stop" : 1585740996143,
          "duration" : 14358
        }
      }, {
        "uid" : "389d962500f925b5",
        "reportUrl" : "http://192.168.88.58:8080/job/Timing/9/allure/#testresult/389d962500f925b5",
        "status" : "broken",
        "statusDetails" : "selenium.common.exceptions.SessionNotCreatedException: Message: A new session could not be created. (Original error: com.huiian.timing/.view.activity.StartupActivity never started. Current: com.huiian.timing/com.huiian.login.activity.RegisterActivity)",
        "time" : {
          "start" : 1585723282909,
          "stop" : 1585723282909,
          "duration" : 0
        }
      } ]
    },
    "tags" : [ ]
  },
  "source" : "a0d860154e20f43a.json",
  "parameterValues" : [ ]
}