{
  "uid" : "a6087cf7989cd80d",
  "name" : "test_normalTiming_exit",
  "fullName" : "test_051_normalTiming.Test_normalTiming#test_normalTiming_exit",
  "historyId" : "a826b9e38c87572a99bc04e486c29295",
  "time" : {
    "start" : 1587031947490,
    "stop" : 1587032014308,
    "duration" : 66818
  },
  "status" : "broken",
  "statusMessage" : "selenium.common.exceptions.TimeoutException: Message:",
  "statusTrace" : "self = <scripts.test_051_normalTiming.Test_normalTiming object at 0x00000258A317DA90>\n\n>   ???\n\ntest_051_normalTiming.py:58: \n_ _ _ _ _ _ _ _ _ _ _ _ _ _ _ _ _ _ _ _ _ _ _ _ _ _ _ _ _ _ _ _ _ _ _ _ _ _ _ _\n..\\Pages\\timed_learning\\timing_page.py:87: in input_studyContentBox\n    self.input(self.studyContentBox,content)\n..\\base\\base_action.py:31: in input\n    self.find_element(feature).send_keys(content)\n..\\base\\base_action.py:22: in find_element\n    element = WebDriverWait(self.driver, timeout, poll).until(lambda x: x.find_element(feature_by, feature_value))\n_ _ _ _ _ _ _ _ _ _ _ _ _ _ _ _ _ _ _ _ _ _ _ _ _ _ _ _ _ _ _ _ _ _ _ _ _ _ _ _\n\nself = <selenium.webdriver.support.wait.WebDriverWait (session=\"83e935ff-c660-4ef2-a94b-dfddedb4d058\")>\nmethod = <function BaseAction.find_element.<locals>.<lambda> at 0x00000258A20E09D8>\nmessage = ''\n\n    def until(self, method, message=''):\n        \"\"\"Calls the method provided with the driver as an argument until the \\\n        return value is not False.\"\"\"\n        screen = None\n        stacktrace = None\n    \n        end_time = time.time() + self._timeout\n        while True:\n            try:\n                value = method(self._driver)\n                if value:\n                    return value\n            except self._ignored_exceptions as exc:\n                screen = getattr(exc, 'screen', None)\n                stacktrace = getattr(exc, 'stacktrace', None)\n            time.sleep(self._poll)\n            if time.time() > end_time:\n                break\n>       raise TimeoutException(message, screen, stacktrace)\nE       selenium.common.exceptions.TimeoutException: Message:\n\nd:\\python\\lib\\site-packages\\selenium\\webdriver\\support\\wait.py:80: TimeoutException",
  "flaky" : false,
  "newFailed" : false,
  "beforeStages" : [ ],
  "testStage" : {
    "status" : "broken",
    "statusMessage" : "selenium.common.exceptions.TimeoutException: Message:",
    "statusTrace" : "self = <scripts.test_051_normalTiming.Test_normalTiming object at 0x00000258A317DA90>\n\n>   ???\n\ntest_051_normalTiming.py:58: \n_ _ _ _ _ _ _ _ _ _ _ _ _ _ _ _ _ _ _ _ _ _ _ _ _ _ _ _ _ _ _ _ _ _ _ _ _ _ _ _\n..\\Pages\\timed_learning\\timing_page.py:87: in input_studyContentBox\n    self.input(self.studyContentBox,content)\n..\\base\\base_action.py:31: in input\n    self.find_element(feature).send_keys(content)\n..\\base\\base_action.py:22: in find_element\n    element = WebDriverWait(self.driver, timeout, poll).until(lambda x: x.find_element(feature_by, feature_value))\n_ _ _ _ _ _ _ _ _ _ _ _ _ _ _ _ _ _ _ _ _ _ _ _ _ _ _ _ _ _ _ _ _ _ _ _ _ _ _ _\n\nself = <selenium.webdriver.support.wait.WebDriverWait (session=\"83e935ff-c660-4ef2-a94b-dfddedb4d058\")>\nmethod = <function BaseAction.find_element.<locals>.<lambda> at 0x00000258A20E09D8>\nmessage = ''\n\n    def until(self, method, message=''):\n        \"\"\"Calls the method provided with the driver as an argument until the \\\n        return value is not False.\"\"\"\n        screen = None\n        stacktrace = None\n    \n        end_time = time.time() + self._timeout\n        while True:\n            try:\n                value = method(self._driver)\n                if value:\n                    return value\n            except self._ignored_exceptions as exc:\n                screen = getattr(exc, 'screen', None)\n                stacktrace = getattr(exc, 'stacktrace', None)\n            time.sleep(self._poll)\n            if time.time() > end_time:\n                break\n>       raise TimeoutException(message, screen, stacktrace)\nE       selenium.common.exceptions.TimeoutException: Message:\n\nd:\\python\\lib\\site-packages\\selenium\\webdriver\\support\\wait.py:80: TimeoutException",
    "steps" : [ {
      "name" : "进入更多页面",
      "time" : {
        "start" : 1587031947490,
        "stop" : 1587031959114,
        "duration" : 11624
      },
      "status" : "passed",
      "steps" : [ ],
      "attachments" : [ ],
      "parameters" : [ ],
      "stepsCount" : 0,
      "hasContent" : false,
      "shouldDisplayMessage" : false,
      "attachmentsCount" : 0
    }, {
      "name" : "滑动更多页面至底部",
      "time" : {
        "start" : 1587031959114,
        "stop" : 1587031961443,
        "duration" : 2329
      },
      "status" : "passed",
      "steps" : [ ],
      "attachments" : [ ],
      "parameters" : [ ],
      "stepsCount" : 0,
      "hasContent" : false,
      "shouldDisplayMessage" : false,
      "attachmentsCount" : 0
    }, {
      "name" : "点击学习计时按钮，设定内容后开始",
      "time" : {
        "start" : 1587031961443,
        "stop" : 1587032014308,
        "duration" : 52865
      },
      "status" : "broken",
      "statusMessage" : "selenium.common.exceptions.TimeoutException: Message: \n\n",
      "statusTrace" : "  File \"D:\\jenkins\\workspace\\Timing\\scripts\\test_051_normalTiming.py\", line 58, in test_normalTiming_exit\n    #         self.page.timing().input_studyContentBox('This is Timing')\n  File \"D:\\jenkins\\workspace\\Timing\\Pages\\timed_learning\\timing_page.py\", line 87, in input_studyContentBox\n    self.input(self.studyContentBox,content)\n  File \"D:\\jenkins\\workspace\\Timing\\base\\base_action.py\", line 31, in input\n    self.find_element(feature).send_keys(content)\n  File \"D:\\jenkins\\workspace\\Timing\\base\\base_action.py\", line 22, in find_element\n    element = WebDriverWait(self.driver, timeout, poll).until(lambda x: x.find_element(feature_by, feature_value))\n  File \"d:\\python\\lib\\site-packages\\selenium\\webdriver\\support\\wait.py\", line 80, in until\n    raise TimeoutException(message, screen, stacktrace)\n",
      "steps" : [ ],
      "attachments" : [ ],
      "parameters" : [ ],
      "stepsCount" : 0,
      "hasContent" : true,
      "shouldDisplayMessage" : true,
      "attachmentsCount" : 0
    } ],
    "attachments" : [ ],
    "parameters" : [ ],
    "stepsCount" : 3,
    "hasContent" : true,
    "shouldDisplayMessage" : true,
    "attachmentsCount" : 0
  },
  "afterStages" : [ ],
  "labels" : [ {
    "name" : "story",
    "value" : "学习计不足1min操作"
  }, {
    "name" : "feature",
    "value" : "计时功能"
  }, {
    "name" : "suite",
    "value" : "test_051_normalTiming"
  }, {
    "name" : "subSuite",
    "value" : "Test_normalTiming"
  }, {
    "name" : "host",
    "value" : "PV-X00232293"
  }, {
    "name" : "thread",
    "value" : "4616-MainThread"
  }, {
    "name" : "framework",
    "value" : "pytest"
  }, {
    "name" : "language",
    "value" : "cpython3"
  }, {
    "name" : "package",
    "value" : "test_051_normalTiming"
  }, {
    "name" : "resultFormat",
    "value" : "allure2"
  } ],
  "parameters" : [ ],
  "links" : [ ],
  "hidden" : false,
  "retry" : false,
  "extra" : {
    "severity" : "normal",
    "retries" : [ {
      "uid" : "f67948f21c71e9e6",
      "status" : "broken",
      "statusDetails" : "selenium.common.exceptions.SessionNotCreatedException: Message: A new session could not be created. (Original error: com.huiian.timing/.view.activity.StartupActivity never started. Current: com.huiian.timing/.view.activity.LearnResultActivity)",
      "time" : {
        "start" : 1587023647259,
        "stop" : 1587023647259,
        "duration" : 0
      }
    }, {
      "uid" : "8526ed0a0be14258",
      "status" : "broken",
      "statusDetails" : "selenium.common.exceptions.TimeoutException: Message:",
      "time" : {
        "start" : 1587020115511,
        "stop" : 1587020186807,
        "duration" : 71296
      }
    }, {
      "uid" : "dff3240bf5fff7e3",
      "status" : "broken",
      "statusDetails" : "AttributeError: 'More' object has no attribute 'waitAndfind_moreBtn'",
      "time" : {
        "start" : 1587015441243,
        "stop" : 1587015524947,
        "duration" : 83704
      }
    }, {
      "uid" : "1f153cd7809eecbb",
      "status" : "broken",
      "statusDetails" : "AttributeError: 'More' object has no attribute 'waitAndfind_moreBtn'",
      "time" : {
        "start" : 1587012155428,
        "stop" : 1587012198535,
        "duration" : 43107
      }
    }, {
      "uid" : "dc6d81f7a27b6994",
      "status" : "broken",
      "statusDetails" : "AttributeError: 'More' object has no attribute 'waitAndfind_moreBtn'",
      "time" : {
        "start" : 1587009528763,
        "stop" : 1587009571209,
        "duration" : 42446
      }
    }, {
      "uid" : "677974b8c4303c06",
      "status" : "failed",
      "statusDetails" : "AssertionError: assert False == True\n  -False\n  +True",
      "time" : {
        "start" : 1586508889770,
        "stop" : 1586509033676,
        "duration" : 143906
      }
    }, {
      "uid" : "5266bb8a6b6fee63",
      "status" : "broken",
      "statusDetails" : "selenium.common.exceptions.TimeoutException: Message:",
      "time" : {
        "start" : 1586147684241,
        "stop" : 1586147748378,
        "duration" : 64137
      }
    } ],
    "categories" : [ {
      "name" : "Test defects",
      "matchedStatuses" : [ ],
      "flaky" : false
    } ],
    "history" : {
      "statistic" : {
        "failed" : 5,
        "broken" : 9,
        "skipped" : 0,
        "passed" : 0,
        "unknown" : 0,
        "total" : 14
      },
      "items" : [ {
        "uid" : "caac893b95a2a98a",
        "reportUrl" : "http://192.168.88.58:8080/job/Timing/30/allure/#testresult/caac893b95a2a98a",
        "status" : "broken",
        "statusDetails" : "selenium.common.exceptions.TimeoutException: Message:",
        "time" : {
          "start" : 1587031947490,
          "stop" : 1587032014308,
          "duration" : 66818
        }
      }, {
        "uid" : "f8b8b14fca5c05fe",
        "reportUrl" : "http://192.168.88.58:8080/job/Timing/29/allure/#testresult/f8b8b14fca5c05fe",
        "status" : "broken",
        "statusDetails" : "selenium.common.exceptions.SessionNotCreatedException: Message: A new session could not be created. (Original error: com.huiian.timing/.view.activity.StartupActivity never started. Current: com.huiian.timing/.view.activity.LearnResultActivity)",
        "time" : {
          "start" : 1587023647259,
          "stop" : 1587023647259,
          "duration" : 0
        }
      }, {
        "uid" : "c8d88181c5a42f0b",
        "reportUrl" : "http://192.168.88.58:8080/job/Timing/28/allure/#testresult/c8d88181c5a42f0b",
        "status" : "broken",
        "statusDetails" : "selenium.common.exceptions.TimeoutException: Message:",
        "time" : {
          "start" : 1587020115511,
          "stop" : 1587020186807,
          "duration" : 71296
        }
      }, {
        "uid" : "b2a6dfcb88344ff9",
        "reportUrl" : "http://192.168.88.58:8080/job/Timing/27/allure/#testresult/b2a6dfcb88344ff9",
        "status" : "broken",
        "statusDetails" : "selenium.common.exceptions.TimeoutException: Message:",
        "time" : {
          "start" : 1587020115511,
          "stop" : 1587020186807,
          "duration" : 71296
        }
      }, {
        "uid" : "e653acbeac777d3",
        "reportUrl" : "http://192.168.88.58:8080/job/Timing/26/allure/#testresult/e653acbeac777d3",
        "status" : "broken",
        "statusDetails" : "AttributeError: 'More' object has no attribute 'waitAndfind_moreBtn'",
        "time" : {
          "start" : 1587015441243,
          "stop" : 1587015524947,
          "duration" : 83704
        }
      } ]
    },
    "tags" : [ ]
  },
  "source" : "a6087cf7989cd80d.json",
  "parameterValues" : [ ]
}