{
  "uid" : "c1dabf0fb55df2ea",
  "name" : "test_genderInfo",
  "fullName" : "test_041_changePersonalInformation.Test_changePersonalInformation#test_genderInfo",
  "historyId" : "1e8bc1892d8780b08f963d533673da8b",
  "time" : {
    "start" : 1587031602384,
    "stop" : 1587031670122,
    "duration" : 67738
  },
  "status" : "broken",
  "statusMessage" : "selenium.common.exceptions.TimeoutException: Message:",
  "statusTrace" : "self = <scripts.test_041_changePersonalInformation.Test_changePersonalInformation object at 0x00000258A317CD68>\n\n    @allure.story('修改性别信息')\n    def test_genderInfo(self):\n        with allure.step('进入更多页面'):\n            self.page.more().click_more()\n            time.sleep(3)\n        with allure.step('进入个人主页'):\n            self.page.more().click_person()\n        with allure.step('进入修改资料页'):\n            self.page.person_home().click_personInfo()\n        with allure.step('修改性别栏'):\n            self.page.edit_personal_info().click_gender()\n        with allure.step('滑动选择性别'):\n            self.page.edit_personal_info().swipeByGender()\n        with allure.step('提交修改后的性别选择'):\n>           self.page.edit_personal_info().click_genderSubmit()\n\ntest_041_changePersonalInformation.py:53: \n_ _ _ _ _ _ _ _ _ _ _ _ _ _ _ _ _ _ _ _ _ _ _ _ _ _ _ _ _ _ _ _ _ _ _ _ _ _ _ _\n..\\Pages\\personal_information\\editPersonInfo_page.py:34: in click_genderSubmit\n    self.click(self.genderSubmit)\n..\\base\\base_action.py:27: in click\n    self.find_element(feature).click()\n..\\base\\base_action.py:22: in find_element\n    element = WebDriverWait(self.driver, timeout, poll).until(lambda x: x.find_element(feature_by, feature_value))\n_ _ _ _ _ _ _ _ _ _ _ _ _ _ _ _ _ _ _ _ _ _ _ _ _ _ _ _ _ _ _ _ _ _ _ _ _ _ _ _\n\nself = <selenium.webdriver.support.wait.WebDriverWait (session=\"d1a58b32-34e0-4635-bfae-a59b82b5af48\")>\nmethod = <function BaseAction.find_element.<locals>.<lambda> at 0x00000258A20E9E18>\nmessage = ''\n\n    def until(self, method, message=''):\n        \"\"\"Calls the method provided with the driver as an argument until the \\\n        return value is not False.\"\"\"\n        screen = None\n        stacktrace = None\n    \n        end_time = time.time() + self._timeout\n        while True:\n            try:\n                value = method(self._driver)\n                if value:\n                    return value\n            except self._ignored_exceptions as exc:\n                screen = getattr(exc, 'screen', None)\n                stacktrace = getattr(exc, 'stacktrace', None)\n            time.sleep(self._poll)\n            if time.time() > end_time:\n                break\n>       raise TimeoutException(message, screen, stacktrace)\nE       selenium.common.exceptions.TimeoutException: Message:\n\nd:\\python\\lib\\site-packages\\selenium\\webdriver\\support\\wait.py:80: TimeoutException",
  "flaky" : false,
  "newFailed" : false,
  "beforeStages" : [ ],
  "testStage" : {
    "status" : "broken",
    "statusMessage" : "selenium.common.exceptions.TimeoutException: Message:",
    "statusTrace" : "self = <scripts.test_041_changePersonalInformation.Test_changePersonalInformation object at 0x00000258A317CD68>\n\n    @allure.story('修改性别信息')\n    def test_genderInfo(self):\n        with allure.step('进入更多页面'):\n            self.page.more().click_more()\n            time.sleep(3)\n        with allure.step('进入个人主页'):\n            self.page.more().click_person()\n        with allure.step('进入修改资料页'):\n            self.page.person_home().click_personInfo()\n        with allure.step('修改性别栏'):\n            self.page.edit_personal_info().click_gender()\n        with allure.step('滑动选择性别'):\n            self.page.edit_personal_info().swipeByGender()\n        with allure.step('提交修改后的性别选择'):\n>           self.page.edit_personal_info().click_genderSubmit()\n\ntest_041_changePersonalInformation.py:53: \n_ _ _ _ _ _ _ _ _ _ _ _ _ _ _ _ _ _ _ _ _ _ _ _ _ _ _ _ _ _ _ _ _ _ _ _ _ _ _ _\n..\\Pages\\personal_information\\editPersonInfo_page.py:34: in click_genderSubmit\n    self.click(self.genderSubmit)\n..\\base\\base_action.py:27: in click\n    self.find_element(feature).click()\n..\\base\\base_action.py:22: in find_element\n    element = WebDriverWait(self.driver, timeout, poll).until(lambda x: x.find_element(feature_by, feature_value))\n_ _ _ _ _ _ _ _ _ _ _ _ _ _ _ _ _ _ _ _ _ _ _ _ _ _ _ _ _ _ _ _ _ _ _ _ _ _ _ _\n\nself = <selenium.webdriver.support.wait.WebDriverWait (session=\"d1a58b32-34e0-4635-bfae-a59b82b5af48\")>\nmethod = <function BaseAction.find_element.<locals>.<lambda> at 0x00000258A20E9E18>\nmessage = ''\n\n    def until(self, method, message=''):\n        \"\"\"Calls the method provided with the driver as an argument until the \\\n        return value is not False.\"\"\"\n        screen = None\n        stacktrace = None\n    \n        end_time = time.time() + self._timeout\n        while True:\n            try:\n                value = method(self._driver)\n                if value:\n                    return value\n            except self._ignored_exceptions as exc:\n                screen = getattr(exc, 'screen', None)\n                stacktrace = getattr(exc, 'stacktrace', None)\n            time.sleep(self._poll)\n            if time.time() > end_time:\n                break\n>       raise TimeoutException(message, screen, stacktrace)\nE       selenium.common.exceptions.TimeoutException: Message:\n\nd:\\python\\lib\\site-packages\\selenium\\webdriver\\support\\wait.py:80: TimeoutException",
    "steps" : [ {
      "name" : "进入更多页面",
      "time" : {
        "start" : 1587031602384,
        "stop" : 1587031612075,
        "duration" : 9691
      },
      "status" : "passed",
      "steps" : [ ],
      "attachments" : [ ],
      "parameters" : [ ],
      "stepsCount" : 0,
      "hasContent" : false,
      "shouldDisplayMessage" : false,
      "attachmentsCount" : 0
    }, {
      "name" : "进入个人主页",
      "time" : {
        "start" : 1587031612075,
        "stop" : 1587031614197,
        "duration" : 2122
      },
      "status" : "passed",
      "steps" : [ ],
      "attachments" : [ ],
      "parameters" : [ ],
      "stepsCount" : 0,
      "hasContent" : false,
      "shouldDisplayMessage" : false,
      "attachmentsCount" : 0
    }, {
      "name" : "进入修改资料页",
      "time" : {
        "start" : 1587031614197,
        "stop" : 1587031618488,
        "duration" : 4291
      },
      "status" : "passed",
      "steps" : [ ],
      "attachments" : [ ],
      "parameters" : [ ],
      "stepsCount" : 0,
      "hasContent" : false,
      "shouldDisplayMessage" : false,
      "attachmentsCount" : 0
    }, {
      "name" : "修改性别栏",
      "time" : {
        "start" : 1587031618488,
        "stop" : 1587031618738,
        "duration" : 250
      },
      "status" : "passed",
      "steps" : [ ],
      "attachments" : [ ],
      "parameters" : [ ],
      "stepsCount" : 0,
      "hasContent" : false,
      "shouldDisplayMessage" : false,
      "attachmentsCount" : 0
    }, {
      "name" : "滑动选择性别",
      "time" : {
        "start" : 1587031618738,
        "stop" : 1587031618867,
        "duration" : 129
      },
      "status" : "passed",
      "steps" : [ ],
      "attachments" : [ ],
      "parameters" : [ ],
      "stepsCount" : 0,
      "hasContent" : false,
      "shouldDisplayMessage" : false,
      "attachmentsCount" : 0
    }, {
      "name" : "提交修改后的性别选择",
      "time" : {
        "start" : 1587031618867,
        "stop" : 1587031670122,
        "duration" : 51255
      },
      "status" : "broken",
      "statusMessage" : "selenium.common.exceptions.TimeoutException: Message: \n\n",
      "statusTrace" : "  File \"D:\\jenkins\\workspace\\Timing\\scripts\\test_041_changePersonalInformation.py\", line 53, in test_genderInfo\n    self.page.edit_personal_info().click_genderSubmit()\n  File \"D:\\jenkins\\workspace\\Timing\\Pages\\personal_information\\editPersonInfo_page.py\", line 34, in click_genderSubmit\n    self.click(self.genderSubmit)\n  File \"D:\\jenkins\\workspace\\Timing\\base\\base_action.py\", line 27, in click\n    self.find_element(feature).click()\n  File \"D:\\jenkins\\workspace\\Timing\\base\\base_action.py\", line 22, in find_element\n    element = WebDriverWait(self.driver, timeout, poll).until(lambda x: x.find_element(feature_by, feature_value))\n  File \"d:\\python\\lib\\site-packages\\selenium\\webdriver\\support\\wait.py\", line 80, in until\n    raise TimeoutException(message, screen, stacktrace)\n",
      "steps" : [ ],
      "attachments" : [ ],
      "parameters" : [ ],
      "stepsCount" : 0,
      "hasContent" : true,
      "shouldDisplayMessage" : true,
      "attachmentsCount" : 0
    } ],
    "attachments" : [ ],
    "parameters" : [ ],
    "stepsCount" : 6,
    "hasContent" : true,
    "shouldDisplayMessage" : true,
    "attachmentsCount" : 0
  },
  "afterStages" : [ ],
  "labels" : [ {
    "name" : "feature",
    "value" : "修改个人资料功能，前提：非认证账号"
  }, {
    "name" : "story",
    "value" : "修改性别信息"
  }, {
    "name" : "suite",
    "value" : "test_041_changePersonalInformation"
  }, {
    "name" : "subSuite",
    "value" : "Test_changePersonalInformation"
  }, {
    "name" : "host",
    "value" : "PV-X00232293"
  }, {
    "name" : "thread",
    "value" : "4616-MainThread"
  }, {
    "name" : "framework",
    "value" : "pytest"
  }, {
    "name" : "language",
    "value" : "cpython3"
  }, {
    "name" : "package",
    "value" : "test_041_changePersonalInformation"
  }, {
    "name" : "resultFormat",
    "value" : "allure2"
  } ],
  "parameters" : [ ],
  "links" : [ ],
  "hidden" : true,
  "retry" : true,
  "extra" : {
    "categories" : [ ],
    "tags" : [ ]
  },
  "source" : "c1dabf0fb55df2ea.json",
  "parameterValues" : [ ]
}