{
  "uid" : "d10e366af7142342",
  "name" : "test_normalTiming",
  "fullName" : "test_051_normalTiming.Test_normalTiming#test_normalTiming",
  "historyId" : "880dbb5f4e08575189de020208490bd1",
  "time" : {
    "start" : 1587045123066,
    "stop" : 1587045192838,
    "duration" : 69772
  },
  "status" : "broken",
  "statusMessage" : "selenium.common.exceptions.NoSuchElementException: Message: An element could not be located on the page using the given search parameters.",
  "statusTrace" : "self = <scripts.test_051_normalTiming.Test_normalTiming object at 0x0000021D66830630>\n\n    @allure.story('学习计时达1min操作')\n    def test_normalTiming(self):\n        with allure.step('进入更多页面'):\n            self.page.more().click_more()\n            time.sleep(2)\n        with allure.step('滑动更多页面至底部'):\n            self.page.more().swipeByMore()\n            time.sleep(3)\n        with allure.step('点击学习计时按钮，设定内容后开始'):\n            self.page.more().click_normalTiming()\n            self.page.timing().input_studyContentBox('This is Timing')\n            self.page.timing().click_studySettingBtn()\n>           e1 = self.driver.find_element_by_xpath(\"//*[@text='01']\")\n\ntest_051_normalTiming.py:32: \n_ _ _ _ _ _ _ _ _ _ _ _ _ _ _ _ _ _ _ _ _ _ _ _ _ _ _ _ _ _ _ _ _ _ _ _ _ _ _ _\nd:\\python\\lib\\site-packages\\selenium\\webdriver\\remote\\webdriver.py:394: in find_element_by_xpath\n    return self.find_element(by=By.XPATH, value=xpath)\nd:\\python\\lib\\site-packages\\appium\\webdriver\\webdriver.py:221: in find_element\n    'value': value})['value']\nd:\\python\\lib\\site-packages\\selenium\\webdriver\\remote\\webdriver.py:321: in execute\n    self.error_handler.check_response(response)\nd:\\python\\lib\\site-packages\\appium\\webdriver\\errorhandler.py:29: in check_response\n    raise wde\nd:\\python\\lib\\site-packages\\appium\\webdriver\\errorhandler.py:24: in check_response\n    super(MobileErrorHandler, self).check_response(response)\n_ _ _ _ _ _ _ _ _ _ _ _ _ _ _ _ _ _ _ _ _ _ _ _ _ _ _ _ _ _ _ _ _ _ _ _ _ _ _ _\n\nself = <appium.webdriver.errorhandler.MobileErrorHandler object at 0x0000021D66830978>\nresponse = {'status': 500, 'value': '{\"status\":7,\"value\":{\"message\":\"An element could not be located on the page using the given ...origValue\":\"Could not find an element using supplied strategy. \"},\"sessionId\":\"0db4050e-357b-4646-9521-7cfb2001cd41\"}'}\n\n    def check_response(self, response):\n        \"\"\"\n        Checks that a JSON response from the WebDriver does not have an error.\n    \n        :Args:\n         - response - The JSON response from the WebDriver server as a dictionary\n           object.\n    \n        :Raises: If the response contains an error message.\n        \"\"\"\n        status = response.get('status', None)\n        if status is None or status == ErrorCode.SUCCESS:\n            return\n        value = None\n        message = response.get(\"message\", \"\")\n        screen = response.get(\"screen\", \"\")\n        stacktrace = None\n        if isinstance(status, int):\n            value_json = response.get('value', None)\n            if value_json and isinstance(value_json, basestring):\n                import json\n                try:\n                    value = json.loads(value_json)\n                    if len(value.keys()) == 1:\n                        value = value['value']\n                    status = value.get('error', None)\n                    if status is None:\n                        status = value[\"status\"]\n                        message = value[\"value\"]\n                        if not isinstance(message, basestring):\n                            value = message\n                            message = message.get('message')\n                    else:\n                        message = value.get('message', None)\n                except ValueError:\n                    pass\n    \n        exception_class = ErrorInResponseException\n        if status in ErrorCode.NO_SUCH_ELEMENT:\n            exception_class = NoSuchElementException\n        elif status in ErrorCode.NO_SUCH_FRAME:\n            exception_class = NoSuchFrameException\n        elif status in ErrorCode.NO_SUCH_WINDOW:\n            exception_class = NoSuchWindowException\n        elif status in ErrorCode.STALE_ELEMENT_REFERENCE:\n            exception_class = StaleElementReferenceException\n        elif status in ErrorCode.ELEMENT_NOT_VISIBLE:\n            exception_class = ElementNotVisibleException\n        elif status in ErrorCode.INVALID_ELEMENT_STATE:\n            exception_class = InvalidElementStateException\n        elif status in ErrorCode.INVALID_SELECTOR \\\n                or status in ErrorCode.INVALID_XPATH_SELECTOR \\\n                or status in ErrorCode.INVALID_XPATH_SELECTOR_RETURN_TYPER:\n            exception_class = InvalidSelectorException\n        elif status in ErrorCode.ELEMENT_IS_NOT_SELECTABLE:\n            exception_class = ElementNotSelectableException\n        elif status in ErrorCode.ELEMENT_NOT_INTERACTABLE:\n            exception_class = ElementNotInteractableException\n        elif status in ErrorCode.INVALID_COOKIE_DOMAIN:\n            exception_class = InvalidCookieDomainException\n        elif status in ErrorCode.UNABLE_TO_SET_COOKIE:\n            exception_class = UnableToSetCookieException\n        elif status in ErrorCode.TIMEOUT:\n            exception_class = TimeoutException\n        elif status in ErrorCode.SCRIPT_TIMEOUT:\n            exception_class = TimeoutException\n        elif status in ErrorCode.UNKNOWN_ERROR:\n            exception_class = WebDriverException\n        elif status in ErrorCode.UNEXPECTED_ALERT_OPEN:\n            exception_class = UnexpectedAlertPresentException\n        elif status in ErrorCode.NO_ALERT_OPEN:\n            exception_class = NoAlertPresentException\n        elif status in ErrorCode.IME_NOT_AVAILABLE:\n            exception_class = ImeNotAvailableException\n        elif status in ErrorCode.IME_ENGINE_ACTIVATION_FAILED:\n            exception_class = ImeActivationFailedException\n        elif status in ErrorCode.MOVE_TARGET_OUT_OF_BOUNDS:\n            exception_class = MoveTargetOutOfBoundsException\n        elif status in ErrorCode.JAVASCRIPT_ERROR:\n            exception_class = JavascriptException\n        elif status in ErrorCode.SESSION_NOT_CREATED:\n            exception_class = SessionNotCreatedException\n        elif status in ErrorCode.INVALID_ARGUMENT:\n            exception_class = InvalidArgumentException\n        elif status in ErrorCode.NO_SUCH_COOKIE:\n            exception_class = NoSuchCookieException\n        elif status in ErrorCode.UNABLE_TO_CAPTURE_SCREEN:\n            exception_class = ScreenshotException\n        elif status in ErrorCode.ELEMENT_CLICK_INTERCEPTED:\n            exception_class = ElementClickInterceptedException\n        elif status in ErrorCode.INSECURE_CERTIFICATE:\n            exception_class = InsecureCertificateException\n        elif status in ErrorCode.INVALID_COORDINATES:\n            exception_class = InvalidCoordinatesException\n        elif status in ErrorCode.INVALID_SESSION_ID:\n            exception_class = InvalidSessionIdException\n        elif status in ErrorCode.UNKNOWN_METHOD:\n            exception_class = UnknownMethodException\n        else:\n            exception_class = WebDriverException\n        if value == '' or value is None:\n            value = response['value']\n        if isinstance(value, basestring):\n            if exception_class == ErrorInResponseException:\n                raise exception_class(response, value)\n            raise exception_class(value)\n        if message == \"\" and 'message' in value:\n            message = value['message']\n    \n        screen = None\n        if 'screen' in value:\n            screen = value['screen']\n    \n        stacktrace = None\n        if 'stackTrace' in value and value['stackTrace']:\n            stacktrace = []\n            try:\n                for frame in value['stackTrace']:\n                    line = self._value_or_default(frame, 'lineNumber', '')\n                    file = self._value_or_default(frame, 'fileName', '<anonymous>')\n                    if line:\n                        file = \"%s:%s\" % (file, line)\n                    meth = self._value_or_default(frame, 'methodName', '<anonymous>')\n                    if 'className' in frame:\n                        meth = \"%s.%s\" % (frame['className'], meth)\n                    msg = \"    at %s (%s)\"\n                    msg = msg % (meth, file)\n                    stacktrace.append(msg)\n            except TypeError:\n                pass\n        if exception_class == ErrorInResponseException:\n            raise exception_class(response, message)\n        elif exception_class == UnexpectedAlertPresentException:\n            alert_text = None\n            if 'data' in value:\n                alert_text = value['data'].get('text')\n            elif 'alert' in value:\n                alert_text = value['alert'].get('text')\n            raise exception_class(message, screen, stacktrace, alert_text)\n>       raise exception_class(message, screen, stacktrace)\nE       selenium.common.exceptions.NoSuchElementException: Message: An element could not be located on the page using the given search parameters.\n\nd:\\python\\lib\\site-packages\\selenium\\webdriver\\remote\\errorhandler.py:242: NoSuchElementException",
  "flaky" : true,
  "beforeStages" : [ ],
  "testStage" : {
    "status" : "broken",
    "statusMessage" : "selenium.common.exceptions.NoSuchElementException: Message: An element could not be located on the page using the given search parameters.",
    "statusTrace" : "self = <scripts.test_051_normalTiming.Test_normalTiming object at 0x0000021D66830630>\n\n    @allure.story('学习计时达1min操作')\n    def test_normalTiming(self):\n        with allure.step('进入更多页面'):\n            self.page.more().click_more()\n            time.sleep(2)\n        with allure.step('滑动更多页面至底部'):\n            self.page.more().swipeByMore()\n            time.sleep(3)\n        with allure.step('点击学习计时按钮，设定内容后开始'):\n            self.page.more().click_normalTiming()\n            self.page.timing().input_studyContentBox('This is Timing')\n            self.page.timing().click_studySettingBtn()\n>           e1 = self.driver.find_element_by_xpath(\"//*[@text='01']\")\n\ntest_051_normalTiming.py:32: \n_ _ _ _ _ _ _ _ _ _ _ _ _ _ _ _ _ _ _ _ _ _ _ _ _ _ _ _ _ _ _ _ _ _ _ _ _ _ _ _\nd:\\python\\lib\\site-packages\\selenium\\webdriver\\remote\\webdriver.py:394: in find_element_by_xpath\n    return self.find_element(by=By.XPATH, value=xpath)\nd:\\python\\lib\\site-packages\\appium\\webdriver\\webdriver.py:221: in find_element\n    'value': value})['value']\nd:\\python\\lib\\site-packages\\selenium\\webdriver\\remote\\webdriver.py:321: in execute\n    self.error_handler.check_response(response)\nd:\\python\\lib\\site-packages\\appium\\webdriver\\errorhandler.py:29: in check_response\n    raise wde\nd:\\python\\lib\\site-packages\\appium\\webdriver\\errorhandler.py:24: in check_response\n    super(MobileErrorHandler, self).check_response(response)\n_ _ _ _ _ _ _ _ _ _ _ _ _ _ _ _ _ _ _ _ _ _ _ _ _ _ _ _ _ _ _ _ _ _ _ _ _ _ _ _\n\nself = <appium.webdriver.errorhandler.MobileErrorHandler object at 0x0000021D66830978>\nresponse = {'status': 500, 'value': '{\"status\":7,\"value\":{\"message\":\"An element could not be located on the page using the given ...origValue\":\"Could not find an element using supplied strategy. \"},\"sessionId\":\"0db4050e-357b-4646-9521-7cfb2001cd41\"}'}\n\n    def check_response(self, response):\n        \"\"\"\n        Checks that a JSON response from the WebDriver does not have an error.\n    \n        :Args:\n         - response - The JSON response from the WebDriver server as a dictionary\n           object.\n    \n        :Raises: If the response contains an error message.\n        \"\"\"\n        status = response.get('status', None)\n        if status is None or status == ErrorCode.SUCCESS:\n            return\n        value = None\n        message = response.get(\"message\", \"\")\n        screen = response.get(\"screen\", \"\")\n        stacktrace = None\n        if isinstance(status, int):\n            value_json = response.get('value', None)\n            if value_json and isinstance(value_json, basestring):\n                import json\n                try:\n                    value = json.loads(value_json)\n                    if len(value.keys()) == 1:\n                        value = value['value']\n                    status = value.get('error', None)\n                    if status is None:\n                        status = value[\"status\"]\n                        message = value[\"value\"]\n                        if not isinstance(message, basestring):\n                            value = message\n                            message = message.get('message')\n                    else:\n                        message = value.get('message', None)\n                except ValueError:\n                    pass\n    \n        exception_class = ErrorInResponseException\n        if status in ErrorCode.NO_SUCH_ELEMENT:\n            exception_class = NoSuchElementException\n        elif status in ErrorCode.NO_SUCH_FRAME:\n            exception_class = NoSuchFrameException\n        elif status in ErrorCode.NO_SUCH_WINDOW:\n            exception_class = NoSuchWindowException\n        elif status in ErrorCode.STALE_ELEMENT_REFERENCE:\n            exception_class = StaleElementReferenceException\n        elif status in ErrorCode.ELEMENT_NOT_VISIBLE:\n            exception_class = ElementNotVisibleException\n        elif status in ErrorCode.INVALID_ELEMENT_STATE:\n            exception_class = InvalidElementStateException\n        elif status in ErrorCode.INVALID_SELECTOR \\\n                or status in ErrorCode.INVALID_XPATH_SELECTOR \\\n                or status in ErrorCode.INVALID_XPATH_SELECTOR_RETURN_TYPER:\n            exception_class = InvalidSelectorException\n        elif status in ErrorCode.ELEMENT_IS_NOT_SELECTABLE:\n            exception_class = ElementNotSelectableException\n        elif status in ErrorCode.ELEMENT_NOT_INTERACTABLE:\n            exception_class = ElementNotInteractableException\n        elif status in ErrorCode.INVALID_COOKIE_DOMAIN:\n            exception_class = InvalidCookieDomainException\n        elif status in ErrorCode.UNABLE_TO_SET_COOKIE:\n            exception_class = UnableToSetCookieException\n        elif status in ErrorCode.TIMEOUT:\n            exception_class = TimeoutException\n        elif status in ErrorCode.SCRIPT_TIMEOUT:\n            exception_class = TimeoutException\n        elif status in ErrorCode.UNKNOWN_ERROR:\n            exception_class = WebDriverException\n        elif status in ErrorCode.UNEXPECTED_ALERT_OPEN:\n            exception_class = UnexpectedAlertPresentException\n        elif status in ErrorCode.NO_ALERT_OPEN:\n            exception_class = NoAlertPresentException\n        elif status in ErrorCode.IME_NOT_AVAILABLE:\n            exception_class = ImeNotAvailableException\n        elif status in ErrorCode.IME_ENGINE_ACTIVATION_FAILED:\n            exception_class = ImeActivationFailedException\n        elif status in ErrorCode.MOVE_TARGET_OUT_OF_BOUNDS:\n            exception_class = MoveTargetOutOfBoundsException\n        elif status in ErrorCode.JAVASCRIPT_ERROR:\n            exception_class = JavascriptException\n        elif status in ErrorCode.SESSION_NOT_CREATED:\n            exception_class = SessionNotCreatedException\n        elif status in ErrorCode.INVALID_ARGUMENT:\n            exception_class = InvalidArgumentException\n        elif status in ErrorCode.NO_SUCH_COOKIE:\n            exception_class = NoSuchCookieException\n        elif status in ErrorCode.UNABLE_TO_CAPTURE_SCREEN:\n            exception_class = ScreenshotException\n        elif status in ErrorCode.ELEMENT_CLICK_INTERCEPTED:\n            exception_class = ElementClickInterceptedException\n        elif status in ErrorCode.INSECURE_CERTIFICATE:\n            exception_class = InsecureCertificateException\n        elif status in ErrorCode.INVALID_COORDINATES:\n            exception_class = InvalidCoordinatesException\n        elif status in ErrorCode.INVALID_SESSION_ID:\n            exception_class = InvalidSessionIdException\n        elif status in ErrorCode.UNKNOWN_METHOD:\n            exception_class = UnknownMethodException\n        else:\n            exception_class = WebDriverException\n        if value == '' or value is None:\n            value = response['value']\n        if isinstance(value, basestring):\n            if exception_class == ErrorInResponseException:\n                raise exception_class(response, value)\n            raise exception_class(value)\n        if message == \"\" and 'message' in value:\n            message = value['message']\n    \n        screen = None\n        if 'screen' in value:\n            screen = value['screen']\n    \n        stacktrace = None\n        if 'stackTrace' in value and value['stackTrace']:\n            stacktrace = []\n            try:\n                for frame in value['stackTrace']:\n                    line = self._value_or_default(frame, 'lineNumber', '')\n                    file = self._value_or_default(frame, 'fileName', '<anonymous>')\n                    if line:\n                        file = \"%s:%s\" % (file, line)\n                    meth = self._value_or_default(frame, 'methodName', '<anonymous>')\n                    if 'className' in frame:\n                        meth = \"%s.%s\" % (frame['className'], meth)\n                    msg = \"    at %s (%s)\"\n                    msg = msg % (meth, file)\n                    stacktrace.append(msg)\n            except TypeError:\n                pass\n        if exception_class == ErrorInResponseException:\n            raise exception_class(response, message)\n        elif exception_class == UnexpectedAlertPresentException:\n            alert_text = None\n            if 'data' in value:\n                alert_text = value['data'].get('text')\n            elif 'alert' in value:\n                alert_text = value['alert'].get('text')\n            raise exception_class(message, screen, stacktrace, alert_text)\n>       raise exception_class(message, screen, stacktrace)\nE       selenium.common.exceptions.NoSuchElementException: Message: An element could not be located on the page using the given search parameters.\n\nd:\\python\\lib\\site-packages\\selenium\\webdriver\\remote\\errorhandler.py:242: NoSuchElementException",
    "steps" : [ {
      "name" : "进入更多页面",
      "time" : {
        "start" : 1587045123066,
        "stop" : 1587045131217,
        "duration" : 8151
      },
      "status" : "passed",
      "steps" : [ ],
      "attachments" : [ ],
      "parameters" : [ ],
      "hasContent" : false,
      "stepsCount" : 0,
      "attachmentsCount" : 0,
      "shouldDisplayMessage" : false
    }, {
      "name" : "滑动更多页面至底部",
      "time" : {
        "start" : 1587045131217,
        "stop" : 1587045134528,
        "duration" : 3311
      },
      "status" : "passed",
      "steps" : [ ],
      "attachments" : [ ],
      "parameters" : [ ],
      "hasContent" : false,
      "stepsCount" : 0,
      "attachmentsCount" : 0,
      "shouldDisplayMessage" : false
    }, {
      "name" : "点击学习计时按钮，设定内容后开始",
      "time" : {
        "start" : 1587045134528,
        "stop" : 1587045192836,
        "duration" : 58308
      },
      "status" : "broken",
      "statusMessage" : "selenium.common.exceptions.NoSuchElementException: Message: An element could not be located on the page using the given search parameters.\n\n",
      "statusTrace" : "  File \"D:\\jenkins\\workspace\\Timing\\scripts\\test_051_normalTiming.py\", line 32, in test_normalTiming\n    e1 = self.driver.find_element_by_xpath(\"//*[@text='01']\")\n  File \"d:\\python\\lib\\site-packages\\selenium\\webdriver\\remote\\webdriver.py\", line 394, in find_element_by_xpath\n    return self.find_element(by=By.XPATH, value=xpath)\n  File \"d:\\python\\lib\\site-packages\\appium\\webdriver\\webdriver.py\", line 221, in find_element\n    'value': value})['value']\n  File \"d:\\python\\lib\\site-packages\\selenium\\webdriver\\remote\\webdriver.py\", line 321, in execute\n    self.error_handler.check_response(response)\n  File \"d:\\python\\lib\\site-packages\\appium\\webdriver\\errorhandler.py\", line 29, in check_response\n    raise wde\n  File \"d:\\python\\lib\\site-packages\\appium\\webdriver\\errorhandler.py\", line 24, in check_response\n    super(MobileErrorHandler, self).check_response(response)\n  File \"d:\\python\\lib\\site-packages\\selenium\\webdriver\\remote\\errorhandler.py\", line 242, in check_response\n    raise exception_class(message, screen, stacktrace)\n",
      "steps" : [ ],
      "attachments" : [ ],
      "parameters" : [ ],
      "hasContent" : true,
      "stepsCount" : 0,
      "attachmentsCount" : 0,
      "shouldDisplayMessage" : true
    } ],
    "attachments" : [ ],
    "parameters" : [ ],
    "hasContent" : true,
    "stepsCount" : 3,
    "attachmentsCount" : 0,
    "shouldDisplayMessage" : true
  },
  "afterStages" : [ ],
  "labels" : [ {
    "name" : "story",
    "value" : "学习计时达1min操作"
  }, {
    "name" : "feature",
    "value" : "计时功能"
  }, {
    "name" : "suite",
    "value" : "test_051_normalTiming"
  }, {
    "name" : "subSuite",
    "value" : "Test_normalTiming"
  }, {
    "name" : "host",
    "value" : "PV-X00232293"
  }, {
    "name" : "thread",
    "value" : "1600-MainThread"
  }, {
    "name" : "framework",
    "value" : "pytest"
  }, {
    "name" : "language",
    "value" : "cpython3"
  }, {
    "name" : "package",
    "value" : "test_051_normalTiming"
  }, {
    "name" : "resultFormat",
    "value" : "allure2"
  } ],
  "parameters" : [ ],
  "links" : [ ],
  "hidden" : false,
  "retry" : false,
  "extra" : {
    "severity" : "normal",
    "retries" : [ {
      "uid" : "285b1910205445f7",
      "status" : "broken",
      "statusDetails" : "selenium.common.exceptions.TimeoutException: Message:",
      "time" : {
        "start" : 1587040929711,
        "stop" : 1587040981332,
        "duration" : 51621
      }
    }, {
      "uid" : "f6f40c46bad133d6",
      "status" : "broken",
      "statusDetails" : "selenium.common.exceptions.TimeoutException: Message:",
      "time" : {
        "start" : 1587038369755,
        "stop" : 1587038421283,
        "duration" : 51528
      }
    }, {
      "uid" : "dda8963a4fece6ad",
      "status" : "broken",
      "statusDetails" : "selenium.common.exceptions.TimeoutException: Message:",
      "time" : {
        "start" : 1587031803586,
        "stop" : 1587031944398,
        "duration" : 140812
      }
    }, {
      "uid" : "9d7da4d50db05178",
      "status" : "passed",
      "time" : {
        "start" : 1587023552805,
        "stop" : 1587023646456,
        "duration" : 93651
      }
    }, {
      "uid" : "c5925f0b829282e2",
      "status" : "broken",
      "statusDetails" : "selenium.common.exceptions.TimeoutException: Message:",
      "time" : {
        "start" : 1587020041131,
        "stop" : 1587020111625,
        "duration" : 70494
      }
    }, {
      "uid" : "511797db1eb3849",
      "status" : "passed",
      "time" : {
        "start" : 1587015338728,
        "stop" : 1587015437347,
        "duration" : 98619
      }
    }, {
      "uid" : "3eade7494342592e",
      "status" : "passed",
      "time" : {
        "start" : 1587012054178,
        "stop" : 1587012151725,
        "duration" : 97547
      }
    }, {
      "uid" : "2a4f6df40224607c",
      "status" : "passed",
      "time" : {
        "start" : 1587009428077,
        "stop" : 1587009524998,
        "duration" : 96921
      }
    }, {
      "uid" : "7078b32253a751d3",
      "status" : "passed",
      "time" : {
        "start" : 1586508788650,
        "stop" : 1586508885768,
        "duration" : 97118
      }
    }, {
      "uid" : "5c01002c6074dc62",
      "status" : "broken",
      "statusDetails" : "selenium.common.exceptions.TimeoutException: Message:",
      "time" : {
        "start" : 1586147577567,
        "stop" : 1586147680389,
        "duration" : 102822
      }
    } ],
    "categories" : [ {
      "name" : "Test defects",
      "matchedStatuses" : [ ],
      "flaky" : false
    } ],
    "history" : {
      "statistic" : {
        "failed" : 0,
        "broken" : 5,
        "skipped" : 0,
        "passed" : 9,
        "unknown" : 0,
        "total" : 14
      },
      "items" : [ {
        "uid" : "c815f2c4c4dd2687",
        "reportUrl" : "http://192.168.88.58:8080/job/Timing/30/allure/#testresult/c815f2c4c4dd2687",
        "status" : "broken",
        "statusDetails" : "selenium.common.exceptions.TimeoutException: Message:",
        "time" : {
          "start" : 1587031803586,
          "stop" : 1587031944398,
          "duration" : 140812
        }
      }, {
        "uid" : "cf70f5503754cce0",
        "reportUrl" : "http://192.168.88.58:8080/job/Timing/29/allure/#testresult/cf70f5503754cce0",
        "status" : "passed",
        "time" : {
          "start" : 1587023552805,
          "stop" : 1587023646456,
          "duration" : 93651
        }
      }, {
        "uid" : "bf898be0040def94",
        "reportUrl" : "http://192.168.88.58:8080/job/Timing/28/allure/#testresult/bf898be0040def94",
        "status" : "broken",
        "statusDetails" : "selenium.common.exceptions.TimeoutException: Message:",
        "time" : {
          "start" : 1587020041131,
          "stop" : 1587020111625,
          "duration" : 70494
        }
      }, {
        "uid" : "9753ced6859c77be",
        "reportUrl" : "http://192.168.88.58:8080/job/Timing/27/allure/#testresult/9753ced6859c77be",
        "status" : "broken",
        "statusDetails" : "selenium.common.exceptions.TimeoutException: Message:",
        "time" : {
          "start" : 1587020041131,
          "stop" : 1587020111625,
          "duration" : 70494
        }
      }, {
        "uid" : "5f6a122a4813b8eb",
        "reportUrl" : "http://192.168.88.58:8080/job/Timing/26/allure/#testresult/5f6a122a4813b8eb",
        "status" : "passed",
        "time" : {
          "start" : 1587015338728,
          "stop" : 1587015437347,
          "duration" : 98619
        }
      } ]
    },
    "tags" : [ ]
  },
  "source" : "d10e366af7142342.json",
  "parameterValues" : [ ]
}