{
  "uid" : "d12ed79a8daeb5fc",
  "name" : "test_normalTiming",
  "fullName" : "test_051_normalTiming.Test_normalTiming#test_normalTiming",
  "historyId" : "880dbb5f4e08575189de020208490bd1",
  "time" : {
    "start" : 1586147577567,
    "stop" : 1586147680389,
    "duration" : 102822
  },
  "status" : "broken",
  "statusMessage" : "selenium.common.exceptions.TimeoutException: Message:",
  "statusTrace" : "self = <scripts.test_051_normalTiming.Test_normalTiming object at 0x00000224030A4908>\n\n    @allure.story('学习计时达1min操作')\n    def test_normalTiming(self):\n        with allure.step('进入更多页面'):\n            self.page.more().click_more(More.moreBtn)\n            time.sleep(5)\n        with allure.step('滑动更多页面至底部'):\n            self.page.more().swipeByMy(0.5, 0.9, 0.5, 0.4, 200)\n        with allure.step('点击学习计时按钮，设定内容后开始'):\n>           self.page.more().click_more(More.timingBtn)\n\ntest_051_normalTiming.py:27: \n_ _ _ _ _ _ _ _ _ _ _ _ _ _ _ _ _ _ _ _ _ _ _ _ _ _ _ _ _ _ _ _ _ _ _ _ _ _ _ _\n..\\Pages\\personal_information\\more_page.py:32: in click_more\n    self.click(target)\n..\\base\\base_action.py:39: in click\n    self.find_element(feature).click()\n..\\base\\base_action.py:22: in find_element\n    element = WebDriverWait(self.driver, timeout, poll).until(lambda x: x.find_element(feature_by, feature_value))\n_ _ _ _ _ _ _ _ _ _ _ _ _ _ _ _ _ _ _ _ _ _ _ _ _ _ _ _ _ _ _ _ _ _ _ _ _ _ _ _\n\nself = <selenium.webdriver.support.wait.WebDriverWait (session=\"822ccf29-fa32-44da-abec-955694f69102\")>\nmethod = <function BaseAction.find_element.<locals>.<lambda> at 0x000002240428B1E0>\nmessage = ''\n\n    def until(self, method, message=''):\n        \"\"\"Calls the method provided with the driver as an argument until the \\\n        return value is not False.\"\"\"\n        screen = None\n        stacktrace = None\n    \n        end_time = time.time() + self._timeout\n        while True:\n            try:\n                value = method(self._driver)\n                if value:\n                    return value\n            except self._ignored_exceptions as exc:\n                screen = getattr(exc, 'screen', None)\n                stacktrace = getattr(exc, 'stacktrace', None)\n            time.sleep(self._poll)\n            if time.time() > end_time:\n                break\n>       raise TimeoutException(message, screen, stacktrace)\nE       selenium.common.exceptions.TimeoutException: Message:\n\nd:\\python\\lib\\site-packages\\selenium\\webdriver\\support\\wait.py:80: TimeoutException",
  "flaky" : false,
  "beforeStages" : [ ],
  "testStage" : {
    "status" : "broken",
    "statusMessage" : "selenium.common.exceptions.TimeoutException: Message:",
    "statusTrace" : "self = <scripts.test_051_normalTiming.Test_normalTiming object at 0x00000224030A4908>\n\n    @allure.story('学习计时达1min操作')\n    def test_normalTiming(self):\n        with allure.step('进入更多页面'):\n            self.page.more().click_more(More.moreBtn)\n            time.sleep(5)\n        with allure.step('滑动更多页面至底部'):\n            self.page.more().swipeByMy(0.5, 0.9, 0.5, 0.4, 200)\n        with allure.step('点击学习计时按钮，设定内容后开始'):\n>           self.page.more().click_more(More.timingBtn)\n\ntest_051_normalTiming.py:27: \n_ _ _ _ _ _ _ _ _ _ _ _ _ _ _ _ _ _ _ _ _ _ _ _ _ _ _ _ _ _ _ _ _ _ _ _ _ _ _ _\n..\\Pages\\personal_information\\more_page.py:32: in click_more\n    self.click(target)\n..\\base\\base_action.py:39: in click\n    self.find_element(feature).click()\n..\\base\\base_action.py:22: in find_element\n    element = WebDriverWait(self.driver, timeout, poll).until(lambda x: x.find_element(feature_by, feature_value))\n_ _ _ _ _ _ _ _ _ _ _ _ _ _ _ _ _ _ _ _ _ _ _ _ _ _ _ _ _ _ _ _ _ _ _ _ _ _ _ _\n\nself = <selenium.webdriver.support.wait.WebDriverWait (session=\"822ccf29-fa32-44da-abec-955694f69102\")>\nmethod = <function BaseAction.find_element.<locals>.<lambda> at 0x000002240428B1E0>\nmessage = ''\n\n    def until(self, method, message=''):\n        \"\"\"Calls the method provided with the driver as an argument until the \\\n        return value is not False.\"\"\"\n        screen = None\n        stacktrace = None\n    \n        end_time = time.time() + self._timeout\n        while True:\n            try:\n                value = method(self._driver)\n                if value:\n                    return value\n            except self._ignored_exceptions as exc:\n                screen = getattr(exc, 'screen', None)\n                stacktrace = getattr(exc, 'stacktrace', None)\n            time.sleep(self._poll)\n            if time.time() > end_time:\n                break\n>       raise TimeoutException(message, screen, stacktrace)\nE       selenium.common.exceptions.TimeoutException: Message:\n\nd:\\python\\lib\\site-packages\\selenium\\webdriver\\support\\wait.py:80: TimeoutException",
    "steps" : [ {
      "name" : "进入更多页面",
      "time" : {
        "start" : 1586147577567,
        "stop" : 1586147629028,
        "duration" : 51461
      },
      "status" : "passed",
      "steps" : [ ],
      "attachments" : [ ],
      "parameters" : [ ],
      "hasContent" : false,
      "stepsCount" : 0,
      "attachmentsCount" : 0,
      "shouldDisplayMessage" : false
    }, {
      "name" : "滑动更多页面至底部",
      "time" : {
        "start" : 1586147629028,
        "stop" : 1586147629162,
        "duration" : 134
      },
      "status" : "passed",
      "steps" : [ ],
      "attachments" : [ ],
      "parameters" : [ ],
      "hasContent" : false,
      "stepsCount" : 0,
      "attachmentsCount" : 0,
      "shouldDisplayMessage" : false
    }, {
      "name" : "点击学习计时按钮，设定内容后开始",
      "time" : {
        "start" : 1586147629162,
        "stop" : 1586147680389,
        "duration" : 51227
      },
      "status" : "broken",
      "statusMessage" : "selenium.common.exceptions.TimeoutException: Message: \n\n",
      "statusTrace" : "  File \"D:\\jenkins\\workspace\\Timing\\scripts\\test_051_normalTiming.py\", line 27, in test_normalTiming\n    self.page.more().click_more(More.timingBtn)\n  File \"D:\\jenkins\\workspace\\Timing\\Pages\\personal_information\\more_page.py\", line 32, in click_more\n    self.click(target)\n  File \"D:\\jenkins\\workspace\\Timing\\base\\base_action.py\", line 39, in click\n    self.find_element(feature).click()\n  File \"D:\\jenkins\\workspace\\Timing\\base\\base_action.py\", line 22, in find_element\n    element = WebDriverWait(self.driver, timeout, poll).until(lambda x: x.find_element(feature_by, feature_value))\n  File \"d:\\python\\lib\\site-packages\\selenium\\webdriver\\support\\wait.py\", line 80, in until\n    raise TimeoutException(message, screen, stacktrace)\n",
      "steps" : [ ],
      "attachments" : [ ],
      "parameters" : [ ],
      "hasContent" : true,
      "stepsCount" : 0,
      "attachmentsCount" : 0,
      "shouldDisplayMessage" : true
    } ],
    "attachments" : [ ],
    "parameters" : [ ],
    "hasContent" : true,
    "stepsCount" : 3,
    "attachmentsCount" : 0,
    "shouldDisplayMessage" : true
  },
  "afterStages" : [ ],
  "labels" : [ {
    "name" : "feature",
    "value" : "计时功能"
  }, {
    "name" : "story",
    "value" : "学习计时达1min操作"
  }, {
    "name" : "suite",
    "value" : "test_051_normalTiming"
  }, {
    "name" : "subSuite",
    "value" : "Test_normalTiming"
  }, {
    "name" : "host",
    "value" : "PV-X00232293"
  }, {
    "name" : "thread",
    "value" : "7236-MainThread"
  }, {
    "name" : "framework",
    "value" : "pytest"
  }, {
    "name" : "language",
    "value" : "cpython3"
  }, {
    "name" : "package",
    "value" : "test_051_normalTiming"
  }, {
    "name" : "resultFormat",
    "value" : "allure2"
  } ],
  "parameters" : [ ],
  "links" : [ ],
  "hidden" : false,
  "retry" : false,
  "extra" : {
    "severity" : "normal",
    "retries" : [ ],
    "categories" : [ {
      "name" : "Test defects",
      "matchedStatuses" : [ ],
      "flaky" : false
    } ],
    "tags" : [ ]
  },
  "source" : "d12ed79a8daeb5fc.json",
  "parameterValues" : [ ]
}