{
  "uid" : "d560e9c7126b52b7",
  "name" : "test_logout",
  "fullName" : "test_001_registerAccount.Test_registerAccount#test_logout",
  "historyId" : "afd790239c990a2f0e6479c27d247442",
  "time" : {
    "start" : 1586158116963,
    "stop" : 1586158174259,
    "duration" : 57296
  },
  "status" : "broken",
  "statusMessage" : "selenium.common.exceptions.TimeoutException: Message:",
  "statusTrace" : "self = <scripts.test_001_registerAccount.Test_registerAccount object at 0x000001BC9FBF9198>\n\n    def test_logout(self):\n        with allure.step('点击更多按钮'):\n            self.page.more().click_more()\n        with allure.step('点击设置按钮'):\n>           self.page.more().click_setting()\n\ntest_001_registerAccount.py:85: \n_ _ _ _ _ _ _ _ _ _ _ _ _ _ _ _ _ _ _ _ _ _ _ _ _ _ _ _ _ _ _ _ _ _ _ _ _ _ _ _\n..\\Pages\\personal_information\\more_page.py:35: in click_setting\n    self.click(self.settingBtn)\n..\\base\\base_action.py:39: in click\n    self.find_element(feature).click()\n..\\base\\base_action.py:22: in find_element\n    element = WebDriverWait(self.driver, timeout, poll).until(lambda x: x.find_element(feature_by, feature_value))\n_ _ _ _ _ _ _ _ _ _ _ _ _ _ _ _ _ _ _ _ _ _ _ _ _ _ _ _ _ _ _ _ _ _ _ _ _ _ _ _\n\nself = <selenium.webdriver.support.wait.WebDriverWait (session=\"a3ec5cbc-fc4a-4bec-bd7e-265a75904313\")>\nmethod = <function BaseAction.find_element.<locals>.<lambda> at 0x000001BC9FD81C80>\nmessage = ''\n\n    def until(self, method, message=''):\n        \"\"\"Calls the method provided with the driver as an argument until the \\\n        return value is not False.\"\"\"\n        screen = None\n        stacktrace = None\n    \n        end_time = time.time() + self._timeout\n        while True:\n            try:\n                value = method(self._driver)\n                if value:\n                    return value\n            except self._ignored_exceptions as exc:\n                screen = getattr(exc, 'screen', None)\n                stacktrace = getattr(exc, 'stacktrace', None)\n            time.sleep(self._poll)\n            if time.time() > end_time:\n                break\n>       raise TimeoutException(message, screen, stacktrace)\nE       selenium.common.exceptions.TimeoutException: Message:\n\nd:\\python\\lib\\site-packages\\selenium\\webdriver\\support\\wait.py:80: TimeoutException",
  "flaky" : false,
  "beforeStages" : [ ],
  "testStage" : {
    "status" : "broken",
    "statusMessage" : "selenium.common.exceptions.TimeoutException: Message:",
    "statusTrace" : "self = <scripts.test_001_registerAccount.Test_registerAccount object at 0x000001BC9FBF9198>\n\n    def test_logout(self):\n        with allure.step('点击更多按钮'):\n            self.page.more().click_more()\n        with allure.step('点击设置按钮'):\n>           self.page.more().click_setting()\n\ntest_001_registerAccount.py:85: \n_ _ _ _ _ _ _ _ _ _ _ _ _ _ _ _ _ _ _ _ _ _ _ _ _ _ _ _ _ _ _ _ _ _ _ _ _ _ _ _\n..\\Pages\\personal_information\\more_page.py:35: in click_setting\n    self.click(self.settingBtn)\n..\\base\\base_action.py:39: in click\n    self.find_element(feature).click()\n..\\base\\base_action.py:22: in find_element\n    element = WebDriverWait(self.driver, timeout, poll).until(lambda x: x.find_element(feature_by, feature_value))\n_ _ _ _ _ _ _ _ _ _ _ _ _ _ _ _ _ _ _ _ _ _ _ _ _ _ _ _ _ _ _ _ _ _ _ _ _ _ _ _\n\nself = <selenium.webdriver.support.wait.WebDriverWait (session=\"a3ec5cbc-fc4a-4bec-bd7e-265a75904313\")>\nmethod = <function BaseAction.find_element.<locals>.<lambda> at 0x000001BC9FD81C80>\nmessage = ''\n\n    def until(self, method, message=''):\n        \"\"\"Calls the method provided with the driver as an argument until the \\\n        return value is not False.\"\"\"\n        screen = None\n        stacktrace = None\n    \n        end_time = time.time() + self._timeout\n        while True:\n            try:\n                value = method(self._driver)\n                if value:\n                    return value\n            except self._ignored_exceptions as exc:\n                screen = getattr(exc, 'screen', None)\n                stacktrace = getattr(exc, 'stacktrace', None)\n            time.sleep(self._poll)\n            if time.time() > end_time:\n                break\n>       raise TimeoutException(message, screen, stacktrace)\nE       selenium.common.exceptions.TimeoutException: Message:\n\nd:\\python\\lib\\site-packages\\selenium\\webdriver\\support\\wait.py:80: TimeoutException",
    "steps" : [ {
      "name" : "点击更多按钮",
      "time" : {
        "start" : 1586158116963,
        "stop" : 1586158122875,
        "duration" : 5912
      },
      "status" : "passed",
      "steps" : [ ],
      "attachments" : [ ],
      "parameters" : [ ],
      "hasContent" : false,
      "stepsCount" : 0,
      "shouldDisplayMessage" : false,
      "attachmentsCount" : 0
    }, {
      "name" : "点击设置按钮",
      "time" : {
        "start" : 1586158122875,
        "stop" : 1586158174259,
        "duration" : 51384
      },
      "status" : "broken",
      "statusMessage" : "selenium.common.exceptions.TimeoutException: Message: \n\n",
      "statusTrace" : "  File \"D:\\jenkins\\workspace\\Timing\\scripts\\test_001_registerAccount.py\", line 85, in test_logout\n    self.page.more().click_setting()\n  File \"D:\\jenkins\\workspace\\Timing\\Pages\\personal_information\\more_page.py\", line 35, in click_setting\n    self.click(self.settingBtn)\n  File \"D:\\jenkins\\workspace\\Timing\\base\\base_action.py\", line 39, in click\n    self.find_element(feature).click()\n  File \"D:\\jenkins\\workspace\\Timing\\base\\base_action.py\", line 22, in find_element\n    element = WebDriverWait(self.driver, timeout, poll).until(lambda x: x.find_element(feature_by, feature_value))\n  File \"d:\\python\\lib\\site-packages\\selenium\\webdriver\\support\\wait.py\", line 80, in until\n    raise TimeoutException(message, screen, stacktrace)\n",
      "steps" : [ ],
      "attachments" : [ ],
      "parameters" : [ ],
      "hasContent" : true,
      "stepsCount" : 0,
      "shouldDisplayMessage" : true,
      "attachmentsCount" : 0
    } ],
    "attachments" : [ ],
    "parameters" : [ ],
    "hasContent" : true,
    "stepsCount" : 2,
    "shouldDisplayMessage" : true,
    "attachmentsCount" : 0
  },
  "afterStages" : [ ],
  "labels" : [ {
    "name" : "suite",
    "value" : "test_001_registerAccount"
  }, {
    "name" : "subSuite",
    "value" : "Test_registerAccount"
  }, {
    "name" : "host",
    "value" : "PV-X00232293"
  }, {
    "name" : "thread",
    "value" : "6744-MainThread"
  }, {
    "name" : "framework",
    "value" : "pytest"
  }, {
    "name" : "language",
    "value" : "cpython3"
  }, {
    "name" : "package",
    "value" : "test_001_registerAccount"
  }, {
    "name" : "resultFormat",
    "value" : "allure2"
  } ],
  "parameters" : [ ],
  "links" : [ ],
  "hidden" : true,
  "retry" : true,
  "extra" : {
    "categories" : [ ],
    "tags" : [ ]
  },
  "source" : "d560e9c7126b52b7.json",
  "parameterValues" : [ ]
}