{
  "uid" : "da9a61a493b1b4b0",
  "name" : "test_postDiary",
  "fullName" : "test_031_postDiary.Test_postDiary#test_postDiary",
  "historyId" : "2393a1199737e7f6568d8b37e9f87f79",
  "time" : {
    "start" : 1587053485347,
    "stop" : 1587053546322,
    "duration" : 60975
  },
  "status" : "broken",
  "statusMessage" : "selenium.common.exceptions.TimeoutException: Message:",
  "statusTrace" : "self = <scripts.test_031_postDiary.Test_postDiary object at 0x00000286E541B2B0>\n\n    def test_postDiary(self):\n        time.sleep(5)\n        with allure.step('进入发布页'):\n            self.page.shouye().click_post()\n        with allure.step('点击发布学习日记'):\n>           self.page.post_content().click_postDiary()\n\ntest_031_postDiary.py:27: \n_ _ _ _ _ _ _ _ _ _ _ _ _ _ _ _ _ _ _ _ _ _ _ _ _ _ _ _ _ _ _ _ _ _ _ _ _ _ _ _\n..\\Pages\\post_content\\post_page.py:28: in click_postDiary\n    self.click(self.postDiaryBtn)\n..\\base\\base_action.py:27: in click\n    self.find_element(feature).click()\n..\\base\\base_action.py:22: in find_element\n    element = WebDriverWait(self.driver, timeout, poll).until(lambda x: x.find_element(feature_by, feature_value))\n_ _ _ _ _ _ _ _ _ _ _ _ _ _ _ _ _ _ _ _ _ _ _ _ _ _ _ _ _ _ _ _ _ _ _ _ _ _ _ _\n\nself = <selenium.webdriver.support.wait.WebDriverWait (session=\"1b6fd14f-5b09-4050-8bcb-aec0b00a9b51\")>\nmethod = <function BaseAction.find_element.<locals>.<lambda> at 0x00000286E53F57B8>\nmessage = ''\n\n    def until(self, method, message=''):\n        \"\"\"Calls the method provided with the driver as an argument until the \\\n        return value is not False.\"\"\"\n        screen = None\n        stacktrace = None\n    \n        end_time = time.time() + self._timeout\n        while True:\n            try:\n                value = method(self._driver)\n                if value:\n                    return value\n            except self._ignored_exceptions as exc:\n                screen = getattr(exc, 'screen', None)\n                stacktrace = getattr(exc, 'stacktrace', None)\n            time.sleep(self._poll)\n            if time.time() > end_time:\n                break\n>       raise TimeoutException(message, screen, stacktrace)\nE       selenium.common.exceptions.TimeoutException: Message:\n\nd:\\python\\lib\\site-packages\\selenium\\webdriver\\support\\wait.py:80: TimeoutException",
  "flaky" : false,
  "beforeStages" : [ ],
  "testStage" : {
    "status" : "broken",
    "statusMessage" : "selenium.common.exceptions.TimeoutException: Message:",
    "statusTrace" : "self = <scripts.test_031_postDiary.Test_postDiary object at 0x00000286E541B2B0>\n\n    def test_postDiary(self):\n        time.sleep(5)\n        with allure.step('进入发布页'):\n            self.page.shouye().click_post()\n        with allure.step('点击发布学习日记'):\n>           self.page.post_content().click_postDiary()\n\ntest_031_postDiary.py:27: \n_ _ _ _ _ _ _ _ _ _ _ _ _ _ _ _ _ _ _ _ _ _ _ _ _ _ _ _ _ _ _ _ _ _ _ _ _ _ _ _\n..\\Pages\\post_content\\post_page.py:28: in click_postDiary\n    self.click(self.postDiaryBtn)\n..\\base\\base_action.py:27: in click\n    self.find_element(feature).click()\n..\\base\\base_action.py:22: in find_element\n    element = WebDriverWait(self.driver, timeout, poll).until(lambda x: x.find_element(feature_by, feature_value))\n_ _ _ _ _ _ _ _ _ _ _ _ _ _ _ _ _ _ _ _ _ _ _ _ _ _ _ _ _ _ _ _ _ _ _ _ _ _ _ _\n\nself = <selenium.webdriver.support.wait.WebDriverWait (session=\"1b6fd14f-5b09-4050-8bcb-aec0b00a9b51\")>\nmethod = <function BaseAction.find_element.<locals>.<lambda> at 0x00000286E53F57B8>\nmessage = ''\n\n    def until(self, method, message=''):\n        \"\"\"Calls the method provided with the driver as an argument until the \\\n        return value is not False.\"\"\"\n        screen = None\n        stacktrace = None\n    \n        end_time = time.time() + self._timeout\n        while True:\n            try:\n                value = method(self._driver)\n                if value:\n                    return value\n            except self._ignored_exceptions as exc:\n                screen = getattr(exc, 'screen', None)\n                stacktrace = getattr(exc, 'stacktrace', None)\n            time.sleep(self._poll)\n            if time.time() > end_time:\n                break\n>       raise TimeoutException(message, screen, stacktrace)\nE       selenium.common.exceptions.TimeoutException: Message:\n\nd:\\python\\lib\\site-packages\\selenium\\webdriver\\support\\wait.py:80: TimeoutException",
    "steps" : [ {
      "name" : "进入发布页",
      "time" : {
        "start" : 1587053490348,
        "stop" : 1587053495310,
        "duration" : 4962
      },
      "status" : "passed",
      "steps" : [ ],
      "attachments" : [ ],
      "parameters" : [ ],
      "stepsCount" : 0,
      "hasContent" : false,
      "shouldDisplayMessage" : false,
      "attachmentsCount" : 0
    }, {
      "name" : "点击发布学习日记",
      "time" : {
        "start" : 1587053495310,
        "stop" : 1587053546321,
        "duration" : 51011
      },
      "status" : "broken",
      "statusMessage" : "selenium.common.exceptions.TimeoutException: Message: \n\n",
      "statusTrace" : "  File \"D:\\jenkins\\workspace\\Timing\\scripts\\test_031_postDiary.py\", line 27, in test_postDiary\n    self.page.post_content().click_postDiary()\n  File \"D:\\jenkins\\workspace\\Timing\\Pages\\post_content\\post_page.py\", line 28, in click_postDiary\n    self.click(self.postDiaryBtn)\n  File \"D:\\jenkins\\workspace\\Timing\\base\\base_action.py\", line 27, in click\n    self.find_element(feature).click()\n  File \"D:\\jenkins\\workspace\\Timing\\base\\base_action.py\", line 22, in find_element\n    element = WebDriverWait(self.driver, timeout, poll).until(lambda x: x.find_element(feature_by, feature_value))\n  File \"d:\\python\\lib\\site-packages\\selenium\\webdriver\\support\\wait.py\", line 80, in until\n    raise TimeoutException(message, screen, stacktrace)\n",
      "steps" : [ ],
      "attachments" : [ ],
      "parameters" : [ ],
      "stepsCount" : 0,
      "hasContent" : true,
      "shouldDisplayMessage" : true,
      "attachmentsCount" : 0
    } ],
    "attachments" : [ ],
    "parameters" : [ ],
    "stepsCount" : 2,
    "hasContent" : true,
    "shouldDisplayMessage" : true,
    "attachmentsCount" : 0
  },
  "afterStages" : [ ],
  "labels" : [ {
    "name" : "suite",
    "value" : "test_031_postDiary"
  }, {
    "name" : "subSuite",
    "value" : "Test_postDiary"
  }, {
    "name" : "host",
    "value" : "PV-X00232293"
  }, {
    "name" : "thread",
    "value" : "10744-MainThread"
  }, {
    "name" : "framework",
    "value" : "pytest"
  }, {
    "name" : "language",
    "value" : "cpython3"
  }, {
    "name" : "package",
    "value" : "test_031_postDiary"
  }, {
    "name" : "resultFormat",
    "value" : "allure2"
  } ],
  "parameters" : [ ],
  "links" : [ ],
  "hidden" : true,
  "retry" : true,
  "extra" : {
    "categories" : [ ],
    "tags" : [ ]
  },
  "source" : "da9a61a493b1b4b0.json",
  "parameterValues" : [ ]
}