{
  "uid" : "e7696ff48d8bb1e9",
  "name" : "test_normalTiming",
  "fullName" : "test_051_normalTiming.Test_normalTiming#test_normalTiming",
  "historyId" : "880dbb5f4e08575189de020208490bd1",
  "time" : {
    "start" : 1587134677234,
    "stop" : 1587134753079,
    "duration" : 75845
  },
  "status" : "broken",
  "statusMessage" : "selenium.common.exceptions.TimeoutException: Message:",
  "statusTrace" : "self = <scripts.test_051_normalTiming.Test_normalTiming object at 0x0000021EDCD4E160>\n\n    @allure.story('学习计时达1min操作')\n    def test_normalTiming(self):\n        with allure.step('进入更多页面'):\n            self.page.more().click_more()\n            time.sleep(2)\n        with allure.step('滑动更多页面至底部'):\n            self.page.more().swipeByMore()\n            time.sleep(3)\n        with allure.step('点击学习计时按钮，设定内容后开始'):\n            self.page.more().click_normalTiming()\n            self.page.timing().input_studyContentBox('This is Timing')\n            self.page.timing().click_studySettingBtn()\n            e1 = self.driver.find_element_by_xpath(\"//*[@text='01']\")\n            self.action.long_press(e1, None, None, 400).perform()\n            self.page.timing().click_studySettingsuccessBtn()\n>           self.page.timing().click_startTimingBtn()\n\ntest_051_normalTiming.py:35: \n_ _ _ _ _ _ _ _ _ _ _ _ _ _ _ _ _ _ _ _ _ _ _ _ _ _ _ _ _ _ _ _ _ _ _ _ _ _ _ _\n..\\Pages\\timed_learning\\timing_page.py:74: in click_startTimingBtn\n    self.click(self.startTimingBtn)\n..\\base\\base_action.py:27: in click\n    self.find_element(feature).click()\n..\\base\\base_action.py:22: in find_element\n    element = WebDriverWait(self.driver, timeout, poll).until(lambda x: x.find_element(feature_by, feature_value))\n_ _ _ _ _ _ _ _ _ _ _ _ _ _ _ _ _ _ _ _ _ _ _ _ _ _ _ _ _ _ _ _ _ _ _ _ _ _ _ _\n\nself = <selenium.webdriver.support.wait.WebDriverWait (session=\"8efb705d-ee21-4895-98bd-79cd7c9f2b9e\")>\nmethod = <function BaseAction.find_element.<locals>.<lambda> at 0x0000021EDCD34378>\nmessage = ''\n\n    def until(self, method, message=''):\n        \"\"\"Calls the method provided with the driver as an argument until the \\\n        return value is not False.\"\"\"\n        screen = None\n        stacktrace = None\n    \n        end_time = time.time() + self._timeout\n        while True:\n            try:\n                value = method(self._driver)\n                if value:\n                    return value\n            except self._ignored_exceptions as exc:\n                screen = getattr(exc, 'screen', None)\n                stacktrace = getattr(exc, 'stacktrace', None)\n            time.sleep(self._poll)\n            if time.time() > end_time:\n                break\n>       raise TimeoutException(message, screen, stacktrace)\nE       selenium.common.exceptions.TimeoutException: Message:\n\nd:\\anaconda3\\lib\\site-packages\\selenium\\webdriver\\support\\wait.py:80: TimeoutException",
  "flaky" : false,
  "beforeStages" : [ ],
  "testStage" : {
    "status" : "broken",
    "statusMessage" : "selenium.common.exceptions.TimeoutException: Message:",
    "statusTrace" : "self = <scripts.test_051_normalTiming.Test_normalTiming object at 0x0000021EDCD4E160>\n\n    @allure.story('学习计时达1min操作')\n    def test_normalTiming(self):\n        with allure.step('进入更多页面'):\n            self.page.more().click_more()\n            time.sleep(2)\n        with allure.step('滑动更多页面至底部'):\n            self.page.more().swipeByMore()\n            time.sleep(3)\n        with allure.step('点击学习计时按钮，设定内容后开始'):\n            self.page.more().click_normalTiming()\n            self.page.timing().input_studyContentBox('This is Timing')\n            self.page.timing().click_studySettingBtn()\n            e1 = self.driver.find_element_by_xpath(\"//*[@text='01']\")\n            self.action.long_press(e1, None, None, 400).perform()\n            self.page.timing().click_studySettingsuccessBtn()\n>           self.page.timing().click_startTimingBtn()\n\ntest_051_normalTiming.py:35: \n_ _ _ _ _ _ _ _ _ _ _ _ _ _ _ _ _ _ _ _ _ _ _ _ _ _ _ _ _ _ _ _ _ _ _ _ _ _ _ _\n..\\Pages\\timed_learning\\timing_page.py:74: in click_startTimingBtn\n    self.click(self.startTimingBtn)\n..\\base\\base_action.py:27: in click\n    self.find_element(feature).click()\n..\\base\\base_action.py:22: in find_element\n    element = WebDriverWait(self.driver, timeout, poll).until(lambda x: x.find_element(feature_by, feature_value))\n_ _ _ _ _ _ _ _ _ _ _ _ _ _ _ _ _ _ _ _ _ _ _ _ _ _ _ _ _ _ _ _ _ _ _ _ _ _ _ _\n\nself = <selenium.webdriver.support.wait.WebDriverWait (session=\"8efb705d-ee21-4895-98bd-79cd7c9f2b9e\")>\nmethod = <function BaseAction.find_element.<locals>.<lambda> at 0x0000021EDCD34378>\nmessage = ''\n\n    def until(self, method, message=''):\n        \"\"\"Calls the method provided with the driver as an argument until the \\\n        return value is not False.\"\"\"\n        screen = None\n        stacktrace = None\n    \n        end_time = time.time() + self._timeout\n        while True:\n            try:\n                value = method(self._driver)\n                if value:\n                    return value\n            except self._ignored_exceptions as exc:\n                screen = getattr(exc, 'screen', None)\n                stacktrace = getattr(exc, 'stacktrace', None)\n            time.sleep(self._poll)\n            if time.time() > end_time:\n                break\n>       raise TimeoutException(message, screen, stacktrace)\nE       selenium.common.exceptions.TimeoutException: Message:\n\nd:\\anaconda3\\lib\\site-packages\\selenium\\webdriver\\support\\wait.py:80: TimeoutException",
    "steps" : [ {
      "name" : "进入更多页面",
      "time" : {
        "start" : 1587134677234,
        "stop" : 1587134685790,
        "duration" : 8556
      },
      "status" : "passed",
      "steps" : [ ],
      "attachments" : [ ],
      "parameters" : [ ],
      "attachmentsCount" : 0,
      "shouldDisplayMessage" : false,
      "hasContent" : false,
      "stepsCount" : 0
    }, {
      "name" : "滑动更多页面至底部",
      "time" : {
        "start" : 1587134685790,
        "stop" : 1587134689115,
        "duration" : 3325
      },
      "status" : "passed",
      "steps" : [ ],
      "attachments" : [ ],
      "parameters" : [ ],
      "attachmentsCount" : 0,
      "shouldDisplayMessage" : false,
      "hasContent" : false,
      "stepsCount" : 0
    }, {
      "name" : "点击学习计时按钮，设定内容后开始",
      "time" : {
        "start" : 1587134689115,
        "stop" : 1587134753076,
        "duration" : 63961
      },
      "status" : "broken",
      "statusMessage" : "selenium.common.exceptions.TimeoutException: Message: \n\n",
      "statusTrace" : "  File \"D:\\Timing\\scripts\\test_051_normalTiming.py\", line 35, in test_normalTiming\n    self.page.timing().click_startTimingBtn()\n  File \"D:\\Timing\\Pages\\timed_learning\\timing_page.py\", line 74, in click_startTimingBtn\n    self.click(self.startTimingBtn)\n  File \"D:\\Timing\\base\\base_action.py\", line 27, in click\n    self.find_element(feature).click()\n  File \"D:\\Timing\\base\\base_action.py\", line 22, in find_element\n    element = WebDriverWait(self.driver, timeout, poll).until(lambda x: x.find_element(feature_by, feature_value))\n  File \"d:\\anaconda3\\lib\\site-packages\\selenium\\webdriver\\support\\wait.py\", line 80, in until\n    raise TimeoutException(message, screen, stacktrace)\n",
      "steps" : [ ],
      "attachments" : [ ],
      "parameters" : [ ],
      "attachmentsCount" : 0,
      "shouldDisplayMessage" : true,
      "hasContent" : true,
      "stepsCount" : 0
    } ],
    "attachments" : [ ],
    "parameters" : [ ],
    "attachmentsCount" : 0,
    "shouldDisplayMessage" : true,
    "hasContent" : true,
    "stepsCount" : 3
  },
  "afterStages" : [ ],
  "labels" : [ {
    "name" : "story",
    "value" : "学习计时达1min操作"
  }, {
    "name" : "feature",
    "value" : "计时功能"
  }, {
    "name" : "suite",
    "value" : "test_051_normalTiming"
  }, {
    "name" : "subSuite",
    "value" : "Test_normalTiming"
  }, {
    "name" : "host",
    "value" : "PC-201905121411"
  }, {
    "name" : "thread",
    "value" : "9144-MainThread"
  }, {
    "name" : "framework",
    "value" : "pytest"
  }, {
    "name" : "language",
    "value" : "cpython3"
  }, {
    "name" : "package",
    "value" : "test_051_normalTiming"
  }, {
    "name" : "resultFormat",
    "value" : "allure2"
  } ],
  "parameters" : [ ],
  "links" : [ ],
  "hidden" : true,
  "retry" : true,
  "extra" : {
    "categories" : [ ],
    "tags" : [ ]
  },
  "source" : "e7696ff48d8bb1e9.json",
  "parameterValues" : [ ]
}