{
  "uid" : "f006f544b1eea24d",
  "name" : "test_friendTimeEnough",
  "fullName" : "test_046_friendTime.Test_friendTime#test_friendTimeEnough",
  "historyId" : "a0ba2d73cab4badd7d27b95a77cb9b91",
  "time" : {
    "start" : 1617276413679,
    "stop" : 1617276468370,
    "duration" : 54691
  },
  "status" : "broken",
  "statusMessage" : "selenium.common.exceptions.TimeoutException: Message:",
  "statusTrace" : "self = <scripts.test_046_friendTime.Test_friendTime object at 0x00000221C0CA20D0>\n\n    def test_friendTimeEnough(self):\n        with allure.step('点击结伴学习'):\n            self.page.shouye().click_startStudyBtn()\n        # with allure.step('输入学习内容'):\n        #     time.sleep(3)\n        #     self.page.firend_timing().input_friendTimeBox(12345)\n        with allure.step('点击创建按钮'):\n>           self.page.firend_timing().click_beginTimeBtn()\n\ntest_046_friendTime.py:42: \n_ _ _ _ _ _ _ _ _ _ _ _ _ _ _ _ _ _ _ _ _ _ _ _ _ _ _ _ _ _ _ _ _ _ _ _ _ _ _ _\n..\\Pages\\timed_learning\\friend_timing_page.py:23: in click_beginTimeBtn\n    self.click(self.beginTimeBtn)\n..\\base\\base_action.py:27: in click\n    self.find_element(feature).click()\n..\\base\\base_action.py:22: in find_element\n    element = WebDriverWait(self.driver, timeout, poll).until(lambda x: x.find_element(feature_by, feature_value))\n_ _ _ _ _ _ _ _ _ _ _ _ _ _ _ _ _ _ _ _ _ _ _ _ _ _ _ _ _ _ _ _ _ _ _ _ _ _ _ _\n\nself = <selenium.webdriver.support.wait.WebDriverWait (session=\"52a7bff0-ded6-4e02-941a-bf419968f6a1\")>\nmethod = <function BaseAction.find_element.<locals>.<lambda> at 0x00000221C0C93D30>\nmessage = ''\n\n    def until(self, method, message=''):\n        \"\"\"Calls the method provided with the driver as an argument until the \\\n        return value is not False.\"\"\"\n        screen = None\n        stacktrace = None\n    \n        end_time = time.time() + self._timeout\n        while True:\n            try:\n                value = method(self._driver)\n                if value:\n                    return value\n            except self._ignored_exceptions as exc:\n                screen = getattr(exc, 'screen', None)\n                stacktrace = getattr(exc, 'stacktrace', None)\n            time.sleep(self._poll)\n            if time.time() > end_time:\n                break\n>       raise TimeoutException(message, screen, stacktrace)\nE       selenium.common.exceptions.TimeoutException: Message:\n\nc:\\python38\\lib\\site-packages\\selenium\\webdriver\\support\\wait.py:80: TimeoutException",
  "flaky" : false,
  "newFailed" : false,
  "beforeStages" : [ ],
  "testStage" : {
    "status" : "broken",
    "statusMessage" : "selenium.common.exceptions.TimeoutException: Message:",
    "statusTrace" : "self = <scripts.test_046_friendTime.Test_friendTime object at 0x00000221C0CA20D0>\n\n    def test_friendTimeEnough(self):\n        with allure.step('点击结伴学习'):\n            self.page.shouye().click_startStudyBtn()\n        # with allure.step('输入学习内容'):\n        #     time.sleep(3)\n        #     self.page.firend_timing().input_friendTimeBox(12345)\n        with allure.step('点击创建按钮'):\n>           self.page.firend_timing().click_beginTimeBtn()\n\ntest_046_friendTime.py:42: \n_ _ _ _ _ _ _ _ _ _ _ _ _ _ _ _ _ _ _ _ _ _ _ _ _ _ _ _ _ _ _ _ _ _ _ _ _ _ _ _\n..\\Pages\\timed_learning\\friend_timing_page.py:23: in click_beginTimeBtn\n    self.click(self.beginTimeBtn)\n..\\base\\base_action.py:27: in click\n    self.find_element(feature).click()\n..\\base\\base_action.py:22: in find_element\n    element = WebDriverWait(self.driver, timeout, poll).until(lambda x: x.find_element(feature_by, feature_value))\n_ _ _ _ _ _ _ _ _ _ _ _ _ _ _ _ _ _ _ _ _ _ _ _ _ _ _ _ _ _ _ _ _ _ _ _ _ _ _ _\n\nself = <selenium.webdriver.support.wait.WebDriverWait (session=\"52a7bff0-ded6-4e02-941a-bf419968f6a1\")>\nmethod = <function BaseAction.find_element.<locals>.<lambda> at 0x00000221C0C93D30>\nmessage = ''\n\n    def until(self, method, message=''):\n        \"\"\"Calls the method provided with the driver as an argument until the \\\n        return value is not False.\"\"\"\n        screen = None\n        stacktrace = None\n    \n        end_time = time.time() + self._timeout\n        while True:\n            try:\n                value = method(self._driver)\n                if value:\n                    return value\n            except self._ignored_exceptions as exc:\n                screen = getattr(exc, 'screen', None)\n                stacktrace = getattr(exc, 'stacktrace', None)\n            time.sleep(self._poll)\n            if time.time() > end_time:\n                break\n>       raise TimeoutException(message, screen, stacktrace)\nE       selenium.common.exceptions.TimeoutException: Message:\n\nc:\\python38\\lib\\site-packages\\selenium\\webdriver\\support\\wait.py:80: TimeoutException",
    "steps" : [ {
      "name" : "点击结伴学习",
      "time" : {
        "start" : 1617276413680,
        "stop" : 1617276417163,
        "duration" : 3483
      },
      "status" : "passed",
      "steps" : [ ],
      "attachments" : [ ],
      "parameters" : [ ],
      "stepsCount" : 0,
      "hasContent" : false,
      "attachmentsCount" : 0,
      "shouldDisplayMessage" : false
    }, {
      "name" : "点击创建按钮",
      "time" : {
        "start" : 1617276417163,
        "stop" : 1617276468325,
        "duration" : 51162
      },
      "status" : "broken",
      "statusMessage" : "selenium.common.exceptions.TimeoutException: Message: \n\n",
      "statusTrace" : "  File \"D:\\Jenkins\\workspace\\Timing\\scripts\\test_046_friendTime.py\", line 42, in test_friendTimeEnough\n    self.page.firend_timing().click_beginTimeBtn()\n  File \"D:\\Jenkins\\workspace\\Timing\\Pages\\timed_learning\\friend_timing_page.py\", line 23, in click_beginTimeBtn\n    self.click(self.beginTimeBtn)\n  File \"D:\\Jenkins\\workspace\\Timing\\base\\base_action.py\", line 27, in click\n    self.find_element(feature).click()\n  File \"D:\\Jenkins\\workspace\\Timing\\base\\base_action.py\", line 22, in find_element\n    element = WebDriverWait(self.driver, timeout, poll).until(lambda x: x.find_element(feature_by, feature_value))\n  File \"c:\\python38\\lib\\site-packages\\selenium\\webdriver\\support\\wait.py\", line 80, in until\n    raise TimeoutException(message, screen, stacktrace)\n",
      "steps" : [ ],
      "attachments" : [ ],
      "parameters" : [ ],
      "stepsCount" : 0,
      "hasContent" : true,
      "attachmentsCount" : 0,
      "shouldDisplayMessage" : true
    } ],
    "attachments" : [ ],
    "parameters" : [ ],
    "stepsCount" : 2,
    "hasContent" : true,
    "attachmentsCount" : 0,
    "shouldDisplayMessage" : true
  },
  "afterStages" : [ ],
  "labels" : [ {
    "name" : "suite",
    "value" : "test_046_friendTime"
  }, {
    "name" : "subSuite",
    "value" : "Test_friendTime"
  }, {
    "name" : "host",
    "value" : "WINDOWS-49AO44L"
  }, {
    "name" : "thread",
    "value" : "1892-MainThread"
  }, {
    "name" : "framework",
    "value" : "pytest"
  }, {
    "name" : "language",
    "value" : "cpython3"
  }, {
    "name" : "package",
    "value" : "test_046_friendTime"
  }, {
    "name" : "resultFormat",
    "value" : "allure2"
  } ],
  "parameters" : [ ],
  "links" : [ ],
  "hidden" : true,
  "retry" : true,
  "extra" : {
    "categories" : [ ],
    "tags" : [ ]
  },
  "source" : "f006f544b1eea24d.json",
  "parameterValues" : [ ]
}