{
  "uid" : "f51f2bb73f103f73",
  "name" : "test_postDiary",
  "fullName" : "test_031_postDiary.Test_postDiary#test_postDiary",
  "historyId" : "2393a1199737e7f6568d8b37e9f87f79",
  "time" : {
    "start" : 1617278196624,
    "stop" : 1617278254552,
    "duration" : 57928
  },
  "status" : "broken",
  "statusMessage" : "selenium.common.exceptions.TimeoutException: Message:",
  "statusTrace" : "self = <scripts.test_031_postDiary.Test_postDiary object at 0x000001E784A4C040>\n\n    def test_postDiary(self):\n        with allure.step('点击道友圈'):\n            self.page.shouye().click_mainMoreBtn()\n        with allure.step('点击更多按钮'):\n            time.sleep(2)\n            self.page.more().click_smallMore()\n        with allure.step('点击发布/投稿'):\n>           self.page.small_more().click_postDiary()\n\ntest_031_postDiary.py:30: \n_ _ _ _ _ _ _ _ _ _ _ _ _ _ _ _ _ _ _ _ _ _ _ _ _ _ _ _ _ _ _ _ _ _ _ _ _ _ _ _\n..\\Pages\\personal_information\\small_more_page.py:25: in click_postDiary\n    self.click(self.postDiary)\n..\\base\\base_action.py:27: in click\n    self.find_element(feature).click()\n..\\base\\base_action.py:22: in find_element\n    element = WebDriverWait(self.driver, timeout, poll).until(lambda x: x.find_element(feature_by, feature_value))\n_ _ _ _ _ _ _ _ _ _ _ _ _ _ _ _ _ _ _ _ _ _ _ _ _ _ _ _ _ _ _ _ _ _ _ _ _ _ _ _\n\nself = <selenium.webdriver.support.wait.WebDriverWait (session=\"786fc9a4-9600-4f79-81ea-99369fb2d5af\")>\nmethod = <function BaseAction.find_element.<locals>.<lambda> at 0x000001E784A248B0>\nmessage = ''\n\n    def until(self, method, message=''):\n        \"\"\"Calls the method provided with the driver as an argument until the \\\n        return value is not False.\"\"\"\n        screen = None\n        stacktrace = None\n    \n        end_time = time.time() + self._timeout\n        while True:\n            try:\n                value = method(self._driver)\n                if value:\n                    return value\n            except self._ignored_exceptions as exc:\n                screen = getattr(exc, 'screen', None)\n                stacktrace = getattr(exc, 'stacktrace', None)\n            time.sleep(self._poll)\n            if time.time() > end_time:\n                break\n>       raise TimeoutException(message, screen, stacktrace)\nE       selenium.common.exceptions.TimeoutException: Message:\n\nc:\\python38\\lib\\site-packages\\selenium\\webdriver\\support\\wait.py:80: TimeoutException",
  "flaky" : false,
  "newFailed" : false,
  "beforeStages" : [ ],
  "testStage" : {
    "status" : "broken",
    "statusMessage" : "selenium.common.exceptions.TimeoutException: Message:",
    "statusTrace" : "self = <scripts.test_031_postDiary.Test_postDiary object at 0x000001E784A4C040>\n\n    def test_postDiary(self):\n        with allure.step('点击道友圈'):\n            self.page.shouye().click_mainMoreBtn()\n        with allure.step('点击更多按钮'):\n            time.sleep(2)\n            self.page.more().click_smallMore()\n        with allure.step('点击发布/投稿'):\n>           self.page.small_more().click_postDiary()\n\ntest_031_postDiary.py:30: \n_ _ _ _ _ _ _ _ _ _ _ _ _ _ _ _ _ _ _ _ _ _ _ _ _ _ _ _ _ _ _ _ _ _ _ _ _ _ _ _\n..\\Pages\\personal_information\\small_more_page.py:25: in click_postDiary\n    self.click(self.postDiary)\n..\\base\\base_action.py:27: in click\n    self.find_element(feature).click()\n..\\base\\base_action.py:22: in find_element\n    element = WebDriverWait(self.driver, timeout, poll).until(lambda x: x.find_element(feature_by, feature_value))\n_ _ _ _ _ _ _ _ _ _ _ _ _ _ _ _ _ _ _ _ _ _ _ _ _ _ _ _ _ _ _ _ _ _ _ _ _ _ _ _\n\nself = <selenium.webdriver.support.wait.WebDriverWait (session=\"786fc9a4-9600-4f79-81ea-99369fb2d5af\")>\nmethod = <function BaseAction.find_element.<locals>.<lambda> at 0x000001E784A248B0>\nmessage = ''\n\n    def until(self, method, message=''):\n        \"\"\"Calls the method provided with the driver as an argument until the \\\n        return value is not False.\"\"\"\n        screen = None\n        stacktrace = None\n    \n        end_time = time.time() + self._timeout\n        while True:\n            try:\n                value = method(self._driver)\n                if value:\n                    return value\n            except self._ignored_exceptions as exc:\n                screen = getattr(exc, 'screen', None)\n                stacktrace = getattr(exc, 'stacktrace', None)\n            time.sleep(self._poll)\n            if time.time() > end_time:\n                break\n>       raise TimeoutException(message, screen, stacktrace)\nE       selenium.common.exceptions.TimeoutException: Message:\n\nc:\\python38\\lib\\site-packages\\selenium\\webdriver\\support\\wait.py:80: TimeoutException",
    "steps" : [ {
      "name" : "点击道友圈",
      "time" : {
        "start" : 1617278196624,
        "stop" : 1617278199904,
        "duration" : 3280
      },
      "status" : "passed",
      "steps" : [ ],
      "attachments" : [ ],
      "parameters" : [ ],
      "stepsCount" : 0,
      "hasContent" : false,
      "attachmentsCount" : 0,
      "shouldDisplayMessage" : false
    }, {
      "name" : "点击更多按钮",
      "time" : {
        "start" : 1617278199904,
        "stop" : 1617278203226,
        "duration" : 3322
      },
      "status" : "passed",
      "steps" : [ ],
      "attachments" : [ ],
      "parameters" : [ ],
      "stepsCount" : 0,
      "hasContent" : false,
      "attachmentsCount" : 0,
      "shouldDisplayMessage" : false
    }, {
      "name" : "点击发布/投稿",
      "time" : {
        "start" : 1617278203226,
        "stop" : 1617278254500,
        "duration" : 51274
      },
      "status" : "broken",
      "statusMessage" : "selenium.common.exceptions.TimeoutException: Message: \n\n",
      "statusTrace" : "  File \"D:\\Jenkins\\workspace\\Timing\\scripts\\test_031_postDiary.py\", line 30, in test_postDiary\n    self.page.small_more().click_postDiary()\n  File \"D:\\Jenkins\\workspace\\Timing\\Pages\\personal_information\\small_more_page.py\", line 25, in click_postDiary\n    self.click(self.postDiary)\n  File \"D:\\Jenkins\\workspace\\Timing\\base\\base_action.py\", line 27, in click\n    self.find_element(feature).click()\n  File \"D:\\Jenkins\\workspace\\Timing\\base\\base_action.py\", line 22, in find_element\n    element = WebDriverWait(self.driver, timeout, poll).until(lambda x: x.find_element(feature_by, feature_value))\n  File \"c:\\python38\\lib\\site-packages\\selenium\\webdriver\\support\\wait.py\", line 80, in until\n    raise TimeoutException(message, screen, stacktrace)\n",
      "steps" : [ ],
      "attachments" : [ ],
      "parameters" : [ ],
      "stepsCount" : 0,
      "hasContent" : true,
      "attachmentsCount" : 0,
      "shouldDisplayMessage" : true
    } ],
    "attachments" : [ ],
    "parameters" : [ ],
    "stepsCount" : 3,
    "hasContent" : true,
    "attachmentsCount" : 0,
    "shouldDisplayMessage" : true
  },
  "afterStages" : [ ],
  "labels" : [ {
    "name" : "suite",
    "value" : "test_031_postDiary"
  }, {
    "name" : "subSuite",
    "value" : "Test_postDiary"
  }, {
    "name" : "host",
    "value" : "WINDOWS-49AO44L"
  }, {
    "name" : "thread",
    "value" : "5500-MainThread"
  }, {
    "name" : "framework",
    "value" : "pytest"
  }, {
    "name" : "language",
    "value" : "cpython3"
  }, {
    "name" : "package",
    "value" : "test_031_postDiary"
  }, {
    "name" : "resultFormat",
    "value" : "allure2"
  } ],
  "parameters" : [ ],
  "links" : [ ],
  "hidden" : true,
  "retry" : true,
  "extra" : {
    "categories" : [ ],
    "tags" : [ ]
  },
  "source" : "f51f2bb73f103f73.json",
  "parameterValues" : [ ]
}