{"name": "test_recordTeam", "status": "broken", "statusDetails": {"message": "selenium.common.exceptions.TimeoutException: Message:", "trace": "self = <scripts.test_025_createGroup.Test_createGroup object at 0x0000012D9B0B1748>\n\n    @allure.story('创建打卡群')\n    def test_recordTeam(self):\n        with allure.step('进入更多页面'):\n            self.page.more().click_more()\n            time.sleep(5)\n        with allure.step('滑动更多页面至底部'):\n            self.page.more().swipeByMore()\n        with allure.step('点击学习群'):\n            self.page.more().click_group()\n        with allure.step('选择创建打卡群'):\n            self.page.create_group().click_recordTeam()\n            self.page.create_group().click_nextStep()\n>           self.page.create_group().click_choiceGroupPhoto()\n\ntest_025_createGroup.py:45: \n_ _ _ _ _ _ _ _ _ _ _ _ _ _ _ _ _ _ _ _ _ _ _ _ _ _ _ _ _ _ _ _ _ _ _ _ _ _ _ _ _ _ _ _ _ _ _ _ _ _ _ _ _ _ _ _ _ _ _ _\n..\\Pages\\message_interaction\\create_group_page.py:37: in click_choiceGroupPhoto\n    self.click(self.choiceGroupPhoto)\n..\\base\\base_action.py:39: in click\n    self.find_element(feature).click()\n..\\base\\base_action.py:22: in find_element\n    element = WebDriverWait(self.driver, timeout, poll).until(lambda x: x.find_element(feature_by, feature_value))\n_ _ _ _ _ _ _ _ _ _ _ _ _ _ _ _ _ _ _ _ _ _ _ _ _ _ _ _ _ _ _ _ _ _ _ _ _ _ _ _ _ _ _ _ _ _ _ _ _ _ _ _ _ _ _ _ _ _ _ _\n\nself = <selenium.webdriver.support.wait.WebDriverWait (session=\"a29d0ab2-6684-4a15-9f00-634f30b31279\")>\nmethod = <function BaseAction.find_element.<locals>.<lambda> at 0x0000012D9B0EF598>, message = ''\n\n    def until(self, method, message=''):\n        \"\"\"Calls the method provided with the driver as an argument until the \\\n        return value is not False.\"\"\"\n        screen = None\n        stacktrace = None\n    \n        end_time = time.time() + self._timeout\n        while True:\n            try:\n                value = method(self._driver)\n                if value:\n                    return value\n            except self._ignored_exceptions as exc:\n                screen = getattr(exc, 'screen', None)\n                stacktrace = getattr(exc, 'stacktrace', None)\n            time.sleep(self._poll)\n            if time.time() > end_time:\n                break\n>       raise TimeoutException(message, screen, stacktrace)\nE       selenium.common.exceptions.TimeoutException: Message:\n\nd:\\anaconda3\\lib\\site-packages\\selenium\\webdriver\\support\\wait.py:80: TimeoutException"}, "steps": [{"name": "进入更多页面", "status": "passed", "start": 1586420020348, "stop": 1586420040710}, {"name": "滑动更多页面至底部", "status": "passed", "start": 1586420040710, "stop": 1586420041052}, {"name": "点击学习群", "status": "passed", "start": 1586420041052, "stop": 1586420044926}, {"name": "选择创建打卡群", "status": "broken", "statusDetails": {"message": "selenium.common.exceptions.TimeoutException: Message: \n\n", "trace": "  File \"D:\\Timing\\scripts\\test_025_createGroup.py\", line 45, in test_recordTeam\n    self.page.create_group().click_choiceGroupPhoto()\n  File \"D:\\Timing\\Pages\\message_interaction\\create_group_page.py\", line 37, in click_choiceGroupPhoto\n    self.click(self.choiceGroupPhoto)\n  File \"D:\\Timing\\base\\base_action.py\", line 39, in click\n    self.find_element(feature).click()\n  File \"D:\\Timing\\base\\base_action.py\", line 22, in find_element\n    element = WebDriverWait(self.driver, timeout, poll).until(lambda x: x.find_element(feature_by, feature_value))\n  File \"d:\\anaconda3\\lib\\site-packages\\selenium\\webdriver\\support\\wait.py\", line 80, in until\n    raise TimeoutException(message, screen, stacktrace)\n"}, "start": 1586420044926, "stop": 1586420100020}], "start": 1586420020348, "stop": 1586420100020, "uuid": "b6c74b2b-1831-4641-8a73-84c584e91dd1", "historyId": "b7181a194dbe59151f2d1b2cc2816822", "testCaseId": "819e6b6f71c20467b6eff2b8275c9aaa", "fullName": "test_025_createGroup.Test_createGroup#test_recordTeam", "labels": [{"name": "feature", "value": "创建学习群功能"}, {"name": "story", "value": "创建打卡群"}, {"name": "suite", "value": "test_025_createGroup"}, {"name": "subSuite", "value": "Test_createGroup"}, {"name": "host", "value": "PC-201905121411"}, {"name": "thread", "value": "11400-MainThread"}, {"name": "framework", "value": "pytest"}, {"name": "language", "value": "cpython3"}, {"name": "package", "value": "test_025_createGroup"}]}