{"name": "test_normalTiming_exit", "status": "broken", "statusDetails": {"message": "selenium.common.exceptions.TimeoutException: Message:", "trace": "self = <scripts.test_051_normalTiming.Test_normalTiming object at 0x0000012D9B0B18D0>\n\n    @allure.story('学习计不足1min操作')\n    def test_normalTiming_exit(self):\n        with allure.step('进入更多页面'):\n            self.page.more().click_more()\n            time.sleep(5)\n        with allure.step('滑动更多页面至底部'):\n            self.page.more().swipeByMore()\n            time.sleep(2)\n        with allure.step('点击学习计时按钮，设定内容后开始'):\n            self.page.more().click_normalTiming()\n            self.page.timing().input_studyContentBox('This is Timing')\n            self.page.timing().click_studySettingBtn()\n            time.sleep(5)\n            #滑动选择1min\n            e1 = self.driver.find_element_by_xpath(\"//*[@text='01']\")\n            self.action.long_press(e1, None, None, 400).perform()\n            self.page.timing().click_studySettingsuccessBtn()\n            self.page.timing().click_startTimingBtn()\n            time.sleep(5)\n        with allure.step('计时不足1min后关闭计时'):\n            self.page.timing().click_timingEnd()\n>           self.page.timing().click_timingEndConfirmRight()\n\ntest_051_normalTiming.py:69: \n_ _ _ _ _ _ _ _ _ _ _ _ _ _ _ _ _ _ _ _ _ _ _ _ _ _ _ _ _ _ _ _ _ _ _ _ _ _ _ _ _ _ _ _ _ _ _ _ _ _ _ _ _ _ _ _ _ _ _ _\n..\\Pages\\timed_learning\\timing_page.py:84: in click_timingEndConfirmRight\n    self.click(self.timingEndConfirmRight)\n..\\base\\base_action.py:39: in click\n    self.find_element(feature).click()\n..\\base\\base_action.py:22: in find_element\n    element = WebDriverWait(self.driver, timeout, poll).until(lambda x: x.find_element(feature_by, feature_value))\n_ _ _ _ _ _ _ _ _ _ _ _ _ _ _ _ _ _ _ _ _ _ _ _ _ _ _ _ _ _ _ _ _ _ _ _ _ _ _ _ _ _ _ _ _ _ _ _ _ _ _ _ _ _ _ _ _ _ _ _\n\nself = <selenium.webdriver.support.wait.WebDriverWait (session=\"3b44e2ea-6f19-417f-bb3e-82ef37f5cb89\")>\nmethod = <function BaseAction.find_element.<locals>.<lambda> at 0x0000012D9B143488>, message = ''\n\n    def until(self, method, message=''):\n        \"\"\"Calls the method provided with the driver as an argument until the \\\n        return value is not False.\"\"\"\n        screen = None\n        stacktrace = None\n    \n        end_time = time.time() + self._timeout\n        while True:\n            try:\n                value = method(self._driver)\n                if value:\n                    return value\n            except self._ignored_exceptions as exc:\n                screen = getattr(exc, 'screen', None)\n                stacktrace = getattr(exc, 'stacktrace', None)\n            time.sleep(self._poll)\n            if time.time() > end_time:\n                break\n>       raise TimeoutException(message, screen, stacktrace)\nE       selenium.common.exceptions.TimeoutException: Message:\n\nd:\\anaconda3\\lib\\site-packages\\selenium\\webdriver\\support\\wait.py:80: TimeoutException"}, "steps": [{"name": "进入更多页面", "status": "passed", "start": 1586420341315, "stop": 1586420350176}, {"name": "滑动更多页面至底部", "status": "passed", "start": 1586420350176, "stop": 1586420352540}, {"name": "点击学习计时按钮，设定内容后开始", "status": "passed", "start": 1586420352540, "stop": 1586420376077}, {"name": "计时不足1min后关闭计时", "status": "broken", "statusDetails": {"message": "selenium.common.exceptions.TimeoutException: Message: \n\n", "trace": "  File \"D:\\Timing\\scripts\\test_051_normalTiming.py\", line 69, in test_normalTiming_exit\n    self.page.timing().click_timingEndConfirmRight()\n  File \"D:\\Timing\\Pages\\timed_learning\\timing_page.py\", line 84, in click_timingEndConfirmRight\n    self.click(self.timingEndConfirmRight)\n  File \"D:\\Timing\\base\\base_action.py\", line 39, in click\n    self.find_element(feature).click()\n  File \"D:\\Timing\\base\\base_action.py\", line 22, in find_element\n    element = WebDriverWait(self.driver, timeout, poll).until(lambda x: x.find_element(feature_by, feature_value))\n  File \"d:\\anaconda3\\lib\\site-packages\\selenium\\webdriver\\support\\wait.py\", line 80, in until\n    raise TimeoutException(message, screen, stacktrace)\n"}, "start": 1586420376077, "stop": 1586420439089}], "start": 1586420341315, "stop": 1586420439089, "uuid": "f092051e-cc63-4964-a5b7-7733126882d0", "historyId": "a826b9e38c87572a99bc04e486c29295", "testCaseId": "cda25629a2ebbc67c4b1ee2553788b3c", "fullName": "test_051_normalTiming.Test_normalTiming#test_normalTiming_exit", "labels": [{"name": "feature", "value": "计时功能"}, {"name": "story", "value": "学习计不足1min操作"}, {"name": "suite", "value": "test_051_normalTiming"}, {"name": "subSuite", "value": "Test_normalTiming"}, {"name": "host", "value": "PC-201905121411"}, {"name": "thread", "value": "11400-MainThread"}, {"name": "framework", "value": "pytest"}, {"name": "language", "value": "cpython3"}, {"name": "package", "value": "test_051_normalTiming"}]}