{"name": "test_discussTeam", "status": "broken", "statusDetails": {"message": "selenium.common.exceptions.TimeoutException: Message:", "trace": "self = <scripts.test_024_createGroup.Test_createGroup object at 0x000002678F8C20B8>\n\n    @allure.story('创建讨论组')\n    def test_discussTeam(self):\n        with allure.step('进入更多页面'):\n            self.page.more().click_more()\n            time.sleep(5)\n        with allure.step('滑动更多页面至底部'):\n            self.page.more().swipeByMore()\n        with allure.step('点击学习群'):\n            time.sleep(1)\n>           self.page.more().click_group()\n\ntest_024_createGroup.py:25: \n_ _ _ _ _ _ _ _ _ _ _ _ _ _ _ _ _ _ _ _ _ _ _ _ _ _ _ _ _ _ _ _ _ _ _ _ _ _ _ _ _ _ _ _ _ _ _ _ _ _ _ _ _ _ _ _ _ _ _ _\n..\\Pages\\personal_information\\more_page.py:54: in click_group\n    self.click(self.groupBtn)\n..\\base\\base_action.py:39: in click\n    self.find_element(feature).click()\n..\\base\\base_action.py:22: in find_element\n    element = WebDriverWait(self.driver, timeout, poll).until(lambda x: x.find_element(feature_by, feature_value))\n_ _ _ _ _ _ _ _ _ _ _ _ _ _ _ _ _ _ _ _ _ _ _ _ _ _ _ _ _ _ _ _ _ _ _ _ _ _ _ _ _ _ _ _ _ _ _ _ _ _ _ _ _ _ _ _ _ _ _ _\n\nself = <selenium.webdriver.support.wait.WebDriverWait (session=\"6dbc0618-f138-40cd-b316-a7f75c567ac3\")>\nmethod = <function BaseAction.find_element.<locals>.<lambda> at 0x000002678F89B378>, message = ''\n\n    def until(self, method, message=''):\n        \"\"\"Calls the method provided with the driver as an argument until the \\\n        return value is not False.\"\"\"\n        screen = None\n        stacktrace = None\n    \n        end_time = time.time() + self._timeout\n        while True:\n            try:\n                value = method(self._driver)\n                if value:\n                    return value\n            except self._ignored_exceptions as exc:\n                screen = getattr(exc, 'screen', None)\n                stacktrace = getattr(exc, 'stacktrace', None)\n            time.sleep(self._poll)\n            if time.time() > end_time:\n                break\n>       raise TimeoutException(message, screen, stacktrace)\nE       selenium.common.exceptions.TimeoutException: Message:\n\nd:\\anaconda3\\lib\\site-packages\\selenium\\webdriver\\support\\wait.py:80: TimeoutException"}, "steps": [{"name": "进入更多页面", "status": "passed", "start": 1586491287539, "stop": 1586491295501}, {"name": "滑动更多页面至底部", "status": "passed", "start": 1586491295501, "stop": 1586491295814}, {"name": "点击学习群", "status": "broken", "statusDetails": {"message": "selenium.common.exceptions.TimeoutException: Message: \n\n", "trace": "  File \"D:\\Timing\\scripts\\test_024_createGroup.py\", line 25, in test_discussTeam\n    self.page.more().click_group()\n  File \"D:\\Timing\\Pages\\personal_information\\more_page.py\", line 54, in click_group\n    self.click(self.groupBtn)\n  File \"D:\\Timing\\base\\base_action.py\", line 39, in click\n    self.find_element(feature).click()\n  File \"D:\\Timing\\base\\base_action.py\", line 22, in find_element\n    element = WebDriverWait(self.driver, timeout, poll).until(lambda x: x.find_element(feature_by, feature_value))\n  File \"d:\\anaconda3\\lib\\site-packages\\selenium\\webdriver\\support\\wait.py\", line 80, in until\n    raise TimeoutException(message, screen, stacktrace)\n"}, "start": 1586491295814, "stop": 1586491348268}], "start": 1586491287538, "stop": 1586491348268, "uuid": "6ea9e714-074f-4246-928b-4e4898c58f15", "historyId": "c4cdc2cdb79802d3cb94343241d323e3", "testCaseId": "3c45d8414987771c3e92dcb6cb6c9a63", "fullName": "test_024_createGroup.Test_createGroup#test_discussTeam", "labels": [{"name": "story", "value": "创建讨论组"}, {"name": "feature", "value": "创建学习群功能"}, {"name": "suite", "value": "test_024_createGroup"}, {"name": "subSuite", "value": "Test_createGroup"}, {"name": "host", "value": "PC-201905121411"}, {"name": "thread", "value": "10448-MainThread"}, {"name": "framework", "value": "pytest"}, {"name": "language", "value": "cpython3"}, {"name": "package", "value": "test_024_createGroup"}]}