{"name": "test_discussTeam", "status": "broken", "statusDetails": {"message": "selenium.common.exceptions.TimeoutException: Message:", "trace": "self = <scripts.test_024_createGroup.Test_createGroup object at 0x000002243562E320>\n\n    @allure.story('创建讨论组')\n    def test_discussTeam(self):\n        with allure.step('进入发布页面'):\n            self.page.shouye().click_post()\n            time.sleep(5)\n        with allure.step('点击【+】学习群'):\n>           self.page.more().click_createGroup()\n\ntest_024_createGroup.py:22: \n_ _ _ _ _ _ _ _ _ _ _ _ _ _ _ _ _ _ _ _ _ _ _ _ _ _ _ _ _ _ _ _ _ _ _ _ _ _ _ _\n..\\Pages\\personal_information\\more_page.py:60: in click_createGroup\n    self.click(self.createGroup)\n..\\base\\base_action.py:27: in click\n    self.find_element(feature).click()\n..\\base\\base_action.py:22: in find_element\n    element = WebDriverWait(self.driver, timeout, poll).until(lambda x: x.find_element(feature_by, feature_value))\n_ _ _ _ _ _ _ _ _ _ _ _ _ _ _ _ _ _ _ _ _ _ _ _ _ _ _ _ _ _ _ _ _ _ _ _ _ _ _ _\n\nself = <selenium.webdriver.support.wait.WebDriverWait (session=\"301748bf-d652-4007-8f22-e23cc06d5d48\")>\nmethod = <function BaseAction.find_element.<locals>.<lambda> at 0x0000022435651BF8>\nmessage = ''\n\n    def until(self, method, message=''):\n        \"\"\"Calls the method provided with the driver as an argument until the \\\n        return value is not False.\"\"\"\n        screen = None\n        stacktrace = None\n    \n        end_time = time.time() + self._timeout\n        while True:\n            try:\n                value = method(self._driver)\n                if value:\n                    return value\n            except self._ignored_exceptions as exc:\n                screen = getattr(exc, 'screen', None)\n                stacktrace = getattr(exc, 'stacktrace', None)\n            time.sleep(self._poll)\n            if time.time() > end_time:\n                break\n>       raise TimeoutException(message, screen, stacktrace)\nE       selenium.common.exceptions.TimeoutException: Message:\n\nd:\\python\\lib\\site-packages\\selenium\\webdriver\\support\\wait.py:80: TimeoutException"}, "steps": [{"name": "进入发布页面", "status": "passed", "start": 1587260652442, "stop": 1587260661570}, {"name": "点击【+】学习群", "status": "broken", "statusDetails": {"message": "selenium.common.exceptions.TimeoutException: Message: \n\n", "trace": "  File \"D:\\jenkins\\workspace\\Timing\\scripts\\test_024_createGroup.py\", line 22, in test_discussTeam\n    self.page.more().click_createGroup()\n  File \"D:\\jenkins\\workspace\\Timing\\Pages\\personal_information\\more_page.py\", line 60, in click_createGroup\n    self.click(self.createGroup)\n  File \"D:\\jenkins\\workspace\\Timing\\base\\base_action.py\", line 27, in click\n    self.find_element(feature).click()\n  File \"D:\\jenkins\\workspace\\Timing\\base\\base_action.py\", line 22, in find_element\n    element = WebDriverWait(self.driver, timeout, poll).until(lambda x: x.find_element(feature_by, feature_value))\n  File \"d:\\python\\lib\\site-packages\\selenium\\webdriver\\support\\wait.py\", line 80, in until\n    raise TimeoutException(message, screen, stacktrace)\n"}, "start": 1587260661570, "stop": 1587260744001}], "start": 1587260652442, "stop": 1587260744001, "uuid": "cbc566e7-30ff-4e54-807e-706f1b0b1f5e", "historyId": "c4cdc2cdb79802d3cb94343241d323e3", "testCaseId": "3c45d8414987771c3e92dcb6cb6c9a63", "fullName": "test_024_createGroup.Test_createGroup#test_discussTeam", "labels": [{"name": "feature", "value": "创建学习群功能"}, {"name": "story", "value": "创建讨论组"}, {"name": "suite", "value": "test_024_createGroup"}, {"name": "subSuite", "value": "Test_createGroup"}, {"name": "host", "value": "PV-X00232293"}, {"name": "thread", "value": "12936-MainThread"}, {"name": "framework", "value": "pytest"}, {"name": "language", "value": "cpython3"}, {"name": "package", "value": "test_024_createGroup"}]}