{"name": "test_discussTeam", "status": "broken", "statusDetails": {"message": "selenium.common.exceptions.TimeoutException: Message:", "trace": "self = <scripts.test_024_createGroup.Test_createGroup object at 0x00000286E53F0C50>\n\n    @allure.story('创建讨论组')\n    def test_discussTeam(self):\n        with allure.step('进入更多页面'):\n            self.page.more().click_more()\n            time.sleep(5)\n        with allure.step('点击【+】学习群'):\n            self.page.shouye().click_post()\n>           self.page.more().click_createGroup()\n\ntest_024_createGroup.py:23: \n_ _ _ _ _ _ _ _ _ _ _ _ _ _ _ _ _ _ _ _ _ _ _ _ _ _ _ _ _ _ _ _ _ _ _ _ _ _ _ _\n..\\Pages\\personal_information\\more_page.py:60: in click_createGroup\n    self.click(self.createGroup)\n..\\base\\base_action.py:27: in click\n    self.find_element(feature).click()\n..\\base\\base_action.py:22: in find_element\n    element = WebDriverWait(self.driver, timeout, poll).until(lambda x: x.find_element(feature_by, feature_value))\n_ _ _ _ _ _ _ _ _ _ _ _ _ _ _ _ _ _ _ _ _ _ _ _ _ _ _ _ _ _ _ _ _ _ _ _ _ _ _ _\n\nself = <selenium.webdriver.support.wait.WebDriverWait (session=\"bd285025-d277-4f4d-b2be-591a66dfd325\")>\nmethod = <function BaseAction.find_element.<locals>.<lambda> at 0x00000286E539BE18>\nmessage = ''\n\n    def until(self, method, message=''):\n        \"\"\"Calls the method provided with the driver as an argument until the \\\n        return value is not False.\"\"\"\n        screen = None\n        stacktrace = None\n    \n        end_time = time.time() + self._timeout\n        while True:\n            try:\n                value = method(self._driver)\n                if value:\n                    return value\n            except self._ignored_exceptions as exc:\n                screen = getattr(exc, 'screen', None)\n                stacktrace = getattr(exc, 'stacktrace', None)\n            time.sleep(self._poll)\n            if time.time() > end_time:\n                break\n>       raise TimeoutException(message, screen, stacktrace)\nE       selenium.common.exceptions.TimeoutException: Message:\n\nd:\\python\\lib\\site-packages\\selenium\\webdriver\\support\\wait.py:80: TimeoutException"}, "steps": [{"name": "进入更多页面", "status": "passed", "start": 1587053069786, "stop": 1587053081259}, {"name": "点击【+】学习群", "status": "broken", "statusDetails": {"message": "selenium.common.exceptions.TimeoutException: Message: \n\n", "trace": "  File \"D:\\jenkins\\workspace\\Timing\\scripts\\test_024_createGroup.py\", line 23, in test_discussTeam\n    self.page.more().click_createGroup()\n  File \"D:\\jenkins\\workspace\\Timing\\Pages\\personal_information\\more_page.py\", line 60, in click_createGroup\n    self.click(self.createGroup)\n  File \"D:\\jenkins\\workspace\\Timing\\base\\base_action.py\", line 27, in click\n    self.find_element(feature).click()\n  File \"D:\\jenkins\\workspace\\Timing\\base\\base_action.py\", line 22, in find_element\n    element = WebDriverWait(self.driver, timeout, poll).until(lambda x: x.find_element(feature_by, feature_value))\n  File \"d:\\python\\lib\\site-packages\\selenium\\webdriver\\support\\wait.py\", line 80, in until\n    raise TimeoutException(message, screen, stacktrace)\n"}, "start": 1587053081259, "stop": 1587053184740}], "start": 1587053069786, "stop": 1587053184740, "uuid": "85be4b1f-b91a-4434-a672-0cad736d40d7", "historyId": "c4cdc2cdb79802d3cb94343241d323e3", "testCaseId": "3c45d8414987771c3e92dcb6cb6c9a63", "fullName": "test_024_createGroup.Test_createGroup#test_discussTeam", "labels": [{"name": "feature", "value": "创建学习群功能"}, {"name": "story", "value": "创建讨论组"}, {"name": "suite", "value": "test_024_createGroup"}, {"name": "subSuite", "value": "Test_createGroup"}, {"name": "host", "value": "PV-X00232293"}, {"name": "thread", "value": "10744-MainThread"}, {"name": "framework", "value": "pytest"}, {"name": "language", "value": "cpython3"}, {"name": "package", "value": "test_024_createGroup"}]}