{"name": "test_logout", "status": "broken", "statusDetails": {"message": "selenium.common.exceptions.TimeoutException: Message:", "trace": "self = <scripts.test_001_registerAccount.Test_registerAccount object at 0x000001BC9FBF9198>\n\n    def test_logout(self):\n        with allure.step('点击更多按钮'):\n            self.page.more().click_more()\n        with allure.step('点击设置按钮'):\n>           self.page.more().click_setting()\n\ntest_001_registerAccount.py:85: \n_ _ _ _ _ _ _ _ _ _ _ _ _ _ _ _ _ _ _ _ _ _ _ _ _ _ _ _ _ _ _ _ _ _ _ _ _ _ _ _\n..\\Pages\\personal_information\\more_page.py:35: in click_setting\n    self.click(self.settingBtn)\n..\\base\\base_action.py:39: in click\n    self.find_element(feature).click()\n..\\base\\base_action.py:22: in find_element\n    element = WebDriverWait(self.driver, timeout, poll).until(lambda x: x.find_element(feature_by, feature_value))\n_ _ _ _ _ _ _ _ _ _ _ _ _ _ _ _ _ _ _ _ _ _ _ _ _ _ _ _ _ _ _ _ _ _ _ _ _ _ _ _\n\nself = <selenium.webdriver.support.wait.WebDriverWait (session=\"a3ec5cbc-fc4a-4bec-bd7e-265a75904313\")>\nmethod = <function BaseAction.find_element.<locals>.<lambda> at 0x000001BC9FD81C80>\nmessage = ''\n\n    def until(self, method, message=''):\n        \"\"\"Calls the method provided with the driver as an argument until the \\\n        return value is not False.\"\"\"\n        screen = None\n        stacktrace = None\n    \n        end_time = time.time() + self._timeout\n        while True:\n            try:\n                value = method(self._driver)\n                if value:\n                    return value\n            except self._ignored_exceptions as exc:\n                screen = getattr(exc, 'screen', None)\n                stacktrace = getattr(exc, 'stacktrace', None)\n            time.sleep(self._poll)\n            if time.time() > end_time:\n                break\n>       raise TimeoutException(message, screen, stacktrace)\nE       selenium.common.exceptions.TimeoutException: Message:\n\nd:\\python\\lib\\site-packages\\selenium\\webdriver\\support\\wait.py:80: TimeoutException"}, "steps": [{"name": "点击更多按钮", "status": "passed", "start": 1586158116963, "stop": 1586158122875}, {"name": "点击设置按钮", "status": "broken", "statusDetails": {"message": "selenium.common.exceptions.TimeoutException: Message: \n\n", "trace": "  File \"D:\\jenkins\\workspace\\Timing\\scripts\\test_001_registerAccount.py\", line 85, in test_logout\n    self.page.more().click_setting()\n  File \"D:\\jenkins\\workspace\\Timing\\Pages\\personal_information\\more_page.py\", line 35, in click_setting\n    self.click(self.settingBtn)\n  File \"D:\\jenkins\\workspace\\Timing\\base\\base_action.py\", line 39, in click\n    self.find_element(feature).click()\n  File \"D:\\jenkins\\workspace\\Timing\\base\\base_action.py\", line 22, in find_element\n    element = WebDriverWait(self.driver, timeout, poll).until(lambda x: x.find_element(feature_by, feature_value))\n  File \"d:\\python\\lib\\site-packages\\selenium\\webdriver\\support\\wait.py\", line 80, in until\n    raise TimeoutException(message, screen, stacktrace)\n"}, "start": 1586158122875, "stop": 1586158174259}], "start": 1586158116963, "stop": 1586158174259, "uuid": "359702c9-cd57-43aa-ab78-9f49c335aba1", "historyId": "afd790239c990a2f0e6479c27d247442", "testCaseId": "a21231b74c352d5879c5deff8a752985", "fullName": "test_001_registerAccount.Test_registerAccount#test_logout", "labels": [{"name": "suite", "value": "test_001_registerAccount"}, {"name": "subSuite", "value": "Test_registerAccount"}, {"name": "host", "value": "PV-X00232293"}, {"name": "thread", "value": "6744-MainThread"}, {"name": "framework", "value": "pytest"}, {"name": "language", "value": "cpython3"}, {"name": "package", "value": "test_001_registerAccount"}]}