{"name": "test_loginByCaptcha", "status": "broken", "statusDetails": {"message": "selenium.common.exceptions.TimeoutException: Message:", "trace": "self = <scripts.test_002_loginByCaptcha.Test_loginByCaptcha object at 0x000002436BE62EB0>\n\n    def test_loginByCaptcha(self):\n        with allure.step('点击同意服务协议'):\n>           self.page.login().click_agree_login()\n\ntest_002_loginByCaptcha.py:32: \n_ _ _ _ _ _ _ _ _ _ _ _ _ _ _ _ _ _ _ _ _ _ _ _ _ _ _ _ _ _ _ _ _ _ _ _ _ _ _ _\n..\\Pages\\register_login\\login_page.py:57: in click_agree_login\n    self.click(self.agreeLogin)\n..\\base\\base_action.py:27: in click\n    self.find_element(feature).click()\n..\\base\\base_action.py:22: in find_element\n    element = WebDriverWait(self.driver, timeout, poll).until(lambda x: x.find_element(feature_by, feature_value))\n_ _ _ _ _ _ _ _ _ _ _ _ _ _ _ _ _ _ _ _ _ _ _ _ _ _ _ _ _ _ _ _ _ _ _ _ _ _ _ _\n\nself = <selenium.webdriver.support.wait.WebDriverWait (session=\"1c99eedf-8559-43db-b8b0-0377311ab008\")>\nmethod = <function BaseAction.find_element.<locals>.<lambda> at 0x000002436BDBAC10>\nmessage = ''\n\n    def until(self, method, message=''):\n        \"\"\"Calls the method provided with the driver as an argument until the \\\n        return value is not False.\"\"\"\n        screen = None\n        stacktrace = None\n    \n        end_time = time.time() + self._timeout\n        while True:\n            try:\n                value = method(self._driver)\n                if value:\n                    return value\n            except self._ignored_exceptions as exc:\n                screen = getattr(exc, 'screen', None)\n                stacktrace = getattr(exc, 'stacktrace', None)\n            time.sleep(self._poll)\n            if time.time() > end_time:\n                break\n>       raise TimeoutException(message, screen, stacktrace)\nE       selenium.common.exceptions.TimeoutException: Message:\n\nc:\\python38\\lib\\site-packages\\selenium\\webdriver\\support\\wait.py:80: TimeoutException"}, "steps": [{"name": "点击同意服务协议", "status": "broken", "statusDetails": {"message": "selenium.common.exceptions.TimeoutException: Message: \n\n", "trace": "  File \"D:\\Jenkins\\workspace\\Timing\\scripts\\test_002_loginByCaptcha.py\", line 32, in test_loginByCaptcha\n    self.page.login().click_agree_login()\n  File \"D:\\Jenkins\\workspace\\Timing\\Pages\\register_login\\login_page.py\", line 57, in click_agree_login\n    self.click(self.agreeLogin)\n  File \"D:\\Jenkins\\workspace\\Timing\\base\\base_action.py\", line 27, in click\n    self.find_element(feature).click()\n  File \"D:\\Jenkins\\workspace\\Timing\\base\\base_action.py\", line 22, in find_element\n    element = WebDriverWait(self.driver, timeout, poll).until(lambda x: x.find_element(feature_by, feature_value))\n  File \"c:\\python38\\lib\\site-packages\\selenium\\webdriver\\support\\wait.py\", line 80, in until\n    raise TimeoutException(message, screen, stacktrace)\n"}, "start": 1611027964460, "stop": 1611028035546}], "start": 1611027964460, "stop": 1611028035566, "uuid": "74df3194-66f7-4e11-bbb1-2c1034f1e5c9", "historyId": "2c4c0ff60efde21ca19a24ee615ea1aa", "testCaseId": "e24a03efba8a25f124707d326bb396db", "fullName": "test_002_loginByCaptcha.Test_loginByCaptcha#test_loginByCaptcha", "labels": [{"name": "suite", "value": "test_002_loginByCaptcha"}, {"name": "subSuite", "value": "Test_loginByCaptcha"}, {"name": "host", "value": "WINDOWS-49AO44L"}, {"name": "thread", "value": "10444-MainThread"}, {"name": "framework", "value": "pytest"}, {"name": "language", "value": "cpython3"}, {"name": "package", "value": "test_002_loginByCaptcha"}]}