{"name": "test_normalTiming", "status": "broken", "statusDetails": {"message": "selenium.common.exceptions.TimeoutException: Message:", "trace": "self = <scripts.test_051_normalTiming.Test_normalTiming object at 0x000001B825412438>\n\n    @allure.story('学习计时达1min操作')\n    def test_normalTiming(self):\n        with allure.step('进入发布页面'):\n            self.page.shouye().click_post()\n            time.sleep(5)\n        with allure.step('点击学习计时按钮，设定内容后开始'):\n            self.page.more().click_normalTiming()\n            self.page.timing().input_studyContentBox('This is Timing')\n            self.page.timing().click_studySettingBtn()\n            e1 = self.driver.find_element_by_xpath(\"//*[@text='01']\")\n            self.action.long_press(e1, None, None, 400).perform()\n            self.page.timing().click_studySettingsuccessBtn()\n>           self.page.timing().click_startTimingBtn()\n\ntest_051_normalTiming.py:32: \n_ _ _ _ _ _ _ _ _ _ _ _ _ _ _ _ _ _ _ _ _ _ _ _ _ _ _ _ _ _ _ _ _ _ _ _ _ _ _ _\n..\\Pages\\timed_learning\\timing_page.py:74: in click_startTimingBtn\n    self.click(self.startTimingBtn)\n..\\base\\base_action.py:27: in click\n    self.find_element(feature).click()\n..\\base\\base_action.py:22: in find_element\n    element = WebDriverWait(self.driver, timeout, poll).until(lambda x: x.find_element(feature_by, feature_value))\n_ _ _ _ _ _ _ _ _ _ _ _ _ _ _ _ _ _ _ _ _ _ _ _ _ _ _ _ _ _ _ _ _ _ _ _ _ _ _ _\n\nself = <selenium.webdriver.support.wait.WebDriverWait (session=\"c34ce14a-1852-42b8-ab91-ec6c4326c525\")>\nmethod = <function BaseAction.find_element.<locals>.<lambda> at 0x000001B8253EED90>\nmessage = ''\n\n    def until(self, method, message=''):\n        \"\"\"Calls the method provided with the driver as an argument until the \\\n        return value is not False.\"\"\"\n        screen = None\n        stacktrace = None\n    \n        end_time = time.time() + self._timeout\n        while True:\n            try:\n                value = method(self._driver)\n                if value:\n                    return value\n            except self._ignored_exceptions as exc:\n                screen = getattr(exc, 'screen', None)\n                stacktrace = getattr(exc, 'stacktrace', None)\n            time.sleep(self._poll)\n            if time.time() > end_time:\n                break\n>       raise TimeoutException(message, screen, stacktrace)\nE       selenium.common.exceptions.TimeoutException: Message:\n\nd:\\python\\lib\\site-packages\\selenium\\webdriver\\support\\wait.py:80: TimeoutException"}, "steps": [{"name": "进入发布页面", "status": "passed", "start": 1587262881630, "stop": 1587262890327}, {"name": "点击学习计时按钮，设定内容后开始", "status": "broken", "statusDetails": {"message": "selenium.common.exceptions.TimeoutException: Message: \n\n", "trace": "  File \"D:\\jenkins\\workspace\\Timing\\scripts\\test_051_normalTiming.py\", line 32, in test_normalTiming\n    self.page.timing().click_startTimingBtn()\n  File \"D:\\jenkins\\workspace\\Timing\\Pages\\timed_learning\\timing_page.py\", line 74, in click_startTimingBtn\n    self.click(self.startTimingBtn)\n  File \"D:\\jenkins\\workspace\\Timing\\base\\base_action.py\", line 27, in click\n    self.find_element(feature).click()\n  File \"D:\\jenkins\\workspace\\Timing\\base\\base_action.py\", line 22, in find_element\n    element = WebDriverWait(self.driver, timeout, poll).until(lambda x: x.find_element(feature_by, feature_value))\n  File \"d:\\python\\lib\\site-packages\\selenium\\webdriver\\support\\wait.py\", line 80, in until\n    raise TimeoutException(message, screen, stacktrace)\n"}, "start": 1587262890327, "stop": 1587262955480}], "start": 1587262881630, "stop": 1587262955481, "uuid": "05614704-3e7d-4785-91e9-e43eb8d8e9f6", "historyId": "880dbb5f4e08575189de020208490bd1", "testCaseId": "6af922efac04370acebc69112a84c2b6", "fullName": "test_051_normalTiming.Test_normalTiming#test_normalTiming", "labels": [{"name": "feature", "value": "计时功能"}, {"name": "story", "value": "学习计时达1min操作"}, {"name": "suite", "value": "test_051_normalTiming"}, {"name": "subSuite", "value": "Test_normalTiming"}, {"name": "host", "value": "PV-X00232293"}, {"name": "thread", "value": "12928-MainThread"}, {"name": "framework", "value": "pytest"}, {"name": "language", "value": "cpython3"}, {"name": "package", "value": "test_051_normalTiming"}]}