{"name": "test_genderInfo", "status": "broken", "statusDetails": {"message": "selenium.common.exceptions.TimeoutException: Message:", "trace": "self = <scripts.test_041_changePersonalInformation.Test_changePersonalInformation object at 0x000001487E1579B0>\n\n    @allure.story('修改性别信息')\n    def test_genderInfo(self):\n        with allure.step('进入更多页面'):\n>           self.page.more().click_more()\n\ntest_041_changePersonalInformation.py:42: \n_ _ _ _ _ _ _ _ _ _ _ _ _ _ _ _ _ _ _ _ _ _ _ _ _ _ _ _ _ _ _ _ _ _ _ _ _ _ _ _\n..\\Pages\\personal_information\\more_page.py:42: in click_more\n    self.click(self.moreBtn)\n..\\base\\base_action.py:27: in click\n    self.find_element(feature).click()\n..\\base\\base_action.py:22: in find_element\n    element = WebDriverWait(self.driver, timeout, poll).until(lambda x: x.find_element(feature_by, feature_value))\n_ _ _ _ _ _ _ _ _ _ _ _ _ _ _ _ _ _ _ _ _ _ _ _ _ _ _ _ _ _ _ _ _ _ _ _ _ _ _ _\n\nself = <selenium.webdriver.support.wait.WebDriverWait (session=\"5a46753d-e2b0-4cdd-bfd0-2d9165810c3e\")>\nmethod = <function BaseAction.find_element.<locals>.<lambda> at 0x000001487E1F89D8>\nmessage = ''\n\n    def until(self, method, message=''):\n        \"\"\"Calls the method provided with the driver as an argument until the \\\n        return value is not False.\"\"\"\n        screen = None\n        stacktrace = None\n    \n        end_time = time.time() + self._timeout\n        while True:\n            try:\n                value = method(self._driver)\n                if value:\n                    return value\n            except self._ignored_exceptions as exc:\n                screen = getattr(exc, 'screen', None)\n                stacktrace = getattr(exc, 'stacktrace', None)\n            time.sleep(self._poll)\n            if time.time() > end_time:\n                break\n>       raise TimeoutException(message, screen, stacktrace)\nE       selenium.common.exceptions.TimeoutException: Message:\n\nd:\\python\\lib\\site-packages\\selenium\\webdriver\\support\\wait.py:80: TimeoutException"}, "steps": [{"name": "进入更多页面", "status": "broken", "statusDetails": {"message": "selenium.common.exceptions.TimeoutException: Message: \n\n", "trace": "  File \"D:\\jenkins\\workspace\\Timing\\scripts\\test_041_changePersonalInformation.py\", line 42, in test_genderInfo\n    self.page.more().click_more()\n  File \"D:\\jenkins\\workspace\\Timing\\Pages\\personal_information\\more_page.py\", line 42, in click_more\n    self.click(self.moreBtn)\n  File \"D:\\jenkins\\workspace\\Timing\\base\\base_action.py\", line 27, in click\n    self.find_element(feature).click()\n  File \"D:\\jenkins\\workspace\\Timing\\base\\base_action.py\", line 22, in find_element\n    element = WebDriverWait(self.driver, timeout, poll).until(lambda x: x.find_element(feature_by, feature_value))\n  File \"d:\\python\\lib\\site-packages\\selenium\\webdriver\\support\\wait.py\", line 80, in until\n    raise TimeoutException(message, screen, stacktrace)\n"}, "start": 1587038206416, "stop": 1587038257638}], "start": 1587038206416, "stop": 1587038257638, "uuid": "f21e0701-0186-4fbb-acf8-db8a66131cd2", "historyId": "1e8bc1892d8780b08f963d533673da8b", "testCaseId": "f77dcd13d684f48606ee6a492471ec4a", "fullName": "test_041_changePersonalInformation.Test_changePersonalInformation#test_genderInfo", "labels": [{"name": "story", "value": "修改性别信息"}, {"name": "feature", "value": "修改个人资料功能，前提：非认证账号"}, {"name": "suite", "value": "test_041_changePersonalInformation"}, {"name": "subSuite", "value": "Test_changePersonalInformation"}, {"name": "host", "value": "PV-X00232293"}, {"name": "thread", "value": "6172-MainThread"}, {"name": "framework", "value": "pytest"}, {"name": "language", "value": "cpython3"}, {"name": "package", "value": "test_041_changePersonalInformation"}]}