{"name": "test_postDiary", "status": "broken", "statusDetails": {"message": "selenium.common.exceptions.TimeoutException: Message:", "trace": "self = <scripts.test_031_postDiary.Test_postDiary object at 0x00000224356AD0F0>\n\n    def test_postDiary(self):\n        time.sleep(5)\n        with allure.step('进入发布页'):\n            self.page.shouye().click_post()\n        with allure.step('点击发布学习日记'):\n>           self.page.post_content().click_postDiary()\n\ntest_031_postDiary.py:27: \n_ _ _ _ _ _ _ _ _ _ _ _ _ _ _ _ _ _ _ _ _ _ _ _ _ _ _ _ _ _ _ _ _ _ _ _ _ _ _ _\n..\\Pages\\post_content\\post_page.py:28: in click_postDiary\n    self.click(self.postDiaryBtn)\n..\\base\\base_action.py:27: in click\n    self.find_element(feature).click()\n..\\base\\base_action.py:22: in find_element\n    element = WebDriverWait(self.driver, timeout, poll).until(lambda x: x.find_element(feature_by, feature_value))\n_ _ _ _ _ _ _ _ _ _ _ _ _ _ _ _ _ _ _ _ _ _ _ _ _ _ _ _ _ _ _ _ _ _ _ _ _ _ _ _\n\nself = <selenium.webdriver.support.wait.WebDriverWait (session=\"8e4e7d0a-93e5-4b47-8943-41ca4ffd6130\")>\nmethod = <function BaseAction.find_element.<locals>.<lambda> at 0x00000224356686A8>\nmessage = ''\n\n    def until(self, method, message=''):\n        \"\"\"Calls the method provided with the driver as an argument until the \\\n        return value is not False.\"\"\"\n        screen = None\n        stacktrace = None\n    \n        end_time = time.time() + self._timeout\n        while True:\n            try:\n                value = method(self._driver)\n                if value:\n                    return value\n            except self._ignored_exceptions as exc:\n                screen = getattr(exc, 'screen', None)\n                stacktrace = getattr(exc, 'stacktrace', None)\n            time.sleep(self._poll)\n            if time.time() > end_time:\n                break\n>       raise TimeoutException(message, screen, stacktrace)\nE       selenium.common.exceptions.TimeoutException: Message:\n\nd:\\python\\lib\\site-packages\\selenium\\webdriver\\support\\wait.py:80: TimeoutException"}, "steps": [{"name": "进入发布页", "status": "passed", "start": 1587261131190, "stop": 1587261151682}, {"name": "点击发布学习日记", "status": "broken", "statusDetails": {"message": "selenium.common.exceptions.TimeoutException: Message: \n\n", "trace": "  File \"D:\\jenkins\\workspace\\Timing\\scripts\\test_031_postDiary.py\", line 27, in test_postDiary\n    self.page.post_content().click_postDiary()\n  File \"D:\\jenkins\\workspace\\Timing\\Pages\\post_content\\post_page.py\", line 28, in click_postDiary\n    self.click(self.postDiaryBtn)\n  File \"D:\\jenkins\\workspace\\Timing\\base\\base_action.py\", line 27, in click\n    self.find_element(feature).click()\n  File \"D:\\jenkins\\workspace\\Timing\\base\\base_action.py\", line 22, in find_element\n    element = WebDriverWait(self.driver, timeout, poll).until(lambda x: x.find_element(feature_by, feature_value))\n  File \"d:\\python\\lib\\site-packages\\selenium\\webdriver\\support\\wait.py\", line 80, in until\n    raise TimeoutException(message, screen, stacktrace)\n"}, "start": 1587261151682, "stop": 1587261234524}], "start": 1587261126190, "stop": 1587261234524, "uuid": "6d6df308-1fd9-4bc8-b45a-df059dd7e3b7", "historyId": "2393a1199737e7f6568d8b37e9f87f79", "testCaseId": "be31098df88991f552b8e10b986bbcb3", "fullName": "test_031_postDiary.Test_postDiary#test_postDiary", "labels": [{"name": "suite", "value": "test_031_postDiary"}, {"name": "subSuite", "value": "Test_postDiary"}, {"name": "host", "value": "PV-X00232293"}, {"name": "thread", "value": "12936-MainThread"}, {"name": "framework", "value": "pytest"}, {"name": "language", "value": "cpython3"}, {"name": "package", "value": "test_031_postDiary"}]}