{"name": "test_registerAccount", "status": "broken", "statusDetails": {"message": "selenium.common.exceptions.TimeoutException: Message:", "trace": "self = <scripts.test_001_registerAccount.Test_registerAccount object at 0x000001FDDEF17908>\n\n    def test_registerAccount(self):\n        with allure.step('点击手机号登录'):\n            self.page.login().click_phone_login()\n        with allure.step('查询尚未注册的手机号并填入'):\n            ID = \"1\"\n            Phone = phone\n            while len(ID) == 1:\n                Phone = Phone + 1\n                ID = pd.read_sql('SELECT ID FROM t_user where phone=\"' + str(Phone) + '\" ', engine)\n            self.page.login_phone().input_phone(str(Phone))\n        with allure.step('点击获取验证码按钮'):\n            self.page.login_phone().click_getCaptcha()\n            time.sleep(2)\n        with allure.step('从数据库拿验证码'):\n            captcha = pd.read_sql('select captcha FROM t_captcha WHERE phone = \"' + str(Phone) + '\" order by postTime desc',engine)\n            captcha = captcha.iloc[0, 0]\n        with allure.step('输入验证码'):\n            self.page.login_phone_captcha().input_captcha(str(captcha))\n        with allure.step('点击完成，进入学习标签页'):\n            self.page.login_phone_captcha().click_loginBtn()\n        with allure.step('点击选择标签'):\n            time.sleep(2)\n            self.page.register_add_tags().click_labelBtn()\n        with allure.step('点击下一步'):\n            self.page.register_add_tags().click_nextBtn()\n        with allure.step('点击选择头像按钮'):\n            self.page.register_fillInformation().click_selectPhotoBtn()\n        with allure.step('点击图片，进入图片详情页'):\n            self.page.select_photo().click_photoBtn()\n        with allure.step('点击选取按钮，完成图片选择'):\n            self.page.select_photo().click_selectBtn()\n        with allure.step('输入昵称'):\n            self.page.register_fillInformation().input_nickNameBox(str(nickName))\n        with allure.step('选择男性'):\n            self.page.register_fillInformation().click_genderBtn()\n        with allure.step('设置生日'):\n            self.page.register_fillInformation().set_brithday()\n        with allure.step('点击生成按钮'):\n            self.page.register_fillInformation().click_generateBtn()\n            time.sleep(5)\n        with allure.step('新手引导-下一步'):\n            self.page.guide().click_yesBtn()\n        with allure.step('新手引导-了解组团学习'):\n            self.page.guide().click_groupTolearnBtn()\n        with allure.step('新手引导-暂不需要按钮'):\n>           self.page.guide().click_noBtn()\n\ntest_001_registerAccount.py:74: \n_ _ _ _ _ _ _ _ _ _ _ _ _ _ _ _ _ _ _ _ _ _ _ _ _ _ _ _ _ _ _ _ _ _ _ _ _ _ _ _\n..\\Pages\\register_login\\guide_page.py:21: in click_noBtn\n    self.click(self.noBtn)\n..\\base\\base_action.py:27: in click\n    self.find_element(feature).click()\n..\\base\\base_action.py:22: in find_element\n    element = WebDriverWait(self.driver, timeout, poll).until(lambda x: x.find_element(feature_by, feature_value))\n_ _ _ _ _ _ _ _ _ _ _ _ _ _ _ _ _ _ _ _ _ _ _ _ _ _ _ _ _ _ _ _ _ _ _ _ _ _ _ _\n\nself = <selenium.webdriver.support.wait.WebDriverWait (session=\"9266e61b-c770-4ca4-b834-4155b7bb57ac\")>\nmethod = <function BaseAction.find_element.<locals>.<lambda> at 0x000001FDE6F4FD08>\nmessage = ''\n\n    def until(self, method, message=''):\n        \"\"\"Calls the method provided with the driver as an argument until the \\\n        return value is not False.\"\"\"\n        screen = None\n        stacktrace = None\n    \n        end_time = time.time() + self._timeout\n        while True:\n            try:\n                value = method(self._driver)\n                if value:\n                    return value\n            except self._ignored_exceptions as exc:\n                screen = getattr(exc, 'screen', None)\n                stacktrace = getattr(exc, 'stacktrace', None)\n            time.sleep(self._poll)\n            if time.time() > end_time:\n                break\n>       raise TimeoutException(message, screen, stacktrace)\nE       selenium.common.exceptions.TimeoutException: Message:\n\nd:\\python\\lib\\site-packages\\selenium\\webdriver\\support\\wait.py:80: TimeoutException"}, "steps": [{"name": "点击手机号登录", "status": "passed", "start": 1587013814216, "stop": 1587013823119}, {"name": "查询尚未注册的手机号并填入", "status": "passed", "start": 1587013823119, "stop": 1587013828815}, {"name": "点击获取验证码按钮", "status": "passed", "start": 1587013828815, "stop": 1587013831634}, {"name": "从数据库拿验证码", "status": "passed", "start": 1587013831634, "stop": 1587013831729}, {"name": "输入验证码", "status": "passed", "start": 1587013831729, "stop": 1587013836617}, {"name": "点击完成，进入学习标签页", "status": "passed", "start": 1587013836617, "stop": 1587013837289}, {"name": "点击选择标签", "status": "passed", "start": 1587013837289, "stop": 1587013840578}, {"name": "点击下一步", "status": "passed", "start": 1587013840578, "stop": 1587013841801}, {"name": "点击选择头像按钮", "status": "passed", "start": 1587013841801, "stop": 1587013843061}, {"name": "点击图片，进入图片详情页", "status": "passed", "start": 1587013843061, "stop": 1587013844668}, {"name": "点击选取按钮，完成图片选择", "status": "passed", "start": 1587013844668, "stop": 1587013848365}, {"name": "输入昵称", "status": "passed", "start": 1587013848366, "stop": 1587013853375}, {"name": "选择男性", "status": "passed", "start": 1587013853375, "stop": 1587013857057}, {"name": "设置生日", "status": "passed", "start": 1587013857057, "stop": 1587013863183}, {"name": "点击生成按钮", "status": "passed", "start": 1587013863183, "stop": 1587013869678}, {"name": "新手引导-下一步", "status": "passed", "start": 1587013869678, "stop": 1587013872236}, {"name": "新手引导-了解组团学习", "status": "passed", "start": 1587013872236, "stop": 1587013873530}, {"name": "新手引导-暂不需要按钮", "status": "broken", "statusDetails": {"message": "selenium.common.exceptions.TimeoutException: Message: \n\n", "trace": "  File \"D:\\jenkins\\workspace\\Timing\\scripts\\test_001_registerAccount.py\", line 74, in test_registerAccount\n    self.page.guide().click_noBtn()\n  File \"D:\\jenkins\\workspace\\Timing\\Pages\\register_login\\guide_page.py\", line 21, in click_noBtn\n    self.click(self.noBtn)\n  File \"D:\\jenkins\\workspace\\Timing\\base\\base_action.py\", line 27, in click\n    self.find_element(feature).click()\n  File \"D:\\jenkins\\workspace\\Timing\\base\\base_action.py\", line 22, in find_element\n    element = WebDriverWait(self.driver, timeout, poll).until(lambda x: x.find_element(feature_by, feature_value))\n  File \"d:\\python\\lib\\site-packages\\selenium\\webdriver\\support\\wait.py\", line 80, in until\n    raise TimeoutException(message, screen, stacktrace)\n"}, "start": 1587013873530, "stop": 1587013925020}], "start": 1587013814216, "stop": 1587013925021, "uuid": "06d2dddb-d834-4813-81f2-c23aa422bb1a", "historyId": "70208ecb89cae63421bdb3a7ce67b14a", "testCaseId": "99d025376bb24dd8261c1137c8f8bab7", "fullName": "test_001_registerAccount.Test_registerAccount#test_registerAccount", "labels": [{"name": "suite", "value": "test_001_registerAccount"}, {"name": "subSuite", "value": "Test_registerAccount"}, {"name": "host", "value": "PV-X00232293"}, {"name": "thread", "value": "8604-MainThread"}, {"name": "framework", "value": "pytest"}, {"name": "language", "value": "cpython3"}, {"name": "package", "value": "test_001_registerAccount"}]}