{"name": "test_studyTimePause", "status": "broken", "statusDetails": {"message": "selenium.common.exceptions.TimeoutException: Message:", "trace": "self = <scripts.test_041_studyTime.Test_studyTime object at 0x000001C5B2138AF0>\n\n    def test_studyTimePause(self):\n        with allure.step('计时一分钟暂停继续学习时点击结束'):\n            with allure.step('更多页滑动到最底部'):\n                self.page.more().click_more()\n                time.sleep(3)\n                self.page.more().swipeByMore()\n                time.sleep(3)\n            with allure.step('点击开始学习'):\n                self.page.more().click_normalTiming()\n            with allure.step('输入学习内容'):\n                self.page.timing().input_studyContentBox(12345)\n            with allure.step('点击设置按钮'):\n                self.page.timing().click_studySettingBtn()\n            with allure.step('设置学习时长'):\n                time.sleep(3)\n                self.page.more().swipeByTime()\n            with allure.step('点击设置完成按钮'):\n                self.page.timing().click_studySettingsuccessBtn()\n            with allure.step('点击开始学习'):\n                self.page.timing().click_startTimingBtn()\n            with allure.step('暂停学习'):\n                self.page.timing().click_timingPause()\n            with allure.step('点击继续'):\n                self.page.timing().click_timingContinue()\n            with allure.step('判断时间到了结束弹窗'):\n                time.sleep(50)\n                assert self.page.timing().check_timingDialog() == True\n            with allure.step('点击我知道了'):\n                self.page.timing().click_timingDialog()\n            with allure.step('点击再学30分钟'):\n>               self.page.timing().click_timingAgain()\n\ntest_041_studyTime.py:121: \n_ _ _ _ _ _ _ _ _ _ _ _ _ _ _ _ _ _ _ _ _ _ _ _ _ _ _ _ _ _ _ _ _ _ _ _ _ _ _ _\n..\\Pages\\timed_learning\\timing_page.py:142: in click_timingAgain\n    self.click(self.timingAgain)\n..\\base\\base_action.py:27: in click\n    self.find_element(feature).click()\n..\\base\\base_action.py:22: in find_element\n    element = WebDriverWait(self.driver, timeout, poll).until(lambda x: x.find_element(feature_by, feature_value))\n_ _ _ _ _ _ _ _ _ _ _ _ _ _ _ _ _ _ _ _ _ _ _ _ _ _ _ _ _ _ _ _ _ _ _ _ _ _ _ _\n\nself = <selenium.webdriver.support.wait.WebDriverWait (session=\"b22a8ace-5d49-4c95-8fb6-719a8ac1fa4d\")>\nmethod = <function BaseAction.find_element.<locals>.<lambda> at 0x000001C5B2047C10>\nmessage = ''\n\n    def until(self, method, message=''):\n        \"\"\"Calls the method provided with the driver as an argument until the \\\n        return value is not False.\"\"\"\n        screen = None\n        stacktrace = None\n    \n        end_time = time.time() + self._timeout\n        while True:\n            try:\n                value = method(self._driver)\n                if value:\n                    return value\n            except self._ignored_exceptions as exc:\n                screen = getattr(exc, 'screen', None)\n                stacktrace = getattr(exc, 'stacktrace', None)\n            time.sleep(self._poll)\n            if time.time() > end_time:\n                break\n>       raise TimeoutException(message, screen, stacktrace)\nE       selenium.common.exceptions.TimeoutException: Message:\n\nc:\\python38\\lib\\site-packages\\selenium\\webdriver\\support\\wait.py:80: TimeoutException"}, "steps": [{"name": "计时一分钟暂停继续学习时点击结束", "status": "broken", "statusDetails": {"message": "selenium.common.exceptions.TimeoutException: Message: \n\n", "trace": "  File \"D:\\Jenkins\\workspace\\Timing\\scripts\\test_041_studyTime.py\", line 121, in test_studyTimePause\n    self.page.timing().click_timingAgain()\n  File \"D:\\Jenkins\\workspace\\Timing\\Pages\\timed_learning\\timing_page.py\", line 142, in click_timingAgain\n    self.click(self.timingAgain)\n  File \"D:\\Jenkins\\workspace\\Timing\\base\\base_action.py\", line 27, in click\n    self.find_element(feature).click()\n  File \"D:\\Jenkins\\workspace\\Timing\\base\\base_action.py\", line 22, in find_element\n    element = WebDriverWait(self.driver, timeout, poll).until(lambda x: x.find_element(feature_by, feature_value))\n  File \"c:\\python38\\lib\\site-packages\\selenium\\webdriver\\support\\wait.py\", line 80, in until\n    raise TimeoutException(message, screen, stacktrace)\n"}, "steps": [{"name": "更多页滑动到最底部", "status": "passed", "start": 1608888135795, "stop": 1608888154779}, {"name": "点击开始学习", "status": "passed", "start": 1608888154779, "stop": 1608888155221}, {"name": "输入学习内容", "status": "passed", "start": 1608888155221, "stop": 1608888160337}, {"name": "点击设置按钮", "status": "passed", "start": 1608888160338, "stop": 1608888161025}, {"name": "设置学习时长", "status": "passed", "start": 1608888161026, "stop": 1608888164279}, {"name": "点击设置完成按钮", "status": "passed", "start": 1608888164279, "stop": 1608888168089}, {"name": "点击开始学习", "status": "passed", "start": 1608888168090, "stop": 1608888169274}, {"name": "暂停学习", "status": "passed", "start": 1608888169274, "stop": 1608888170743}, {"name": "点击继续", "status": "passed", "start": 1608888170743, "stop": 1608888171728}, {"name": "判断时间到了结束弹窗", "status": "passed", "start": 1608888171728, "stop": 1608888231419}, {"name": "点击我知道了", "status": "passed", "start": 1608888231420, "stop": 1608888234568}, {"name": "点击再学30分钟", "status": "broken", "statusDetails": {"message": "selenium.common.exceptions.TimeoutException: Message: \n\n", "trace": "  File \"D:\\Jenkins\\workspace\\Timing\\scripts\\test_041_studyTime.py\", line 121, in test_studyTimePause\n    self.page.timing().click_timingAgain()\n  File \"D:\\Jenkins\\workspace\\Timing\\Pages\\timed_learning\\timing_page.py\", line 142, in click_timingAgain\n    self.click(self.timingAgain)\n  File \"D:\\Jenkins\\workspace\\Timing\\base\\base_action.py\", line 27, in click\n    self.find_element(feature).click()\n  File \"D:\\Jenkins\\workspace\\Timing\\base\\base_action.py\", line 22, in find_element\n    element = WebDriverWait(self.driver, timeout, poll).until(lambda x: x.find_element(feature_by, feature_value))\n  File \"c:\\python38\\lib\\site-packages\\selenium\\webdriver\\support\\wait.py\", line 80, in until\n    raise TimeoutException(message, screen, stacktrace)\n"}, "start": 1608888234568, "stop": 1608888286848}], "start": 1608888135795, "stop": 1608888286848}], "start": 1608888135795, "stop": 1608888286849, "uuid": "52d8bf0d-8a4b-49a4-acd1-eb725d187985", "historyId": "77aa206cb20008d5e5c6548c80945d2c", "testCaseId": "eac09261004548c7928a5c9317382786", "fullName": "test_041_studyTime.Test_studyTime#test_studyTimePause", "labels": [{"name": "suite", "value": "test_041_studyTime"}, {"name": "subSuite", "value": "Test_studyTime"}, {"name": "host", "value": "WINDOWS-49AO44L"}, {"name": "thread", "value": "10712-MainThread"}, {"name": "framework", "value": "pytest"}, {"name": "language", "value": "cpython3"}, {"name": "package", "value": "test_041_studyTime"}]}