{"name": "test_tomatoTimeLess", "status": "broken", "statusDetails": {"message": "selenium.common.exceptions.TimeoutException: Message:", "trace": "self = <scripts.test_042_tomatoTime.Test_tomatoTime object at 0x00000221BFC3D400>\n\n    def test_tomatoTimeLess(self):\n        with allure.step('进入更多页'):\n            self.page.shouye().click_mainMoreBtn()\n        with allure.step('点击自律工具'):\n            time.sleep(2)\n            self.page.more().click_studyToolBtn()\n        with allure.step('点击普通计时'):\n>           self.page.timing().click_normalTiming()\n\ntest_042_tomatoTime.py:27: \n_ _ _ _ _ _ _ _ _ _ _ _ _ _ _ _ _ _ _ _ _ _ _ _ _ _ _ _ _ _ _ _ _ _ _ _ _ _ _ _\n..\\Pages\\timed_learning\\timing_page.py:84: in click_normalTiming\n    self.click(self.normalTiming)\n..\\base\\base_action.py:27: in click\n    self.find_element(feature).click()\n..\\base\\base_action.py:22: in find_element\n    element = WebDriverWait(self.driver, timeout, poll).until(lambda x: x.find_element(feature_by, feature_value))\n_ _ _ _ _ _ _ _ _ _ _ _ _ _ _ _ _ _ _ _ _ _ _ _ _ _ _ _ _ _ _ _ _ _ _ _ _ _ _ _\n\nself = <selenium.webdriver.support.wait.WebDriverWait (session=\"fc8607f7-1474-4325-b905-6716a12638aa\")>\nmethod = <function BaseAction.find_element.<locals>.<lambda> at 0x00000221BFC438B0>\nmessage = ''\n\n    def until(self, method, message=''):\n        \"\"\"Calls the method provided with the driver as an argument until the \\\n        return value is not False.\"\"\"\n        screen = None\n        stacktrace = None\n    \n        end_time = time.time() + self._timeout\n        while True:\n            try:\n                value = method(self._driver)\n                if value:\n                    return value\n            except self._ignored_exceptions as exc:\n                screen = getattr(exc, 'screen', None)\n                stacktrace = getattr(exc, 'stacktrace', None)\n            time.sleep(self._poll)\n            if time.time() > end_time:\n                break\n>       raise TimeoutException(message, screen, stacktrace)\nE       selenium.common.exceptions.TimeoutException: Message:\n\nc:\\python38\\lib\\site-packages\\selenium\\webdriver\\support\\wait.py:80: TimeoutException"}, "steps": [{"name": "进入更多页", "status": "passed", "start": 1617276016381, "stop": 1617276019670}, {"name": "点击自律工具", "status": "passed", "start": 1617276019670, "stop": 1617276022473}, {"name": "点击普通计时", "status": "broken", "statusDetails": {"message": "selenium.common.exceptions.TimeoutException: Message: \n\n", "trace": "  File \"D:\\Jenkins\\workspace\\Timing\\scripts\\test_042_tomatoTime.py\", line 27, in test_tomatoTimeLess\n    self.page.timing().click_normalTiming()\n  File \"D:\\Jenkins\\workspace\\Timing\\Pages\\timed_learning\\timing_page.py\", line 84, in click_normalTiming\n    self.click(self.normalTiming)\n  File \"D:\\Jenkins\\workspace\\Timing\\base\\base_action.py\", line 27, in click\n    self.find_element(feature).click()\n  File \"D:\\Jenkins\\workspace\\Timing\\base\\base_action.py\", line 22, in find_element\n    element = WebDriverWait(self.driver, timeout, poll).until(lambda x: x.find_element(feature_by, feature_value))\n  File \"c:\\python38\\lib\\site-packages\\selenium\\webdriver\\support\\wait.py\", line 80, in until\n    raise TimeoutException(message, screen, stacktrace)\n"}, "start": 1617276022473, "stop": 1617276074029}], "start": 1617276016380, "stop": 1617276074066, "uuid": "2867a649-b4c2-4d04-a229-7a30b6f9fcba", "historyId": "9244ace3084c4aecd35e28d39488e91c", "testCaseId": "9d6f93257f78425185e3b6548c699edc", "fullName": "test_042_tomatoTime.Test_tomatoTime#test_tomatoTimeLess", "labels": [{"name": "suite", "value": "test_042_tomatoTime"}, {"name": "subSuite", "value": "Test_tomatoTime"}, {"name": "host", "value": "WINDOWS-49AO44L"}, {"name": "thread", "value": "1892-MainThread"}, {"name": "framework", "value": "pytest"}, {"name": "language", "value": "cpython3"}, {"name": "package", "value": "test_042_tomatoTime"}]}