{"name": "test_normalTiming_exit", "status": "broken", "statusDetails": {"message": "selenium.common.exceptions.TimeoutException: Message:", "trace": "self = <scripts.test_051_normalTiming.Test_normalTiming object at 0x0000022404286438>\n\n    @allure.story('学习计不足1min操作')\n    def test_normalTiming_exit(self):\n        with allure.step('进入更多页面'):\n            self.page.more().click_more(More.moreBtn)\n            time.sleep(5)\n        with allure.step('滑动更多页面至底部'):\n            self.page.more().swipeByMy(0.5, 0.9, 0.5, 0.4, 200)\n        with allure.step('点击学习计时按钮，设定内容后开始'):\n            self.page.more().click_more(More.timingBtn)\n>           self.page.timing().input_ContentBox(Timing.studyContentBox, 'This is Timing')\n\ntest_051_normalTiming.py:56: \n_ _ _ _ _ _ _ _ _ _ _ _ _ _ _ _ _ _ _ _ _ _ _ _ _ _ _ _ _ _ _ _ _ _ _ _ _ _ _ _\n..\\Pages\\timed_learning\\timing_page.py:65: in input_ContentBox\n    self.input(target,content)\n..\\base\\base_action.py:43: in input\n    self.find_element(feature).send_keys(content)\n..\\base\\base_action.py:22: in find_element\n    element = WebDriverWait(self.driver, timeout, poll).until(lambda x: x.find_element(feature_by, feature_value))\n_ _ _ _ _ _ _ _ _ _ _ _ _ _ _ _ _ _ _ _ _ _ _ _ _ _ _ _ _ _ _ _ _ _ _ _ _ _ _ _\n\nself = <selenium.webdriver.support.wait.WebDriverWait (session=\"02bb427f-7184-4c38-b829-62f619d40d72\")>\nmethod = <function BaseAction.find_element.<locals>.<lambda> at 0x0000022404242840>\nmessage = ''\n\n    def until(self, method, message=''):\n        \"\"\"Calls the method provided with the driver as an argument until the \\\n        return value is not False.\"\"\"\n        screen = None\n        stacktrace = None\n    \n        end_time = time.time() + self._timeout\n        while True:\n            try:\n                value = method(self._driver)\n                if value:\n                    return value\n            except self._ignored_exceptions as exc:\n                screen = getattr(exc, 'screen', None)\n                stacktrace = getattr(exc, 'stacktrace', None)\n            time.sleep(self._poll)\n            if time.time() > end_time:\n                break\n>       raise TimeoutException(message, screen, stacktrace)\nE       selenium.common.exceptions.TimeoutException: Message:\n\nd:\\python\\lib\\site-packages\\selenium\\webdriver\\support\\wait.py:80: TimeoutException"}, "steps": [{"name": "进入更多页面", "status": "passed", "start": 1586147684241, "stop": 1586147693908}, {"name": "滑动更多页面至底部", "status": "passed", "start": 1586147693908, "stop": 1586147694058}, {"name": "点击学习计时按钮，设定内容后开始", "status": "broken", "statusDetails": {"message": "selenium.common.exceptions.TimeoutException: Message: \n\n", "trace": "  File \"D:\\jenkins\\workspace\\Timing\\scripts\\test_051_normalTiming.py\", line 56, in test_normalTiming_exit\n    self.page.timing().input_ContentBox(Timing.studyContentBox, 'This is Timing')\n  File \"D:\\jenkins\\workspace\\Timing\\Pages\\timed_learning\\timing_page.py\", line 65, in input_ContentBox\n    self.input(target,content)\n  File \"D:\\jenkins\\workspace\\Timing\\base\\base_action.py\", line 43, in input\n    self.find_element(feature).send_keys(content)\n  File \"D:\\jenkins\\workspace\\Timing\\base\\base_action.py\", line 22, in find_element\n    element = WebDriverWait(self.driver, timeout, poll).until(lambda x: x.find_element(feature_by, feature_value))\n  File \"d:\\python\\lib\\site-packages\\selenium\\webdriver\\support\\wait.py\", line 80, in until\n    raise TimeoutException(message, screen, stacktrace)\n"}, "start": 1586147694058, "stop": 1586147748378}], "start": 1586147684241, "stop": 1586147748378, "uuid": "28b856fa-7991-4dd1-8408-d6073a40693b", "historyId": "a826b9e38c87572a99bc04e486c29295", "testCaseId": "cda25629a2ebbc67c4b1ee2553788b3c", "fullName": "test_051_normalTiming.Test_normalTiming#test_normalTiming_exit", "labels": [{"name": "story", "value": "学习计不足1min操作"}, {"name": "feature", "value": "计时功能"}, {"name": "suite", "value": "test_051_normalTiming"}, {"name": "subSuite", "value": "Test_normalTiming"}, {"name": "host", "value": "PV-X00232293"}, {"name": "thread", "value": "7236-MainThread"}, {"name": "framework", "value": "pytest"}, {"name": "language", "value": "cpython3"}, {"name": "package", "value": "test_051_normalTiming"}]}