{"name": "test_logout", "status": "broken", "statusDetails": {"message": "selenium.common.exceptions.TimeoutException: Message:", "trace": "self = <scripts.test_002_loginByCaptcha.Test_loginByCaptcha object at 0x000001B3146DE128>\n\n    def test_logout(self):\n        with allure.step('点击更多按钮'):\n>           self.page.more().click_more()\n\ntest_002_loginByCaptcha.py:47: \n_ _ _ _ _ _ _ _ _ _ _ _ _ _ _ _ _ _ _ _ _ _ _ _ _ _ _ _ _ _ _ _ _ _ _ _ _ _ _ _\n..\\Pages\\personal_information\\more_page.py:42: in click_more\n    self.click(self.moreBtn)\n..\\base\\base_action.py:27: in click\n    self.find_element(feature).click()\n..\\base\\base_action.py:22: in find_element\n    element = WebDriverWait(self.driver, timeout, poll).until(lambda x: x.find_element(feature_by, feature_value))\n_ _ _ _ _ _ _ _ _ _ _ _ _ _ _ _ _ _ _ _ _ _ _ _ _ _ _ _ _ _ _ _ _ _ _ _ _ _ _ _\n\nself = <selenium.webdriver.support.wait.WebDriverWait (session=\"36d0915c-a103-4e66-8a5b-5ac9d175259b\")>\nmethod = <function BaseAction.find_element.<locals>.<lambda> at 0x000001B3146B3620>\nmessage = ''\n\n    def until(self, method, message=''):\n        \"\"\"Calls the method provided with the driver as an argument until the \\\n        return value is not False.\"\"\"\n        screen = None\n        stacktrace = None\n    \n        end_time = time.time() + self._timeout\n        while True:\n            try:\n                value = method(self._driver)\n                if value:\n                    return value\n            except self._ignored_exceptions as exc:\n                screen = getattr(exc, 'screen', None)\n                stacktrace = getattr(exc, 'stacktrace', None)\n            time.sleep(self._poll)\n            if time.time() > end_time:\n                break\n>       raise TimeoutException(message, screen, stacktrace)\nE       selenium.common.exceptions.TimeoutException: Message:\n\nd:\\python\\lib\\site-packages\\selenium\\webdriver\\support\\wait.py:80: TimeoutException"}, "steps": [{"name": "点击更多按钮", "status": "broken", "statusDetails": {"message": "selenium.common.exceptions.TimeoutException: Message: \n\n", "trace": "  File \"D:\\jenkins\\workspace\\Timing\\scripts\\test_002_loginByCaptcha.py\", line 47, in test_logout\n    self.page.more().click_more()\n  File \"D:\\jenkins\\workspace\\Timing\\Pages\\personal_information\\more_page.py\", line 42, in click_more\n    self.click(self.moreBtn)\n  File \"D:\\jenkins\\workspace\\Timing\\base\\base_action.py\", line 27, in click\n    self.find_element(feature).click()\n  File \"D:\\jenkins\\workspace\\Timing\\base\\base_action.py\", line 22, in find_element\n    element = WebDriverWait(self.driver, timeout, poll).until(lambda x: x.find_element(feature_by, feature_value))\n  File \"d:\\python\\lib\\site-packages\\selenium\\webdriver\\support\\wait.py\", line 80, in until\n    raise TimeoutException(message, screen, stacktrace)\n"}, "start": 1587152087829, "stop": 1587152139174}], "start": 1587152087828, "stop": 1587152139174, "uuid": "dce96242-a106-4188-9a74-daa1e20bec36", "historyId": "ac02c59db07adf28737882e4452f7ca5", "testCaseId": "8f3a40e1c946a47343d1aae3a8dcca76", "fullName": "test_002_loginByCaptcha.Test_loginByCaptcha#test_logout", "labels": [{"name": "suite", "value": "test_002_loginByCaptcha"}, {"name": "subSuite", "value": "Test_loginByCaptcha"}, {"name": "host", "value": "PV-X00232293"}, {"name": "thread", "value": "6508-MainThread"}, {"name": "framework", "value": "pytest"}, {"name": "language", "value": "cpython3"}, {"name": "package", "value": "test_002_loginByCaptcha"}]}