{"name": "test_postDiary", "status": "broken", "statusDetails": {"message": "selenium.common.exceptions.TimeoutException: Message:", "trace": "self = <scripts.test_031_postDiary.Test_postDiary object at 0x000001487E2BEC88>\n\n    def test_postDiary(self):\n        time.sleep(5)\n        with allure.step('进入发布页'):\n>           self.page.shouye().click_post()\n\ntest_031_postDiary.py:25: \n_ _ _ _ _ _ _ _ _ _ _ _ _ _ _ _ _ _ _ _ _ _ _ _ _ _ _ _ _ _ _ _ _ _ _ _ _ _ _ _\n..\\Pages\\browse_information\\shouye_page.py:31: in click_post\n    self.click(self.postBtn)\n..\\base\\base_action.py:27: in click\n    self.find_element(feature).click()\n..\\base\\base_action.py:22: in find_element\n    element = WebDriverWait(self.driver, timeout, poll).until(lambda x: x.find_element(feature_by, feature_value))\n_ _ _ _ _ _ _ _ _ _ _ _ _ _ _ _ _ _ _ _ _ _ _ _ _ _ _ _ _ _ _ _ _ _ _ _ _ _ _ _\n\nself = <selenium.webdriver.support.wait.WebDriverWait (session=\"9f4e738d-3a3a-4526-9279-a840eda9e2bd\")>\nmethod = <function BaseAction.find_element.<locals>.<lambda> at 0x000001487E1F8B70>\nmessage = ''\n\n    def until(self, method, message=''):\n        \"\"\"Calls the method provided with the driver as an argument until the \\\n        return value is not False.\"\"\"\n        screen = None\n        stacktrace = None\n    \n        end_time = time.time() + self._timeout\n        while True:\n            try:\n                value = method(self._driver)\n                if value:\n                    return value\n            except self._ignored_exceptions as exc:\n                screen = getattr(exc, 'screen', None)\n                stacktrace = getattr(exc, 'stacktrace', None)\n            time.sleep(self._poll)\n            if time.time() > end_time:\n                break\n>       raise TimeoutException(message, screen, stacktrace)\nE       selenium.common.exceptions.TimeoutException: Message:\n\nd:\\python\\lib\\site-packages\\selenium\\webdriver\\support\\wait.py:80: TimeoutException"}, "steps": [{"name": "进入发布页", "status": "broken", "statusDetails": {"message": "selenium.common.exceptions.TimeoutException: Message: \n\n", "trace": "  File \"D:\\jenkins\\workspace\\Timing\\scripts\\test_031_postDiary.py\", line 25, in test_postDiary\n    self.page.shouye().click_post()\n  File \"D:\\jenkins\\workspace\\Timing\\Pages\\browse_information\\shouye_page.py\", line 31, in click_post\n    self.click(self.postBtn)\n  File \"D:\\jenkins\\workspace\\Timing\\base\\base_action.py\", line 27, in click\n    self.find_element(feature).click()\n  File \"D:\\jenkins\\workspace\\Timing\\base\\base_action.py\", line 22, in find_element\n    element = WebDriverWait(self.driver, timeout, poll).until(lambda x: x.find_element(feature_by, feature_value))\n  File \"d:\\python\\lib\\site-packages\\selenium\\webdriver\\support\\wait.py\", line 80, in until\n    raise TimeoutException(message, screen, stacktrace)\n"}, "start": 1587038036308, "stop": 1587038087607}], "start": 1587038031307, "stop": 1587038087607, "uuid": "d5309f79-e994-432c-b4dc-eaeb36bac75a", "historyId": "2393a1199737e7f6568d8b37e9f87f79", "testCaseId": "be31098df88991f552b8e10b986bbcb3", "fullName": "test_031_postDiary.Test_postDiary#test_postDiary", "labels": [{"name": "suite", "value": "test_031_postDiary"}, {"name": "subSuite", "value": "Test_postDiary"}, {"name": "host", "value": "PV-X00232293"}, {"name": "thread", "value": "6172-MainThread"}, {"name": "framework", "value": "pytest"}, {"name": "language", "value": "cpython3"}, {"name": "package", "value": "test_031_postDiary"}]}