{"name": "test_loginByCaptcha", "status": "broken", "statusDetails": {"message": "selenium.common.exceptions.TimeoutException: Message:", "trace": "self = <scripts.test_002_loginByCaptcha.Test_loginByCaptcha object at 0x000001487E192DA0>\n\n    def test_loginByCaptcha(self):\n        with allure.step('点击手机号登录'):\n>           self.page.login().click_phone_login()\n\ntest_002_loginByCaptcha.py:30: \n_ _ _ _ _ _ _ _ _ _ _ _ _ _ _ _ _ _ _ _ _ _ _ _ _ _ _ _ _ _ _ _ _ _ _ _ _ _ _ _\n..\\Pages\\register_login\\login_page.py:45: in click_phone_login\n    self.click(self.phoneBtn)\n..\\base\\base_action.py:27: in click\n    self.find_element(feature).click()\n..\\base\\base_action.py:22: in find_element\n    element = WebDriverWait(self.driver, timeout, poll).until(lambda x: x.find_element(feature_by, feature_value))\n_ _ _ _ _ _ _ _ _ _ _ _ _ _ _ _ _ _ _ _ _ _ _ _ _ _ _ _ _ _ _ _ _ _ _ _ _ _ _ _\n\nself = <selenium.webdriver.support.wait.WebDriverWait (session=\"fa6631d8-4e20-4bff-a974-0592ab5d17cb\")>\nmethod = <function BaseAction.find_element.<locals>.<lambda> at 0x000001487E1DAEA0>\nmessage = ''\n\n    def until(self, method, message=''):\n        \"\"\"Calls the method provided with the driver as an argument until the \\\n        return value is not False.\"\"\"\n        screen = None\n        stacktrace = None\n    \n        end_time = time.time() + self._timeout\n        while True:\n            try:\n                value = method(self._driver)\n                if value:\n                    return value\n            except self._ignored_exceptions as exc:\n                screen = getattr(exc, 'screen', None)\n                stacktrace = getattr(exc, 'stacktrace', None)\n            time.sleep(self._poll)\n            if time.time() > end_time:\n                break\n>       raise TimeoutException(message, screen, stacktrace)\nE       selenium.common.exceptions.TimeoutException: Message:\n\nd:\\python\\lib\\site-packages\\selenium\\webdriver\\support\\wait.py:80: TimeoutException"}, "steps": [{"name": "点击手机号登录", "status": "broken", "statusDetails": {"message": "selenium.common.exceptions.TimeoutException: Message: \n\n", "trace": "  File \"D:\\jenkins\\workspace\\Timing\\scripts\\test_002_loginByCaptcha.py\", line 30, in test_loginByCaptcha\n    self.page.login().click_phone_login()\n  File \"D:\\jenkins\\workspace\\Timing\\Pages\\register_login\\login_page.py\", line 45, in click_phone_login\n    self.click(self.phoneBtn)\n  File \"D:\\jenkins\\workspace\\Timing\\base\\base_action.py\", line 27, in click\n    self.find_element(feature).click()\n  File \"D:\\jenkins\\workspace\\Timing\\base\\base_action.py\", line 22, in find_element\n    element = WebDriverWait(self.driver, timeout, poll).until(lambda x: x.find_element(feature_by, feature_value))\n  File \"d:\\python\\lib\\site-packages\\selenium\\webdriver\\support\\wait.py\", line 80, in until\n    raise TimeoutException(message, screen, stacktrace)\n"}, "start": 1587037075249, "stop": 1587037126761}], "start": 1587037075249, "stop": 1587037126761, "uuid": "1ec2f40e-9acd-4fac-8938-19f74d881206", "historyId": "2c4c0ff60efde21ca19a24ee615ea1aa", "testCaseId": "e24a03efba8a25f124707d326bb396db", "fullName": "test_002_loginByCaptcha.Test_loginByCaptcha#test_loginByCaptcha", "labels": [{"name": "suite", "value": "test_002_loginByCaptcha"}, {"name": "subSuite", "value": "Test_loginByCaptcha"}, {"name": "host", "value": "PV-X00232293"}, {"name": "thread", "value": "6172-MainThread"}, {"name": "framework", "value": "pytest"}, {"name": "language", "value": "cpython3"}, {"name": "package", "value": "test_002_loginByCaptcha"}]}