{"name": "test_studyTimePause", "status": "broken", "statusDetails": {"message": "selenium.common.exceptions.TimeoutException: Message:", "trace": "self = <scripts.test_041_studyTime.Test_studyTime object at 0x000001DA6487F8B0>\n\n    def test_studyTimePause(self):\n        with allure.step('计时一分钟暂停继续学习时点击结束'):\n            with allure.step('更多页滑动到最底部'):\n                self.page.more().click_more()\n                time.sleep(3)\n                self.page.more().swipeByMore()\n                time.sleep(3)\n            with allure.step('点击开始学习'):\n                self.page.more().click_normalTiming()\n            with allure.step('暂停学习'):\n                time.sleep(2)\n                self.page.timing().click_timingPause()\n            with allure.step('点击继续'):\n                self.page.timing().click_timingContinue()\n            with allure.step('判断时间到了结束弹窗'):\n                time.sleep(50)\n>               assert self.page.timing().check_timingDialog() == True\n\ntest_041_studyTime.py:83: \n_ _ _ _ _ _ _ _ _ _ _ _ _ _ _ _ _ _ _ _ _ _ _ _ _ _ _ _ _ _ _ _ _ _ _ _ _ _ _ _\n..\\Pages\\timed_learning\\timing_page.py:173: in check_timingDialog\n    if self.find_element(self.timingDialog,timeout=2, poll=1) == \"\":\n..\\base\\base_action.py:22: in find_element\n    element = WebDriverWait(self.driver, timeout, poll).until(lambda x: x.find_element(feature_by, feature_value))\n_ _ _ _ _ _ _ _ _ _ _ _ _ _ _ _ _ _ _ _ _ _ _ _ _ _ _ _ _ _ _ _ _ _ _ _ _ _ _ _\n\nself = <selenium.webdriver.support.wait.WebDriverWait (session=\"fe7c8773-e3bf-48b5-8335-4f3f39a5f749\")>\nmethod = <function BaseAction.find_element.<locals>.<lambda> at 0x000001DA6492AF70>\nmessage = ''\n\n    def until(self, method, message=''):\n        \"\"\"Calls the method provided with the driver as an argument until the \\\n        return value is not False.\"\"\"\n        screen = None\n        stacktrace = None\n    \n        end_time = time.time() + self._timeout\n        while True:\n            try:\n                value = method(self._driver)\n                if value:\n                    return value\n            except self._ignored_exceptions as exc:\n                screen = getattr(exc, 'screen', None)\n                stacktrace = getattr(exc, 'stacktrace', None)\n            time.sleep(self._poll)\n            if time.time() > end_time:\n                break\n>       raise TimeoutException(message, screen, stacktrace)\nE       selenium.common.exceptions.TimeoutException: Message:\n\nc:\\python38\\lib\\site-packages\\selenium\\webdriver\\support\\wait.py:80: TimeoutException"}, "steps": [{"name": "计时一分钟暂停继续学习时点击结束", "status": "broken", "statusDetails": {"message": "selenium.common.exceptions.TimeoutException: Message: \n\n", "trace": "  File \"D:\\Jenkins\\workspace\\Timing\\scripts\\test_041_studyTime.py\", line 83, in test_studyTimePause\n    assert self.page.timing().check_timingDialog() == True\n  File \"D:\\Jenkins\\workspace\\Timing\\Pages\\timed_learning\\timing_page.py\", line 173, in check_timingDialog\n    if self.find_element(self.timingDialog,timeout=2, poll=1) == \"\":\n  File \"D:\\Jenkins\\workspace\\Timing\\base\\base_action.py\", line 22, in find_element\n    element = WebDriverWait(self.driver, timeout, poll).until(lambda x: x.find_element(feature_by, feature_value))\n  File \"c:\\python38\\lib\\site-packages\\selenium\\webdriver\\support\\wait.py\", line 80, in until\n    raise TimeoutException(message, screen, stacktrace)\n"}, "steps": [{"name": "更多页滑动到最底部", "status": "passed", "start": 1609248102879, "stop": 1609248112687}, {"name": "点击开始学习", "status": "passed", "start": 1609248112687, "stop": 1609248113407}, {"name": "暂停学习", "status": "passed", "start": 1609248113407, "stop": 1609248116036}, {"name": "点击继续", "status": "passed", "start": 1609248116036, "stop": 1609248117101}, {"name": "判断时间到了结束弹窗", "status": "broken", "statusDetails": {"message": "selenium.common.exceptions.TimeoutException: Message: \n\n", "trace": "  File \"D:\\Jenkins\\workspace\\Timing\\scripts\\test_041_studyTime.py\", line 83, in test_studyTimePause\n    assert self.page.timing().check_timingDialog() == True\n  File \"D:\\Jenkins\\workspace\\Timing\\Pages\\timed_learning\\timing_page.py\", line 173, in check_timingDialog\n    if self.find_element(self.timingDialog,timeout=2, poll=1) == \"\":\n  File \"D:\\Jenkins\\workspace\\Timing\\base\\base_action.py\", line 22, in find_element\n    element = WebDriverWait(self.driver, timeout, poll).until(lambda x: x.find_element(feature_by, feature_value))\n  File \"c:\\python38\\lib\\site-packages\\selenium\\webdriver\\support\\wait.py\", line 80, in until\n    raise TimeoutException(message, screen, stacktrace)\n"}, "start": 1609248117101, "stop": 1609248218487}], "start": 1609248102879, "stop": 1609248218488}], "start": 1609248102879, "stop": 1609248218490, "uuid": "45cbae76-a385-4da3-8100-578b664af03d", "historyId": "77aa206cb20008d5e5c6548c80945d2c", "testCaseId": "eac09261004548c7928a5c9317382786", "fullName": "test_041_studyTime.Test_studyTime#test_studyTimePause", "labels": [{"name": "suite", "value": "test_041_studyTime"}, {"name": "subSuite", "value": "Test_studyTime"}, {"name": "host", "value": "WINDOWS-49AO44L"}, {"name": "thread", "value": "8880-MainThread"}, {"name": "framework", "value": "pytest"}, {"name": "language", "value": "cpython3"}, {"name": "package", "value": "test_041_studyTime"}]}