{"name": "test_deleteDiary", "status": "broken", "statusDetails": {"message": "selenium.common.exceptions.TimeoutException: Message:", "trace": "self = <scripts.test_031_postDiary.Test_postDiary object at 0x00000224D1FC7780>\n\n    def test_deleteDiary(self):\n        time.sleep(5)\n        with allure.step('检测登陆状态'):\n            result = self.page.shouye().check_shouye()\n            if result == True:\n                self.page.follow().click_follow()\n>               self.page.follow().click_deleteDiaryBtn()\n\ntest_031_postDiary.py:58: \n_ _ _ _ _ _ _ _ _ _ _ _ _ _ _ _ _ _ _ _ _ _ _ _ _ _ _ _ _ _ _ _ _ _ _ _ _ _ _ _\n..\\Pages\\browse_information\\follow_page.py:20: in click_deleteDiaryBtn\n    self.click(self.deleteDiaryBtn)\n..\\base\\base_action.py:39: in click\n    self.find_element(feature).click()\n..\\base\\base_action.py:22: in find_element\n    element = WebDriverWait(self.driver, timeout, poll).until(lambda x: x.find_element(feature_by, feature_value))\n_ _ _ _ _ _ _ _ _ _ _ _ _ _ _ _ _ _ _ _ _ _ _ _ _ _ _ _ _ _ _ _ _ _ _ _ _ _ _ _\n\nself = <selenium.webdriver.support.wait.WebDriverWait (session=\"06b2580d-9f21-446b-a9fb-7a4ccb006deb\")>\nmethod = <function BaseAction.find_element.<locals>.<lambda> at 0x00000224D1FC4B70>\nmessage = ''\n\n    def until(self, method, message=''):\n        \"\"\"Calls the method provided with the driver as an argument until the \\\n        return value is not False.\"\"\"\n        screen = None\n        stacktrace = None\n    \n        end_time = time.time() + self._timeout\n        while True:\n            try:\n                value = method(self._driver)\n                if value:\n                    return value\n            except self._ignored_exceptions as exc:\n                screen = getattr(exc, 'screen', None)\n                stacktrace = getattr(exc, 'stacktrace', None)\n            time.sleep(self._poll)\n            if time.time() > end_time:\n                break\n>       raise TimeoutException(message, screen, stacktrace)\nE       selenium.common.exceptions.TimeoutException: Message:\n\nd:\\python\\lib\\site-packages\\selenium\\webdriver\\support\\wait.py:80: TimeoutException"}, "steps": [{"name": "检测登陆状态", "status": "broken", "statusDetails": {"message": "selenium.common.exceptions.TimeoutException: Message: \n\n", "trace": "  File \"D:\\jenkins\\workspace\\Timing\\scripts\\test_031_postDiary.py\", line 58, in test_deleteDiary\n    self.page.follow().click_deleteDiaryBtn()\n  File \"D:\\jenkins\\workspace\\Timing\\Pages\\browse_information\\follow_page.py\", line 20, in click_deleteDiaryBtn\n    self.click(self.deleteDiaryBtn)\n  File \"D:\\jenkins\\workspace\\Timing\\base\\base_action.py\", line 39, in click\n    self.find_element(feature).click()\n  File \"D:\\jenkins\\workspace\\Timing\\base\\base_action.py\", line 22, in find_element\n    element = WebDriverWait(self.driver, timeout, poll).until(lambda x: x.find_element(feature_by, feature_value))\n  File \"d:\\python\\lib\\site-packages\\selenium\\webdriver\\support\\wait.py\", line 80, in until\n    raise TimeoutException(message, screen, stacktrace)\n"}, "start": 1586853708598, "stop": 1586853760867}], "start": 1586853703596, "stop": 1586853760868, "uuid": "99ec878d-5ed3-4aa3-884f-aec776c6e569", "historyId": "12ed4c1cbb70d9a4ea5ed917fc3fc9d3", "testCaseId": "8e9d8d5d5d81d63ed893bfa06189cf0e", "fullName": "test_031_postDiary.Test_postDiary#test_deleteDiary", "labels": [{"name": "suite", "value": "test_031_postDiary"}, {"name": "subSuite", "value": "Test_postDiary"}, {"name": "host", "value": "PV-X00232293"}, {"name": "thread", "value": "14340-MainThread"}, {"name": "framework", "value": "pytest"}, {"name": "language", "value": "cpython3"}, {"name": "package", "value": "test_031_postDiary"}]}