{"name": "test_normalTiming_exit", "status": "broken", "statusDetails": {"message": "selenium.common.exceptions.TimeoutException: Message:", "trace": "self = <scripts.test_051_normalTiming.Test_normalTiming object at 0x000001F1502412E8>\n\n    @allure.story('学习计不足1min操作')\n    def test_normalTiming_exit(self):\n        with allure.step('进入更多页面'):\n            self.page.more().click_more()\n            time.sleep(5)\n        with allure.step('滑动更多页面至底部'):\n            self.page.more().swipeByMore()\n        with allure.step('点击学习计时按钮，设定内容后开始'):\n>           self.page.more().click_timing()\n\ntest_051_normalTiming.py:52: \n_ _ _ _ _ _ _ _ _ _ _ _ _ _ _ _ _ _ _ _ _ _ _ _ _ _ _ _ _ _ _ _ _ _ _ _ _ _ _ _\n..\\Pages\\personal_information\\more_page.py:41: in click_timing\n    self.click(self.timingBtn)\n..\\base\\base_action.py:39: in click\n    self.find_element(feature).click()\n..\\base\\base_action.py:22: in find_element\n    element = WebDriverWait(self.driver, timeout, poll).until(lambda x: x.find_element(feature_by, feature_value))\n_ _ _ _ _ _ _ _ _ _ _ _ _ _ _ _ _ _ _ _ _ _ _ _ _ _ _ _ _ _ _ _ _ _ _ _ _ _ _ _\n\nself = <selenium.webdriver.support.wait.WebDriverWait (session=\"e5cd4053-674d-4dd8-9974-a137d1a280a0\")>\nmethod = <function BaseAction.find_element.<locals>.<lambda> at 0x000001F150243730>\nmessage = ''\n\n    def until(self, method, message=''):\n        \"\"\"Calls the method provided with the driver as an argument until the \\\n        return value is not False.\"\"\"\n        screen = None\n        stacktrace = None\n    \n        end_time = time.time() + self._timeout\n        while True:\n            try:\n                value = method(self._driver)\n                if value:\n                    return value\n            except self._ignored_exceptions as exc:\n                screen = getattr(exc, 'screen', None)\n                stacktrace = getattr(exc, 'stacktrace', None)\n            time.sleep(self._poll)\n            if time.time() > end_time:\n                break\n>       raise TimeoutException(message, screen, stacktrace)\nE       selenium.common.exceptions.TimeoutException: Message:\n\nd:\\python\\lib\\site-packages\\selenium\\webdriver\\support\\wait.py:80: TimeoutException"}, "steps": [{"name": "进入更多页面", "status": "passed", "start": 1586252095168, "stop": 1586252115893}, {"name": "滑动更多页面至底部", "status": "passed", "start": 1586252115893, "stop": 1586252116001}, {"name": "点击学习计时按钮，设定内容后开始", "status": "broken", "statusDetails": {"message": "selenium.common.exceptions.TimeoutException: Message: \n\n", "trace": "  File \"D:\\jenkins\\workspace\\Timing\\scripts\\test_051_normalTiming.py\", line 52, in test_normalTiming_exit\n    self.page.more().click_timing()\n  File \"D:\\jenkins\\workspace\\Timing\\Pages\\personal_information\\more_page.py\", line 41, in click_timing\n    self.click(self.timingBtn)\n  File \"D:\\jenkins\\workspace\\Timing\\base\\base_action.py\", line 39, in click\n    self.find_element(feature).click()\n  File \"D:\\jenkins\\workspace\\Timing\\base\\base_action.py\", line 22, in find_element\n    element = WebDriverWait(self.driver, timeout, poll).until(lambda x: x.find_element(feature_by, feature_value))\n  File \"d:\\python\\lib\\site-packages\\selenium\\webdriver\\support\\wait.py\", line 80, in until\n    raise TimeoutException(message, screen, stacktrace)\n"}, "start": 1586252116001, "stop": 1586252167065}], "start": 1586252095168, "stop": 1586252167065, "uuid": "4776fbd4-9478-4bdb-b754-cb023bfe5fae", "historyId": "a826b9e38c87572a99bc04e486c29295", "testCaseId": "cda25629a2ebbc67c4b1ee2553788b3c", "fullName": "test_051_normalTiming.Test_normalTiming#test_normalTiming_exit", "labels": [{"name": "story", "value": "学习计不足1min操作"}, {"name": "feature", "value": "计时功能"}, {"name": "suite", "value": "test_051_normalTiming"}, {"name": "subSuite", "value": "Test_normalTiming"}, {"name": "host", "value": "PV-X00232293"}, {"name": "thread", "value": "4876-MainThread"}, {"name": "framework", "value": "pytest"}, {"name": "language", "value": "cpython3"}, {"name": "package", "value": "test_051_normalTiming"}]}