{"name": "test_loginByQQ", "status": "broken", "statusDetails": {"message": "selenium.common.exceptions.TimeoutException: Message:", "trace": "self = <scripts.test_003_loginByQQ.Test_loginByQQ object at 0x00000224D1DB87F0>\n\n    def test_loginByQQ(self):\n        with allure.step('点击QQ登录'):\n            self.page.login().click_QQ_login()\n            time.sleep(5)\n        with allure.step('点击qq授权'):\n            self.page.login().click_QQ_agree()\n            time.sleep(5)\n        with allure.step('检查是否跳到首页'):\n            result = self.page.shouye().check_shouye()\n            if result == True:\n                with allure.step('断言:登录成功'):\n                    assert self.page.login().check_target() == True\n            else:\n                with allure.step('用户未绑定手机，用例结束'):\n>                   self.page.banding_phone().click_closeBtn()\n\ntest_003_loginByQQ.py:39: \n_ _ _ _ _ _ _ _ _ _ _ _ _ _ _ _ _ _ _ _ _ _ _ _ _ _ _ _ _ _ _ _ _ _ _ _ _ _ _ _\n..\\Pages\\register_login\\binding_phone_page.py:17: in click_closeBtn\n    self.click(self.closeBtn)\n..\\base\\base_action.py:39: in click\n    self.find_element(feature).click()\n..\\base\\base_action.py:22: in find_element\n    element = WebDriverWait(self.driver, timeout, poll).until(lambda x: x.find_element(feature_by, feature_value))\n_ _ _ _ _ _ _ _ _ _ _ _ _ _ _ _ _ _ _ _ _ _ _ _ _ _ _ _ _ _ _ _ _ _ _ _ _ _ _ _\n\nself = <selenium.webdriver.support.wait.WebDriverWait (session=\"54108e8d-c502-4090-9801-a631f3e352e8\")>\nmethod = <function BaseAction.find_element.<locals>.<lambda> at 0x00000224D1DCBAE8>\nmessage = ''\n\n    def until(self, method, message=''):\n        \"\"\"Calls the method provided with the driver as an argument until the \\\n        return value is not False.\"\"\"\n        screen = None\n        stacktrace = None\n    \n        end_time = time.time() + self._timeout\n        while True:\n            try:\n                value = method(self._driver)\n                if value:\n                    return value\n            except self._ignored_exceptions as exc:\n                screen = getattr(exc, 'screen', None)\n                stacktrace = getattr(exc, 'stacktrace', None)\n            time.sleep(self._poll)\n            if time.time() > end_time:\n                break\n>       raise TimeoutException(message, screen, stacktrace)\nE       selenium.common.exceptions.TimeoutException: Message:\n\nd:\\python\\lib\\site-packages\\selenium\\webdriver\\support\\wait.py:80: TimeoutException"}, "steps": [{"name": "点击QQ登录", "status": "passed", "start": 1586852820168, "stop": 1586852829038}, {"name": "点击qq授权", "status": "passed", "start": 1586852829038, "stop": 1586852834888}, {"name": "检查是否跳到首页", "status": "broken", "statusDetails": {"message": "selenium.common.exceptions.TimeoutException: Message: \n\n", "trace": "  File \"D:\\jenkins\\workspace\\Timing\\scripts\\test_003_loginByQQ.py\", line 39, in test_loginByQQ\n    self.page.banding_phone().click_closeBtn()\n  File \"D:\\jenkins\\workspace\\Timing\\Pages\\register_login\\binding_phone_page.py\", line 17, in click_closeBtn\n    self.click(self.closeBtn)\n  File \"D:\\jenkins\\workspace\\Timing\\base\\base_action.py\", line 39, in click\n    self.find_element(feature).click()\n  File \"D:\\jenkins\\workspace\\Timing\\base\\base_action.py\", line 22, in find_element\n    element = WebDriverWait(self.driver, timeout, poll).until(lambda x: x.find_element(feature_by, feature_value))\n  File \"d:\\python\\lib\\site-packages\\selenium\\webdriver\\support\\wait.py\", line 80, in until\n    raise TimeoutException(message, screen, stacktrace)\n"}, "steps": [{"name": "用户未绑定手机，用例结束", "status": "broken", "statusDetails": {"message": "selenium.common.exceptions.TimeoutException: Message: \n\n", "trace": "  File \"D:\\jenkins\\workspace\\Timing\\scripts\\test_003_loginByQQ.py\", line 39, in test_loginByQQ\n    self.page.banding_phone().click_closeBtn()\n  File \"D:\\jenkins\\workspace\\Timing\\Pages\\register_login\\binding_phone_page.py\", line 17, in click_closeBtn\n    self.click(self.closeBtn)\n  File \"D:\\jenkins\\workspace\\Timing\\base\\base_action.py\", line 39, in click\n    self.find_element(feature).click()\n  File \"D:\\jenkins\\workspace\\Timing\\base\\base_action.py\", line 22, in find_element\n    element = WebDriverWait(self.driver, timeout, poll).until(lambda x: x.find_element(feature_by, feature_value))\n  File \"d:\\python\\lib\\site-packages\\selenium\\webdriver\\support\\wait.py\", line 80, in until\n    raise TimeoutException(message, screen, stacktrace)\n"}, "start": 1586852885918, "stop": 1586852937234}], "start": 1586852834888, "stop": 1586852937235}], "start": 1586852820168, "stop": 1586852937236, "uuid": "57669957-5e3b-4809-b256-e9e3a021a7b3", "historyId": "add77ff9628445763fbdb805500be90f", "testCaseId": "c3b8f0f70b2c736b68e6f5d17c96c08a", "fullName": "test_003_loginByQQ.Test_loginByQQ#test_loginByQQ", "labels": [{"name": "suite", "value": "test_003_loginByQQ"}, {"name": "subSuite", "value": "Test_loginByQQ"}, {"name": "host", "value": "PV-X00232293"}, {"name": "thread", "value": "14340-MainThread"}, {"name": "framework", "value": "pytest"}, {"name": "language", "value": "cpython3"}, {"name": "package", "value": "test_003_loginByQQ"}]}