{"name": "test_logout", "status": "broken", "statusDetails": {"message": "selenium.common.exceptions.TimeoutException: Message:", "trace": "self = <scripts.test_001_registerAccount.Test_registerAccount object at 0x000001B31466B710>\n\n    def test_logout(self):\n        with allure.step('点击更多按钮'):\n>           self.page.more().click_more()\n\ntest_001_registerAccount.py:84: \n_ _ _ _ _ _ _ _ _ _ _ _ _ _ _ _ _ _ _ _ _ _ _ _ _ _ _ _ _ _ _ _ _ _ _ _ _ _ _ _\n..\\Pages\\personal_information\\more_page.py:42: in click_more\n    self.click(self.moreBtn)\n..\\base\\base_action.py:27: in click\n    self.find_element(feature).click()\n..\\base\\base_action.py:22: in find_element\n    element = WebDriverWait(self.driver, timeout, poll).until(lambda x: x.find_element(feature_by, feature_value))\n_ _ _ _ _ _ _ _ _ _ _ _ _ _ _ _ _ _ _ _ _ _ _ _ _ _ _ _ _ _ _ _ _ _ _ _ _ _ _ _\n\nself = <selenium.webdriver.support.wait.WebDriverWait (session=\"95781094-10f9-4a70-be6d-8380c2f6189a\")>\nmethod = <function BaseAction.find_element.<locals>.<lambda> at 0x000001B31469DF28>\nmessage = ''\n\n    def until(self, method, message=''):\n        \"\"\"Calls the method provided with the driver as an argument until the \\\n        return value is not False.\"\"\"\n        screen = None\n        stacktrace = None\n    \n        end_time = time.time() + self._timeout\n        while True:\n            try:\n                value = method(self._driver)\n                if value:\n                    return value\n            except self._ignored_exceptions as exc:\n                screen = getattr(exc, 'screen', None)\n                stacktrace = getattr(exc, 'stacktrace', None)\n            time.sleep(self._poll)\n            if time.time() > end_time:\n                break\n>       raise TimeoutException(message, screen, stacktrace)\nE       selenium.common.exceptions.TimeoutException: Message:\n\nd:\\python\\lib\\site-packages\\selenium\\webdriver\\support\\wait.py:80: TimeoutException"}, "steps": [{"name": "点击更多按钮", "status": "broken", "statusDetails": {"message": "selenium.common.exceptions.TimeoutException: Message: \n\n", "trace": "  File \"D:\\jenkins\\workspace\\Timing\\scripts\\test_001_registerAccount.py\", line 84, in test_logout\n    self.page.more().click_more()\n  File \"D:\\jenkins\\workspace\\Timing\\Pages\\personal_information\\more_page.py\", line 42, in click_more\n    self.click(self.moreBtn)\n  File \"D:\\jenkins\\workspace\\Timing\\base\\base_action.py\", line 27, in click\n    self.find_element(feature).click()\n  File \"D:\\jenkins\\workspace\\Timing\\base\\base_action.py\", line 22, in find_element\n    element = WebDriverWait(self.driver, timeout, poll).until(lambda x: x.find_element(feature_by, feature_value))\n  File \"d:\\python\\lib\\site-packages\\selenium\\webdriver\\support\\wait.py\", line 80, in until\n    raise TimeoutException(message, screen, stacktrace)\n"}, "start": 1587152018213, "stop": 1587152069609}], "start": 1587152018213, "stop": 1587152069609, "uuid": "4af89e92-5bf1-4f0e-b88c-c3f616513c58", "historyId": "afd790239c990a2f0e6479c27d247442", "testCaseId": "a21231b74c352d5879c5deff8a752985", "fullName": "test_001_registerAccount.Test_registerAccount#test_logout", "labels": [{"name": "suite", "value": "test_001_registerAccount"}, {"name": "subSuite", "value": "Test_registerAccount"}, {"name": "host", "value": "PV-X00232293"}, {"name": "thread", "value": "6508-MainThread"}, {"name": "framework", "value": "pytest"}, {"name": "language", "value": "cpython3"}, {"name": "package", "value": "test_001_registerAccount"}]}