{"name": "test_changeNickname", "status": "broken", "statusDetails": {"message": "selenium.common.exceptions.TimeoutException: Message:", "trace": "self = <scripts.test_051_changeNickname.Test_changeNickname object at 0x000001E9D1C3E7C0>\n\n    def test_changeNickname(self):\n        phone = 10000000125\n        for i in range(1,1500):\n            phone = phone + i\n            with allure.step('点击同意服务协议'):\n>               self.page.login().click_agree_login()\n\ntest_051_changeNickname.py:35: \n_ _ _ _ _ _ _ _ _ _ _ _ _ _ _ _ _ _ _ _ _ _ _ _ _ _ _ _ _ _ _ _ _ _ _ _ _ _ _ _\n..\\Pages\\register_login\\login_page.py:57: in click_agree_login\n    self.click(self.agreeLogin)\n..\\base\\base_action.py:27: in click\n    self.find_element(feature).click()\n..\\base\\base_action.py:22: in find_element\n    element = WebDriverWait(self.driver, timeout, poll).until(lambda x: x.find_element(feature_by, feature_value))\n_ _ _ _ _ _ _ _ _ _ _ _ _ _ _ _ _ _ _ _ _ _ _ _ _ _ _ _ _ _ _ _ _ _ _ _ _ _ _ _\n\nself = <selenium.webdriver.support.wait.WebDriverWait (session=\"730d43a4-4cc6-4211-b586-1e46ef1e6bd7\")>\nmethod = <function BaseAction.find_element.<locals>.<lambda> at 0x000001E9D0AFFA60>\nmessage = ''\n\n    def until(self, method, message=''):\n        \"\"\"Calls the method provided with the driver as an argument until the \\\n        return value is not False.\"\"\"\n        screen = None\n        stacktrace = None\n    \n        end_time = time.time() + self._timeout\n        while True:\n            try:\n                value = method(self._driver)\n                if value:\n                    return value\n            except self._ignored_exceptions as exc:\n                screen = getattr(exc, 'screen', None)\n                stacktrace = getattr(exc, 'stacktrace', None)\n            time.sleep(self._poll)\n            if time.time() > end_time:\n                break\n>       raise TimeoutException(message, screen, stacktrace)\nE       selenium.common.exceptions.TimeoutException: Message:\n\nc:\\python38\\lib\\site-packages\\selenium\\webdriver\\support\\wait.py:80: TimeoutException"}, "steps": [{"name": "点击同意服务协议", "status": "broken", "statusDetails": {"message": "selenium.common.exceptions.TimeoutException: Message: \n\n", "trace": "  File \"D:\\Jenkins\\workspace\\Timing\\scripts\\test_051_changeNickname.py\", line 35, in test_changeNickname\n    self.page.login().click_agree_login()\n  File \"D:\\Jenkins\\workspace\\Timing\\Pages\\register_login\\login_page.py\", line 57, in click_agree_login\n    self.click(self.agreeLogin)\n  File \"D:\\Jenkins\\workspace\\Timing\\base\\base_action.py\", line 27, in click\n    self.find_element(feature).click()\n  File \"D:\\Jenkins\\workspace\\Timing\\base\\base_action.py\", line 22, in find_element\n    element = WebDriverWait(self.driver, timeout, poll).until(lambda x: x.find_element(feature_by, feature_value))\n  File \"c:\\python38\\lib\\site-packages\\selenium\\webdriver\\support\\wait.py\", line 80, in until\n    raise TimeoutException(message, screen, stacktrace)\n"}, "start": 1609249637459, "stop": 1609249703009}], "start": 1609249637459, "stop": 1609249703010, "uuid": "a69bd575-556c-40e9-a484-f674f18bd219", "historyId": "45c9c516a04d7cde70c5b646058b38b6", "testCaseId": "8efde3ac8300107ce440c2e7461da79d", "fullName": "test_051_changeNickname.Test_changeNickname#test_changeNickname", "labels": [{"name": "suite", "value": "test_051_changeNickname"}, {"name": "subSuite", "value": "Test_changeNickname"}, {"name": "host", "value": "WINDOWS-49AO44L"}, {"name": "thread", "value": "15408-MainThread"}, {"name": "framework", "value": "pytest"}, {"name": "language", "value": "cpython3"}, {"name": "package", "value": "test_051_changeNickname"}]}